{"total": {"lines":{"total":1001,"covered":704,"skipped":0,"pct":70.32},"statements":{"total":1084,"covered":748,"skipped":0,"pct":69},"functions":{"total":337,"covered":221,"skipped":0,"pct":65.57},"branches":{"total":720,"covered":433,"skipped":0,"pct":60.13},"branchesTrue":{"total":0,"covered":0,"skipped":0,"pct":100}}
,"W:\\Marakana Corp\\Companies\\akount\\Development\\Brand\\aggoogle\\product-plan\\apps\\web\\src\\app\\onboarding\\components\\OnboardingWizard.tsx": {"lines":{"total":54,"covered":29,"skipped":0,"pct":53.7},"functions":{"total":10,"covered":7,"skipped":0,"pct":70},"statements":{"total":63,"covered":31,"skipped":0,"pct":49.2},"branches":{"total":64,"covered":33,"skipped":0,"pct":51.56}}
,"W:\\Marakana Corp\\Companies\\akount\\Development\\Brand\\aggoogle\\product-plan\\apps\\web\\src\\app\\onboarding\\components\\ProgressIndicator.tsx": {"lines":{"total":8,"covered":8,"skipped":0,"pct":100},"functions":{"total":5,"covered":5,"skipped":0,"pct":100},"statements":{"total":9,"covered":9,"skipped":0,"pct":100},"branches":{"total":10,"covered":8,"skipped":0,"pct":80}}
,"W:\\Marakana Corp\\Companies\\akount\\Development\\Brand\\aggoogle\\product-plan\\apps\\web\\src\\app\\onboarding\\components\\steps\\AddressStep.tsx": {"lines":{"total":34,"covered":0,"skipped":0,"pct":0},"functions":{"total":12,"covered":0,"skipped":0,"pct":0},"statements":{"total":40,"covered":0,"skipped":0,"pct":0},"branches":{"total":18,"covered":0,"skipped":0,"pct":0}}
,"W:\\Marakana Corp\\Companies\\akount\\Development\\Brand\\aggoogle\\product-plan\\apps\\web\\src\\app\\onboarding\\components\\steps\\BusinessSetupStep.tsx": {"lines":{"total":28,"covered":2,"skipped":0,"pct":7.14},"functions":{"total":13,"covered":0,"skipped":0,"pct":0},"statements":{"total":29,"covered":2,"skipped":0,"pct":6.89},"branches":{"total":14,"covered":0,"skipped":0,"pct":0}}
,"W:\\Marakana Corp\\Companies\\akount\\Development\\Brand\\aggoogle\\product-plan\\apps\\web\\src\\app\\onboarding\\components\\steps\\CompletionStep.tsx": {"lines":{"total":73,"covered":1,"skipped":0,"pct":1.36},"functions":{"total":11,"covered":0,"skipped":0,"pct":0},"statements":{"total":79,"covered":1,"skipped":0,"pct":1.26},"branches":{"total":77,"covered":0,"skipped":0,"pct":0}}
,"W:\\Marakana Corp\\Companies\\akount\\Development\\Brand\\aggoogle\\product-plan\\apps\\web\\src\\app\\onboarding\\components\\steps\\EmploymentStep.tsx": {"lines":{"total":10,"covered":1,"skipped":0,"pct":10},"functions":{"total":6,"covered":0,"skipped":0,"pct":0},"statements":{"total":12,"covered":1,"skipped":0,"pct":8.33},"branches":{"total":8,"covered":0,"skipped":0,"pct":0}}
,"W:\\Marakana Corp\\Companies\\akount\\Development\\Brand\\aggoogle\\product-plan\\apps\\web\\src\\app\\onboarding\\components\\steps\\IntentStep.tsx": {"lines":{"total":7,"covered":6,"skipped":0,"pct":85.71},"functions":{"total":5,"covered":4,"skipped":0,"pct":80},"statements":{"total":9,"covered":8,"skipped":0,"pct":88.88},"branches":{"total":14,"covered":7,"skipped":0,"pct":50}}
,"W:\\Marakana Corp\\Companies\\akount\\Development\\Brand\\aggoogle\\product-plan\\apps\\web\\src\\app\\onboarding\\components\\steps\\WelcomeStep.tsx": {"lines":{"total":10,"covered":10,"skipped":0,"pct":100},"functions":{"total":6,"covered":6,"skipped":0,"pct":100},"statements":{"total":12,"covered":12,"skipped":0,"pct":100},"branches":{"total":4,"covered":4,"skipped":0,"pct":100}}
,"W:\\Marakana Corp\\Companies\\akount\\Development\\Brand\\aggoogle\\product-plan\\apps\\web\\src\\components\\business\\BillsTable.tsx": {"lines":{"total":30,"covered":28,"skipped":0,"pct":93.33},"functions":{"total":8,"covered":8,"skipped":0,"pct":100},"statements":{"total":30,"covered":28,"skipped":0,"pct":93.33},"branches":{"total":25,"covered":21,"skipped":0,"pct":84}}
,"W:\\Marakana Corp\\Companies\\akount\\Development\\Brand\\aggoogle\\product-plan\\apps\\web\\src\\components\\business\\ClientForm.tsx": {"lines":{"total":41,"covered":37,"skipped":0,"pct":90.24},"functions":{"total":10,"covered":6,"skipped":0,"pct":60},"statements":{"total":44,"covered":40,"skipped":0,"pct":90.9},"branches":{"total":46,"covered":39,"skipped":0,"pct":84.78}}
,"W:\\Marakana Corp\\Companies\\akount\\Development\\Brand\\aggoogle\\product-plan\\apps\\web\\src\\components\\business\\InvoiceForm.tsx": {"lines":{"total":69,"covered":47,"skipped":0,"pct":68.11},"functions":{"total":23,"covered":15,"skipped":0,"pct":65.21},"statements":{"total":89,"covered":62,"skipped":0,"pct":69.66},"branches":{"total":60,"covered":44,"skipped":0,"pct":73.33}}
,"W:\\Marakana Corp\\Companies\\akount\\Development\\Brand\\aggoogle\\product-plan\\apps\\web\\src\\components\\business\\InvoiceTable.tsx": {"lines":{"total":45,"covered":29,"skipped":0,"pct":64.44},"functions":{"total":12,"covered":9,"skipped":0,"pct":75},"statements":{"total":45,"covered":29,"skipped":0,"pct":64.44},"branches":{"total":36,"covered":23,"skipped":0,"pct":63.88}}
,"W:\\Marakana Corp\\Companies\\akount\\Development\\Brand\\aggoogle\\product-plan\\apps\\web\\src\\components\\business\\PaymentTable.tsx": {"lines":{"total":59,"covered":44,"skipped":0,"pct":74.57},"functions":{"total":18,"covered":12,"skipped":0,"pct":66.66},"statements":{"total":63,"covered":47,"skipped":0,"pct":74.6},"branches":{"total":65,"covered":41,"skipped":0,"pct":63.07}}
,"W:\\Marakana Corp\\Companies\\akount\\Development\\Brand\\aggoogle\\product-plan\\apps\\web\\src\\components\\business\\VendorForm.tsx": {"lines":{"total":41,"covered":37,"skipped":0,"pct":90.24},"functions":{"total":10,"covered":6,"skipped":0,"pct":60},"statements":{"total":44,"covered":40,"skipped":0,"pct":90.9},"branches":{"total":46,"covered":39,"skipped":0,"pct":84.78}}
,"W:\\Marakana Corp\\Companies\\akount\\Development\\Brand\\aggoogle\\product-plan\\apps\\web\\src\\components\\dashboard\\CircularProgress.tsx": {"lines":{"total":6,"covered":6,"skipped":0,"pct":100},"functions":{"total":1,"covered":1,"skipped":0,"pct":100},"statements":{"total":6,"covered":6,"skipped":0,"pct":100},"branches":{"total":5,"covered":5,"skipped":0,"pct":100}}
,"W:\\Marakana Corp\\Companies\\akount\\Development\\Brand\\aggoogle\\product-plan\\apps\\web\\src\\components\\dashboard\\DashboardMetrics.tsx": {"lines":{"total":4,"covered":4,"skipped":0,"pct":100},"functions":{"total":1,"covered":1,"skipped":0,"pct":100},"statements":{"total":4,"covered":4,"skipped":0,"pct":100},"branches":{"total":3,"covered":2,"skipped":0,"pct":66.66}}
,"W:\\Marakana Corp\\Companies\\akount\\Development\\Brand\\aggoogle\\product-plan\\apps\\web\\src\\components\\dashboard\\EntityAccountCards.tsx": {"lines":{"total":12,"covered":12,"skipped":0,"pct":100},"functions":{"total":2,"covered":2,"skipped":0,"pct":100},"statements":{"total":12,"covered":12,"skipped":0,"pct":100},"branches":{"total":6,"covered":5,"skipped":0,"pct":83.33}}
,"W:\\Marakana Corp\\Companies\\akount\\Development\\Brand\\aggoogle\\product-plan\\apps\\web\\src\\components\\dashboard\\MiniSparkline.tsx": {"lines":{"total":14,"covered":14,"skipped":0,"pct":100},"functions":{"total":2,"covered":2,"skipped":0,"pct":100},"statements":{"total":15,"covered":14,"skipped":0,"pct":93.33},"branches":{"total":7,"covered":5,"skipped":0,"pct":71.42}}
,"W:\\Marakana Corp\\Companies\\akount\\Development\\Brand\\aggoogle\\product-plan\\apps\\web\\src\\components\\dashboard\\ProfitLossSummaryWidget.tsx": {"lines":{"total":26,"covered":26,"skipped":0,"pct":100},"functions":{"total":5,"covered":5,"skipped":0,"pct":100},"statements":{"total":26,"covered":26,"skipped":0,"pct":100},"branches":{"total":15,"covered":15,"skipped":0,"pct":100}}
,"W:\\Marakana Corp\\Companies\\akount\\Development\\Brand\\aggoogle\\product-plan\\apps\\web\\src\\components\\dashboard\\QuickActionPills.tsx": {"lines":{"total":3,"covered":3,"skipped":0,"pct":100},"functions":{"total":2,"covered":2,"skipped":0,"pct":100},"statements":{"total":3,"covered":3,"skipped":0,"pct":100},"branches":{"total":0,"covered":0,"skipped":0,"pct":100}}
,"W:\\Marakana Corp\\Companies\\akount\\Development\\Brand\\aggoogle\\product-plan\\apps\\web\\src\\components\\dashboard\\QuickStats.tsx": {"lines":{"total":2,"covered":2,"skipped":0,"pct":100},"functions":{"total":2,"covered":2,"skipped":0,"pct":100},"statements":{"total":2,"covered":2,"skipped":0,"pct":100},"branches":{"total":4,"covered":4,"skipped":0,"pct":100}}
,"W:\\Marakana Corp\\Companies\\akount\\Development\\Brand\\aggoogle\\product-plan\\apps\\web\\src\\components\\dashboard\\StatCard.tsx": {"lines":{"total":24,"covered":24,"skipped":0,"pct":100},"functions":{"total":6,"covered":6,"skipped":0,"pct":100},"statements":{"total":24,"covered":24,"skipped":0,"pct":100},"branches":{"total":27,"covered":27,"skipped":0,"pct":100}}
,"W:\\Marakana Corp\\Companies\\akount\\Development\\Brand\\aggoogle\\product-plan\\apps\\web\\src\\components\\dashboard\\TopRevenueClientsWidget.tsx": {"lines":{"total":22,"covered":22,"skipped":0,"pct":100},"functions":{"total":6,"covered":6,"skipped":0,"pct":100},"statements":{"total":22,"covered":22,"skipped":0,"pct":100},"branches":{"total":12,"covered":11,"skipped":0,"pct":91.66}}
,"W:\\Marakana Corp\\Companies\\akount\\Development\\Brand\\aggoogle\\product-plan\\apps\\web\\src\\components\\dashboard\\TrialBalanceStatusWidget.tsx": {"lines":{"total":22,"covered":22,"skipped":0,"pct":100},"functions":{"total":5,"covered":5,"skipped":0,"pct":100},"statements":{"total":22,"covered":22,"skipped":0,"pct":100},"branches":{"total":23,"covered":22,"skipped":0,"pct":95.65}}
,"W:\\Marakana Corp\\Companies\\akount\\Development\\Brand\\aggoogle\\product-plan\\apps\\web\\src\\components\\layout\\SidebarProgressIndicator.tsx": {"lines":{"total":11,"covered":10,"skipped":0,"pct":90.9},"functions":{"total":3,"covered":2,"skipped":0,"pct":66.66},"statements":{"total":11,"covered":10,"skipped":0,"pct":90.9},"branches":{"total":6,"covered":5,"skipped":0,"pct":83.33}}
,"W:\\Marakana Corp\\Companies\\akount\\Development\\Brand\\aggoogle\\product-plan\\apps\\web\\src\\components\\shared\\ContentPanel.tsx": {"lines":{"total":1,"covered":1,"skipped":0,"pct":100},"functions":{"total":1,"covered":1,"skipped":0,"pct":100},"statements":{"total":1,"covered":1,"skipped":0,"pct":100},"branches":{"total":0,"covered":0,"skipped":0,"pct":100}}
,"W:\\Marakana Corp\\Companies\\akount\\Development\\Brand\\aggoogle\\product-plan\\apps\\web\\src\\components\\shared\\DomainTabs.tsx": {"lines":{"total":6,"covered":6,"skipped":0,"pct":100},"functions":{"total":2,"covered":2,"skipped":0,"pct":100},"statements":{"total":7,"covered":7,"skipped":0,"pct":100},"branches":{"total":11,"covered":10,"skipped":0,"pct":90.9}}
,"W:\\Marakana Corp\\Companies\\akount\\Development\\Brand\\aggoogle\\product-plan\\apps\\web\\src\\components\\shared\\PageHeader.tsx": {"lines":{"total":3,"covered":3,"skipped":0,"pct":100},"functions":{"total":2,"covered":2,"skipped":0,"pct":100},"statements":{"total":3,"covered":3,"skipped":0,"pct":100},"branches":{"total":15,"covered":14,"skipped":0,"pct":93.33}}
,"W:\\Marakana Corp\\Companies\\akount\\Development\\Brand\\aggoogle\\product-plan\\apps\\web\\src\\components\\ui\\alert-dialog.tsx": {"lines":{"total":27,"covered":27,"skipped":0,"pct":100},"functions":{"total":8,"covered":8,"skipped":0,"pct":100},"statements":{"total":27,"covered":27,"skipped":0,"pct":100},"branches":{"total":0,"covered":0,"skipped":0,"pct":100}}
,"W:\\Marakana Corp\\Companies\\akount\\Development\\Brand\\aggoogle\\product-plan\\apps\\web\\src\\components\\ui\\badge.tsx": {"lines":{"total":2,"covered":2,"skipped":0,"pct":100},"functions":{"total":1,"covered":1,"skipped":0,"pct":100},"statements":{"total":2,"covered":2,"skipped":0,"pct":100},"branches":{"total":0,"covered":0,"skipped":0,"pct":100}}
,"W:\\Marakana Corp\\Companies\\akount\\Development\\Brand\\aggoogle\\product-plan\\apps\\web\\src\\components\\ui\\breadcrumb.tsx": {"lines":{"total":5,"covered":5,"skipped":0,"pct":100},"functions":{"total":5,"covered":5,"skipped":0,"pct":100},"statements":{"total":5,"covered":5,"skipped":0,"pct":100},"branches":{"total":0,"covered":0,"skipped":0,"pct":100}}
,"W:\\Marakana Corp\\Companies\\akount\\Development\\Brand\\aggoogle\\product-plan\\apps\\web\\src\\components\\ui\\button.tsx": {"lines":{"total":5,"covered":5,"skipped":0,"pct":100},"functions":{"total":1,"covered":1,"skipped":0,"pct":100},"statements":{"total":5,"covered":5,"skipped":0,"pct":100},"branches":{"total":3,"covered":2,"skipped":0,"pct":66.66}}
,"W:\\Marakana Corp\\Companies\\akount\\Development\\Brand\\aggoogle\\product-plan\\apps\\web\\src\\components\\ui\\card.tsx": {"lines":{"total":19,"covered":17,"skipped":0,"pct":89.47},"functions":{"total":6,"covered":4,"skipped":0,"pct":66.66},"statements":{"total":19,"covered":17,"skipped":0,"pct":89.47},"branches":{"total":0,"covered":0,"skipped":0,"pct":100}}
,"W:\\Marakana Corp\\Companies\\akount\\Development\\Brand\\aggoogle\\product-plan\\apps\\web\\src\\components\\ui\\checkbox.tsx": {"lines":{"total":3,"covered":3,"skipped":0,"pct":100},"functions":{"total":1,"covered":1,"skipped":0,"pct":100},"statements":{"total":3,"covered":3,"skipped":0,"pct":100},"branches":{"total":0,"covered":0,"skipped":0,"pct":100}}
,"W:\\Marakana Corp\\Companies\\akount\\Development\\Brand\\aggoogle\\product-plan\\apps\\web\\src\\components\\ui\\country-select.tsx": {"lines":{"total":35,"covered":0,"skipped":0,"pct":0},"functions":{"total":17,"covered":0,"skipped":0,"pct":0},"statements":{"total":42,"covered":0,"skipped":0,"pct":0},"branches":{"total":35,"covered":0,"skipped":0,"pct":0}}
,"W:\\Marakana Corp\\Companies\\akount\\Development\\Brand\\aggoogle\\product-plan\\apps\\web\\src\\components\\ui\\glow-card.tsx": {"lines":{"total":19,"covered":19,"skipped":0,"pct":100},"functions":{"total":5,"covered":5,"skipped":0,"pct":100},"statements":{"total":20,"covered":20,"skipped":0,"pct":100},"branches":{"total":2,"covered":1,"skipped":0,"pct":50}}
,"W:\\Marakana Corp\\Companies\\akount\\Development\\Brand\\aggoogle\\product-plan\\apps\\web\\src\\components\\ui\\input.tsx": {"lines":{"total":3,"covered":3,"skipped":0,"pct":100},"functions":{"total":1,"covered":1,"skipped":0,"pct":100},"statements":{"total":3,"covered":3,"skipped":0,"pct":100},"branches":{"total":0,"covered":0,"skipped":0,"pct":100}}
,"W:\\Marakana Corp\\Companies\\akount\\Development\\Brand\\aggoogle\\product-plan\\apps\\web\\src\\components\\ui\\label.tsx": {"lines":{"total":4,"covered":4,"skipped":0,"pct":100},"functions":{"total":1,"covered":1,"skipped":0,"pct":100},"statements":{"total":4,"covered":4,"skipped":0,"pct":100},"branches":{"total":0,"covered":0,"skipped":0,"pct":100}}
,"W:\\Marakana Corp\\Companies\\akount\\Development\\Brand\\aggoogle\\product-plan\\apps\\web\\src\\components\\ui\\scroll-area.tsx": {"lines":{"total":6,"covered":4,"skipped":0,"pct":66.66},"functions":{"total":2,"covered":0,"skipped":0,"pct":0},"statements":{"total":6,"covered":4,"skipped":0,"pct":66.66},"branches":{"total":5,"covered":0,"skipped":0,"pct":0}}
,"W:\\Marakana Corp\\Companies\\akount\\Development\\Brand\\aggoogle\\product-plan\\apps\\web\\src\\components\\ui\\select.tsx": {"lines":{"total":24,"covered":22,"skipped":0,"pct":91.66},"functions":{"total":7,"covered":5,"skipped":0,"pct":71.42},"statements":{"total":24,"covered":22,"skipped":0,"pct":91.66},"branches":{"total":5,"covered":5,"skipped":0,"pct":100}}
,"W:\\Marakana Corp\\Companies\\akount\\Development\\Brand\\aggoogle\\product-plan\\apps\\web\\src\\components\\ui\\separator.tsx": {"lines":{"total":3,"covered":3,"skipped":0,"pct":100},"functions":{"total":1,"covered":1,"skipped":0,"pct":100},"statements":{"total":3,"covered":3,"skipped":0,"pct":100},"branches":{"total":4,"covered":3,"skipped":0,"pct":75}}
,"W:\\Marakana Corp\\Companies\\akount\\Development\\Brand\\aggoogle\\product-plan\\apps\\web\\src\\components\\ui\\sheet.tsx": {"lines":{"total":23,"covered":22,"skipped":0,"pct":95.65},"functions":{"total":6,"covered":5,"skipped":0,"pct":83.33},"statements":{"total":23,"covered":22,"skipped":0,"pct":95.65},"branches":{"total":1,"covered":1,"skipped":0,"pct":100}}
,"W:\\Marakana Corp\\Companies\\akount\\Development\\Brand\\aggoogle\\product-plan\\apps\\web\\src\\components\\ui\\table.tsx": {"lines":{"total":25,"covered":23,"skipped":0,"pct":92},"functions":{"total":8,"covered":6,"skipped":0,"pct":75},"statements":{"total":25,"covered":23,"skipped":0,"pct":92},"branches":{"total":1,"covered":1,"skipped":0,"pct":100}}
,"W:\\Marakana Corp\\Companies\\akount\\Development\\Brand\\aggoogle\\product-plan\\apps\\web\\src\\components\\ui\\textarea.tsx": {"lines":{"total":3,"covered":3,"skipped":0,"pct":100},"functions":{"total":1,"covered":1,"skipped":0,"pct":100},"statements":{"total":3,"covered":3,"skipped":0,"pct":100},"branches":{"total":0,"covered":0,"skipped":0,"pct":100}}
,"W:\\Marakana Corp\\Companies\\akount\\Development\\Brand\\aggoogle\\product-plan\\apps\\web\\src\\hooks\\use-bulk-selection.ts": {"lines":{"total":19,"covered":14,"skipped":0,"pct":73.68},"functions":{"total":7,"covered":4,"skipped":0,"pct":57.14},"statements":{"total":20,"covered":14,"skipped":0,"pct":70},"branches":{"total":8,"covered":5,"skipped":0,"pct":62.5}}
,"W:\\Marakana Corp\\Companies\\akount\\Development\\Brand\\aggoogle\\product-plan\\apps\\web\\src\\lib\\dashboard-personalization.ts": {"lines":{"total":7,"covered":7,"skipped":0,"pct":100},"functions":{"total":1,"covered":1,"skipped":0,"pct":100},"statements":{"total":7,"covered":7,"skipped":0,"pct":100},"branches":{"total":4,"covered":4,"skipped":0,"pct":100}}
,"W:\\Marakana Corp\\Companies\\akount\\Development\\Brand\\aggoogle\\product-plan\\apps\\web\\src\\lib\\navigation.ts": {"lines":{"total":17,"covered":17,"skipped":0,"pct":100},"functions":{"total":9,"covered":9,"skipped":0,"pct":100},"statements":{"total":22,"covered":22,"skipped":0,"pct":100},"branches":{"total":12,"covered":12,"skipped":0,"pct":100}}
,"W:\\Marakana Corp\\Companies\\akount\\Development\\Brand\\aggoogle\\product-plan\\apps\\web\\src\\lib\\utils.ts": {"lines":{"total":1,"covered":1,"skipped":0,"pct":100},"functions":{"total":1,"covered":1,"skipped":0,"pct":100},"statements":{"total":1,"covered":1,"skipped":0,"pct":100},"branches":{"total":0,"covered":0,"skipped":0,"pct":100}}
,"W:\\Marakana Corp\\Companies\\akount\\Development\\Brand\\aggoogle\\product-plan\\apps\\web\\src\\lib\\dashboard\\constants.ts": {"lines":{"total":4,"covered":4,"skipped":0,"pct":100},"functions":{"total":0,"covered":0,"skipped":0,"pct":100},"statements":{"total":4,"covered":4,"skipped":0,"pct":100},"branches":{"total":0,"covered":0,"skipped":0,"pct":100}}
,"W:\\Marakana Corp\\Companies\\akount\\Development\\Brand\\aggoogle\\product-plan\\apps\\web\\src\\lib\\data\\countries.ts": {"lines":{"total":10,"covered":1,"skipped":0,"pct":10},"functions":{"total":6,"covered":0,"skipped":0,"pct":0},"statements":{"total":11,"covered":1,"skipped":0,"pct":9.09},"branches":{"total":4,"covered":0,"skipped":0,"pct":0}}
,"W:\\Marakana Corp\\Companies\\akount\\Development\\Brand\\aggoogle\\product-plan\\apps\\web\\src\\lib\\utils\\account-helpers.ts": {"lines":{"total":22,"covered":22,"skipped":0,"pct":100},"functions":{"total":3,"covered":3,"skipped":0,"pct":100},"statements":{"total":22,"covered":22,"skipped":0,"pct":100},"branches":{"total":6,"covered":6,"skipped":0,"pct":100}}
,"W:\\Marakana Corp\\Companies\\akount\\Development\\Brand\\aggoogle\\product-plan\\apps\\web\\src\\lib\\utils\\currency.ts": {"lines":{"total":6,"covered":6,"skipped":0,"pct":100},"functions":{"total":4,"covered":4,"skipped":0,"pct":100},"statements":{"total":7,"covered":7,"skipped":0,"pct":100},"branches":{"total":5,"covered":5,"skipped":0,"pct":100}}
,"W:\\Marakana Corp\\Companies\\akount\\Development\\Brand\\aggoogle\\product-plan\\apps\\web\\src\\lib\\utils\\date.ts": {"lines":{"total":5,"covered":5,"skipped":0,"pct":100},"functions":{"total":4,"covered":4,"skipped":0,"pct":100},"statements":{"total":5,"covered":5,"skipped":0,"pct":100},"branches":{"total":0,"covered":0,"skipped":0,"pct":100}}
,"W:\\Marakana Corp\\Companies\\akount\\Development\\Brand\\aggoogle\\product-plan\\apps\\web\\src\\stores\\onboardingStore.ts": {"lines":{"total":32,"covered":29,"skipped":0,"pct":90.62},"functions":{"total":35,"covered":31,"skipped":0,"pct":88.57},"statements":{"total":38,"covered":34,"skipped":0,"pct":89.47},"branches":{"total":4,"covered":4,"skipped":0,"pct":100}}
,"W:\\Marakana Corp\\Companies\\akount\\Development\\Brand\\aggoogle\\product-plan\\apps\\web\\src\\test-utils\\mock-data.ts": {"lines":{"total":7,"covered":2,"skipped":0,"pct":28.57},"functions":{"total":7,"covered":2,"skipped":0,"pct":28.57},"statements":{"total":7,"covered":2,"skipped":0,"pct":28.57},"branches":{"total":0,"covered":0,"skipped":0,"pct":100}}
}
