{"total": {"lines":{"total":6356,"covered":5109,"skipped":0,"pct":80.38},"statements":{"total":6584,"covered":5260,"skipped":0,"pct":79.89},"functions":{"total":942,"covered":761,"skipped":0,"pct":80.78},"branches":{"total":3885,"covered":2757,"skipped":0,"pct":70.96},"branchesTrue":{"total":0,"covered":0,"skipped":0,"pct":100}}
,"W:\\Marakana Corp\\Companies\\akount\\Development\\Brand\\aggoogle\\product-plan\\apps\\api\\src\\domains\\accounting\\errors.ts": {"lines":{"total":8,"covered":8,"skipped":0,"pct":100},"functions":{"total":2,"covered":2,"skipped":0,"pct":100},"statements":{"total":8,"covered":8,"skipped":0,"pct":100},"branches":{"total":2,"covered":2,"skipped":0,"pct":100}}
,"W:\\Marakana Corp\\Companies\\akount\\Development\\Brand\\aggoogle\\product-plan\\apps\\api\\src\\domains\\accounting\\__tests__\\helpers.ts": {"lines":{"total":8,"covered":8,"skipped":0,"pct":100},"functions":{"total":2,"covered":2,"skipped":0,"pct":100},"statements":{"total":8,"covered":8,"skipped":0,"pct":100},"branches":{"total":2,"covered":2,"skipped":0,"pct":100}}
,"W:\\Marakana Corp\\Companies\\akount\\Development\\Brand\\aggoogle\\product-plan\\apps\\api\\src\\domains\\accounting\\routes\\asset.ts": {"lines":{"total":72,"covered":64,"skipped":0,"pct":88.88},"functions":{"total":8,"covered":8,"skipped":0,"pct":100},"statements":{"total":72,"covered":64,"skipped":0,"pct":88.88},"branches":{"total":28,"covered":21,"skipped":0,"pct":75}}
,"W:\\Marakana Corp\\Companies\\akount\\Development\\Brand\\aggoogle\\product-plan\\apps\\api\\src\\domains\\accounting\\routes\\fiscal-period.ts": {"lines":{"total":54,"covered":48,"skipped":0,"pct":88.88},"functions":{"total":7,"covered":7,"skipped":0,"pct":100},"statements":{"total":54,"covered":48,"skipped":0,"pct":88.88},"branches":{"total":24,"covered":18,"skipped":0,"pct":75}}
,"W:\\Marakana Corp\\Companies\\akount\\Development\\Brand\\aggoogle\\product-plan\\apps\\api\\src\\domains\\accounting\\routes\\gl-account.ts": {"lines":{"total":63,"covered":52,"skipped":0,"pct":82.53},"functions":{"total":8,"covered":8,"skipped":0,"pct":100},"statements":{"total":63,"covered":52,"skipped":0,"pct":82.53},"branches":{"total":30,"covered":23,"skipped":0,"pct":76.66}}
,"W:\\Marakana Corp\\Companies\\akount\\Development\\Brand\\aggoogle\\product-plan\\apps\\api\\src\\domains\\accounting\\routes\\journal-entry.ts": {"lines":{"total":91,"covered":80,"skipped":0,"pct":87.91},"functions":{"total":11,"covered":11,"skipped":0,"pct":100},"statements":{"total":91,"covered":80,"skipped":0,"pct":87.91},"branches":{"total":40,"covered":30,"skipped":0,"pct":75}}
,"W:\\Marakana Corp\\Companies\\akount\\Development\\Brand\\aggoogle\\product-plan\\apps\\api\\src\\domains\\accounting\\routes\\report.ts": {"lines":{"total":49,"covered":27,"skipped":0,"pct":55.1},"functions":{"total":25,"covered":11,"skipped":0,"pct":44},"statements":{"total":50,"covered":28,"skipped":0,"pct":56},"branches":{"total":18,"covered":11,"skipped":0,"pct":61.11}}
,"W:\\Marakana Corp\\Companies\\akount\\Development\\Brand\\aggoogle\\product-plan\\apps\\api\\src\\domains\\accounting\\routes\\tax-rate.ts": {"lines":{"total":51,"covered":46,"skipped":0,"pct":90.19},"functions":{"total":6,"covered":6,"skipped":0,"pct":100},"statements":{"total":51,"covered":46,"skipped":0,"pct":90.19},"branches":{"total":20,"covered":15,"skipped":0,"pct":75}}
,"W:\\Marakana Corp\\Companies\\akount\\Development\\Brand\\aggoogle\\product-plan\\apps\\api\\src\\domains\\accounting\\schemas\\asset.schema.ts": {"lines":{"total":10,"covered":9,"skipped":0,"pct":90},"functions":{"total":1,"covered":0,"skipped":0,"pct":0},"statements":{"total":10,"covered":9,"skipped":0,"pct":90},"branches":{"total":0,"covered":0,"skipped":0,"pct":100}}
,"W:\\Marakana Corp\\Companies\\akount\\Development\\Brand\\aggoogle\\product-plan\\apps\\api\\src\\domains\\accounting\\schemas\\fiscal-period.schema.ts": {"lines":{"total":7,"covered":7,"skipped":0,"pct":100},"functions":{"total":0,"covered":0,"skipped":0,"pct":100},"statements":{"total":7,"covered":7,"skipped":0,"pct":100},"branches":{"total":0,"covered":0,"skipped":0,"pct":100}}
,"W:\\Marakana Corp\\Companies\\akount\\Development\\Brand\\aggoogle\\product-plan\\apps\\api\\src\\domains\\accounting\\schemas\\gl-account.schema.ts": {"lines":{"total":6,"covered":6,"skipped":0,"pct":100},"functions":{"total":0,"covered":0,"skipped":0,"pct":100},"statements":{"total":6,"covered":6,"skipped":0,"pct":100},"branches":{"total":0,"covered":0,"skipped":0,"pct":100}}
,"W:\\Marakana Corp\\Companies\\akount\\Development\\Brand\\aggoogle\\product-plan\\apps\\api\\src\\domains\\accounting\\schemas\\journal-entry.schema.ts": {"lines":{"total":26,"covered":9,"skipped":0,"pct":34.61},"functions":{"total":10,"covered":0,"skipped":0,"pct":0},"statements":{"total":32,"covered":9,"skipped":0,"pct":28.12},"branches":{"total":18,"covered":0,"skipped":0,"pct":0}}
,"W:\\Marakana Corp\\Companies\\akount\\Development\\Brand\\aggoogle\\product-plan\\apps\\api\\src\\domains\\accounting\\schemas\\report.schema.ts": {"lines":{"total":9,"covered":9,"skipped":0,"pct":100},"functions":{"total":1,"covered":1,"skipped":0,"pct":100},"statements":{"total":9,"covered":9,"skipped":0,"pct":100},"branches":{"total":0,"covered":0,"skipped":0,"pct":100}}
,"W:\\Marakana Corp\\Companies\\akount\\Development\\Brand\\aggoogle\\product-plan\\apps\\api\\src\\domains\\accounting\\schemas\\tax-rate.schema.ts": {"lines":{"total":5,"covered":5,"skipped":0,"pct":100},"functions":{"total":0,"covered":0,"skipped":0,"pct":100},"statements":{"total":5,"covered":5,"skipped":0,"pct":100},"branches":{"total":0,"covered":0,"skipped":0,"pct":100}}
,"W:\\Marakana Corp\\Companies\\akount\\Development\\Brand\\aggoogle\\product-plan\\apps\\api\\src\\domains\\accounting\\services\\asset.service.ts": {"lines":{"total":123,"covered":118,"skipped":0,"pct":95.93},"functions":{"total":13,"covered":13,"skipped":0,"pct":100},"statements":{"total":125,"covered":120,"skipped":0,"pct":96},"branches":{"total":59,"covered":53,"skipped":0,"pct":89.83}}
,"W:\\Marakana Corp\\Companies\\akount\\Development\\Brand\\aggoogle\\product-plan\\apps\\api\\src\\domains\\accounting\\services\\document-posting.service.ts": {"lines":{"total":149,"covered":114,"skipped":0,"pct":76.51},"functions":{"total":21,"covered":18,"skipped":0,"pct":85.71},"statements":{"total":161,"covered":124,"skipped":0,"pct":77.01},"branches":{"total":96,"covered":62,"skipped":0,"pct":64.58}}
,"W:\\Marakana Corp\\Companies\\akount\\Development\\Brand\\aggoogle\\product-plan\\apps\\api\\src\\domains\\accounting\\services\\fiscal-period.service.ts": {"lines":{"total":71,"covered":69,"skipped":0,"pct":97.18},"functions":{"total":11,"covered":11,"skipped":0,"pct":100},"statements":{"total":73,"covered":71,"skipped":0,"pct":97.26},"branches":{"total":32,"covered":29,"skipped":0,"pct":90.62}}
,"W:\\Marakana Corp\\Companies\\akount\\Development\\Brand\\aggoogle\\product-plan\\apps\\api\\src\\domains\\accounting\\services\\gl-account.service.ts": {"lines":{"total":70,"covered":69,"skipped":0,"pct":98.57},"functions":{"total":15,"covered":15,"skipped":0,"pct":100},"statements":{"total":76,"covered":75,"skipped":0,"pct":98.68},"branches":{"total":38,"covered":35,"skipped":0,"pct":92.1}}
,"W:\\Marakana Corp\\Companies\\akount\\Development\\Brand\\aggoogle\\product-plan\\apps\\api\\src\\domains\\accounting\\services\\journal-entry.service.ts": {"lines":{"total":125,"covered":96,"skipped":0,"pct":76.8},"functions":{"total":24,"covered":23,"skipped":0,"pct":95.83},"statements":{"total":135,"covered":103,"skipped":0,"pct":76.29},"branches":{"total":88,"covered":55,"skipped":0,"pct":62.5}}
,"W:\\Marakana Corp\\Companies\\akount\\Development\\Brand\\aggoogle\\product-plan\\apps\\api\\src\\domains\\accounting\\services\\posting.service.ts": {"lines":{"total":146,"covered":133,"skipped":0,"pct":91.09},"functions":{"total":21,"covered":21,"skipped":0,"pct":100},"statements":{"total":156,"covered":141,"skipped":0,"pct":90.38},"branches":{"total":112,"covered":87,"skipped":0,"pct":77.67}}
,"W:\\Marakana Corp\\Companies\\akount\\Development\\Brand\\aggoogle\\product-plan\\apps\\api\\src\\domains\\accounting\\services\\report-cache.ts": {"lines":{"total":40,"covered":9,"skipped":0,"pct":22.5},"functions":{"total":9,"covered":2,"skipped":0,"pct":22.22},"statements":{"total":41,"covered":9,"skipped":0,"pct":21.95},"branches":{"total":23,"covered":1,"skipped":0,"pct":4.34}}
,"W:\\Marakana Corp\\Companies\\akount\\Development\\Brand\\aggoogle\\product-plan\\apps\\api\\src\\domains\\accounting\\services\\report-export.service.ts": {"lines":{"total":67,"covered":67,"skipped":0,"pct":100},"functions":{"total":7,"covered":7,"skipped":0,"pct":100},"statements":{"total":67,"covered":67,"skipped":0,"pct":100},"branches":{"total":41,"covered":32,"skipped":0,"pct":78.04}}
,"W:\\Marakana Corp\\Companies\\akount\\Development\\Brand\\aggoogle\\product-plan\\apps\\api\\src\\domains\\accounting\\services\\report.service.ts": {"lines":{"total":237,"covered":176,"skipped":0,"pct":74.26},"functions":{"total":42,"covered":28,"skipped":0,"pct":66.66},"statements":{"total":257,"covered":190,"skipped":0,"pct":73.92},"branches":{"total":112,"covered":72,"skipped":0,"pct":64.28}}
,"W:\\Marakana Corp\\Companies\\akount\\Development\\Brand\\aggoogle\\product-plan\\apps\\api\\src\\domains\\accounting\\services\\tax-rate.service.ts": {"lines":{"total":51,"covered":47,"skipped":0,"pct":92.15},"functions":{"total":6,"covered":6,"skipped":0,"pct":100},"statements":{"total":51,"covered":47,"skipped":0,"pct":92.15},"branches":{"total":60,"covered":44,"skipped":0,"pct":73.33}}
,"W:\\Marakana Corp\\Companies\\akount\\Development\\Brand\\aggoogle\\product-plan\\apps\\api\\src\\domains\\accounting\\utils\\entry-number.ts": {"lines":{"total":7,"covered":7,"skipped":0,"pct":100},"functions":{"total":1,"covered":1,"skipped":0,"pct":100},"statements":{"total":7,"covered":7,"skipped":0,"pct":100},"branches":{"total":4,"covered":3,"skipped":0,"pct":75}}
,"W:\\Marakana Corp\\Companies\\akount\\Development\\Brand\\aggoogle\\product-plan\\apps\\api\\src\\domains\\accounting\\utils\\gl-resolve.ts": {"lines":{"total":4,"covered":3,"skipped":0,"pct":75},"functions":{"total":1,"covered":1,"skipped":0,"pct":100},"statements":{"total":4,"covered":3,"skipped":0,"pct":75},"branches":{"total":2,"covered":1,"skipped":0,"pct":50}}
,"W:\\Marakana Corp\\Companies\\akount\\Development\\Brand\\aggoogle\\product-plan\\apps\\api\\src\\domains\\accounting\\utils\\validate-ownership.ts": {"lines":{"total":8,"covered":8,"skipped":0,"pct":100},"functions":{"total":2,"covered":2,"skipped":0,"pct":100},"statements":{"total":8,"covered":8,"skipped":0,"pct":100},"branches":{"total":4,"covered":4,"skipped":0,"pct":100}}
,"W:\\Marakana Corp\\Companies\\akount\\Development\\Brand\\aggoogle\\product-plan\\apps\\api\\src\\domains\\ai\\errors.ts": {"lines":{"total":8,"covered":8,"skipped":0,"pct":100},"functions":{"total":2,"covered":2,"skipped":0,"pct":100},"statements":{"total":8,"covered":8,"skipped":0,"pct":100},"branches":{"total":2,"covered":2,"skipped":0,"pct":100}}
,"W:\\Marakana Corp\\Companies\\akount\\Development\\Brand\\aggoogle\\product-plan\\apps\\api\\src\\domains\\ai\\routes.ts": {"lines":{"total":169,"covered":140,"skipped":0,"pct":82.84},"functions":{"total":21,"covered":20,"skipped":0,"pct":95.23},"statements":{"total":172,"covered":143,"skipped":0,"pct":83.13},"branches":{"total":60,"covered":32,"skipped":0,"pct":53.33}}
,"W:\\Marakana Corp\\Companies\\akount\\Development\\Brand\\aggoogle\\product-plan\\apps\\api\\src\\domains\\ai\\routes\\action.routes.ts": {"lines":{"total":80,"covered":78,"skipped":0,"pct":97.5},"functions":{"total":8,"covered":8,"skipped":0,"pct":100},"statements":{"total":80,"covered":78,"skipped":0,"pct":97.5},"branches":{"total":14,"covered":14,"skipped":0,"pct":100}}
,"W:\\Marakana Corp\\Companies\\akount\\Development\\Brand\\aggoogle\\product-plan\\apps\\api\\src\\domains\\ai\\routes\\monthly-close.ts": {"lines":{"total":33,"covered":29,"skipped":0,"pct":87.87},"functions":{"total":4,"covered":4,"skipped":0,"pct":100},"statements":{"total":33,"covered":29,"skipped":0,"pct":87.87},"branches":{"total":18,"covered":14,"skipped":0,"pct":77.77}}
,"W:\\Marakana Corp\\Companies\\akount\\Development\\Brand\\aggoogle\\product-plan\\apps\\api\\src\\domains\\ai\\routes\\rule-suggestions.ts": {"lines":{"total":63,"covered":53,"skipped":0,"pct":84.12},"functions":{"total":7,"covered":7,"skipped":0,"pct":100},"statements":{"total":63,"covered":53,"skipped":0,"pct":84.12},"branches":{"total":28,"covered":21,"skipped":0,"pct":75}}
,"W:\\Marakana Corp\\Companies\\akount\\Development\\Brand\\aggoogle\\product-plan\\apps\\api\\src\\domains\\ai\\routes\\rules.ts": {"lines":{"total":73,"covered":61,"skipped":0,"pct":83.56},"functions":{"total":8,"covered":8,"skipped":0,"pct":100},"statements":{"total":73,"covered":61,"skipped":0,"pct":83.56},"branches":{"total":32,"covered":25,"skipped":0,"pct":78.12}}
,"W:\\Marakana Corp\\Companies\\akount\\Development\\Brand\\aggoogle\\product-plan\\apps\\api\\src\\domains\\ai\\schemas\\action.schema.ts": {"lines":{"total":7,"covered":7,"skipped":0,"pct":100},"functions":{"total":0,"covered":0,"skipped":0,"pct":100},"statements":{"total":7,"covered":7,"skipped":0,"pct":100},"branches":{"total":0,"covered":0,"skipped":0,"pct":100}}
,"W:\\Marakana Corp\\Companies\\akount\\Development\\Brand\\aggoogle\\product-plan\\apps\\api\\src\\domains\\ai\\schemas\\categorization.schema.ts": {"lines":{"total":3,"covered":3,"skipped":0,"pct":100},"functions":{"total":0,"covered":0,"skipped":0,"pct":100},"statements":{"total":3,"covered":3,"skipped":0,"pct":100},"branches":{"total":0,"covered":0,"skipped":0,"pct":100}}
,"W:\\Marakana Corp\\Companies\\akount\\Development\\Brand\\aggoogle\\product-plan\\apps\\api\\src\\domains\\ai\\schemas\\insight.schema.ts": {"lines":{"total":6,"covered":5,"skipped":0,"pct":83.33},"functions":{"total":1,"covered":0,"skipped":0,"pct":0},"statements":{"total":6,"covered":5,"skipped":0,"pct":83.33},"branches":{"total":0,"covered":0,"skipped":0,"pct":100}}
,"W:\\Marakana Corp\\Companies\\akount\\Development\\Brand\\aggoogle\\product-plan\\apps\\api\\src\\domains\\ai\\schemas\\je-suggestion.schema.ts": {"lines":{"total":2,"covered":2,"skipped":0,"pct":100},"functions":{"total":0,"covered":0,"skipped":0,"pct":100},"statements":{"total":2,"covered":2,"skipped":0,"pct":100},"branches":{"total":0,"covered":0,"skipped":0,"pct":100}}
,"W:\\Marakana Corp\\Companies\\akount\\Development\\Brand\\aggoogle\\product-plan\\apps\\api\\src\\domains\\ai\\schemas\\monthly-close.schema.ts": {"lines":{"total":3,"covered":3,"skipped":0,"pct":100},"functions":{"total":0,"covered":0,"skipped":0,"pct":100},"statements":{"total":3,"covered":3,"skipped":0,"pct":100},"branches":{"total":0,"covered":0,"skipped":0,"pct":100}}
,"W:\\Marakana Corp\\Companies\\akount\\Development\\Brand\\aggoogle\\product-plan\\apps\\api\\src\\domains\\ai\\schemas\\rule-suggestion.schema.ts": {"lines":{"total":5,"covered":5,"skipped":0,"pct":100},"functions":{"total":0,"covered":0,"skipped":0,"pct":100},"statements":{"total":5,"covered":5,"skipped":0,"pct":100},"branches":{"total":0,"covered":0,"skipped":0,"pct":100}}
,"W:\\Marakana Corp\\Companies\\akount\\Development\\Brand\\aggoogle\\product-plan\\apps\\api\\src\\domains\\ai\\schemas\\rule.schema.ts": {"lines":{"total":15,"covered":8,"skipped":0,"pct":53.33},"functions":{"total":5,"covered":0,"skipped":0,"pct":0},"statements":{"total":15,"covered":8,"skipped":0,"pct":53.33},"branches":{"total":3,"covered":0,"skipped":0,"pct":0}}
,"W:\\Marakana Corp\\Companies\\akount\\Development\\Brand\\aggoogle\\product-plan\\apps\\api\\src\\domains\\ai\\services\\action-executor.service.ts": {"lines":{"total":83,"covered":58,"skipped":0,"pct":69.87},"functions":{"total":9,"covered":7,"skipped":0,"pct":77.77},"statements":{"total":86,"covered":58,"skipped":0,"pct":67.44},"branches":{"total":49,"covered":32,"skipped":0,"pct":65.3}}
,"W:\\Marakana Corp\\Companies\\akount\\Development\\Brand\\aggoogle\\product-plan\\apps\\api\\src\\domains\\ai\\services\\ai-action.service.ts": {"lines":{"total":90,"covered":81,"skipped":0,"pct":90},"functions":{"total":10,"covered":10,"skipped":0,"pct":100},"statements":{"total":90,"covered":81,"skipped":0,"pct":90},"branches":{"total":46,"covered":37,"skipped":0,"pct":80.43}}
,"W:\\Marakana Corp\\Companies\\akount\\Development\\Brand\\aggoogle\\product-plan\\apps\\api\\src\\domains\\ai\\services\\ai.service.ts": {"lines":{"total":18,"covered":18,"skipped":0,"pct":100},"functions":{"total":4,"covered":4,"skipped":0,"pct":100},"statements":{"total":18,"covered":18,"skipped":0,"pct":100},"branches":{"total":12,"covered":12,"skipped":0,"pct":100}}
,"W:\\Marakana Corp\\Companies\\akount\\Development\\Brand\\aggoogle\\product-plan\\apps\\api\\src\\domains\\ai\\services\\categorization.service.ts": {"lines":{"total":150,"covered":119,"skipped":0,"pct":79.33},"functions":{"total":15,"covered":13,"skipped":0,"pct":86.66},"statements":{"total":158,"covered":125,"skipped":0,"pct":79.11},"branches":{"total":108,"covered":86,"skipped":0,"pct":79.62}}
,"W:\\Marakana Corp\\Companies\\akount\\Development\\Brand\\aggoogle\\product-plan\\apps\\api\\src\\domains\\ai\\services\\insight-generator.service.ts": {"lines":{"total":51,"covered":51,"skipped":0,"pct":100},"functions":{"total":8,"covered":8,"skipped":0,"pct":100},"statements":{"total":51,"covered":51,"skipped":0,"pct":100},"branches":{"total":23,"covered":16,"skipped":0,"pct":69.56}}
,"W:\\Marakana Corp\\Companies\\akount\\Development\\Brand\\aggoogle\\product-plan\\apps\\api\\src\\domains\\ai\\services\\insight.service.ts": {"lines":{"total":58,"covered":48,"skipped":0,"pct":82.75},"functions":{"total":10,"covered":9,"skipped":0,"pct":90},"statements":{"total":58,"covered":48,"skipped":0,"pct":82.75},"branches":{"total":36,"covered":29,"skipped":0,"pct":80.55}}
,"W:\\Marakana Corp\\Companies\\akount\\Development\\Brand\\aggoogle\\product-plan\\apps\\api\\src\\domains\\ai\\services\\je-suggestion.service.ts": {"lines":{"total":79,"covered":79,"skipped":0,"pct":100},"functions":{"total":17,"covered":17,"skipped":0,"pct":100},"statements":{"total":84,"covered":84,"skipped":0,"pct":100},"branches":{"total":30,"covered":27,"skipped":0,"pct":90}}
,"W:\\Marakana Corp\\Companies\\akount\\Development\\Brand\\aggoogle\\product-plan\\apps\\api\\src\\domains\\ai\\services\\monthly-close.service.ts": {"lines":{"total":68,"covered":67,"skipped":0,"pct":98.52},"functions":{"total":13,"covered":13,"skipped":0,"pct":100},"statements":{"total":71,"covered":70,"skipped":0,"pct":98.59},"branches":{"total":76,"covered":66,"skipped":0,"pct":86.84}}
,"W:\\Marakana Corp\\Companies\\akount\\Development\\Brand\\aggoogle\\product-plan\\apps\\api\\src\\domains\\ai\\services\\pattern-detection.service.ts": {"lines":{"total":121,"covered":112,"skipped":0,"pct":92.56},"functions":{"total":9,"covered":8,"skipped":0,"pct":88.88},"statements":{"total":132,"covered":120,"skipped":0,"pct":90.9},"branches":{"total":86,"covered":61,"skipped":0,"pct":70.93}}
,"W:\\Marakana Corp\\Companies\\akount\\Development\\Brand\\aggoogle\\product-plan\\apps\\api\\src\\domains\\ai\\services\\rule-engine.service.ts": {"lines":{"total":74,"covered":66,"skipped":0,"pct":89.18},"functions":{"total":20,"covered":18,"skipped":0,"pct":90},"statements":{"total":75,"covered":67,"skipped":0,"pct":89.33},"branches":{"total":54,"covered":47,"skipped":0,"pct":87.03}}
,"W:\\Marakana Corp\\Companies\\akount\\Development\\Brand\\aggoogle\\product-plan\\apps\\api\\src\\domains\\ai\\services\\rule-suggestion.service.ts": {"lines":{"total":45,"covered":3,"skipped":0,"pct":6.66},"functions":{"total":8,"covered":2,"skipped":0,"pct":25},"statements":{"total":46,"covered":3,"skipped":0,"pct":6.52},"branches":{"total":24,"covered":0,"skipped":0,"pct":0}}
,"W:\\Marakana Corp\\Companies\\akount\\Development\\Brand\\aggoogle\\product-plan\\apps\\api\\src\\domains\\ai\\services\\rule.service.ts": {"lines":{"total":85,"covered":83,"skipped":0,"pct":97.64},"functions":{"total":12,"covered":11,"skipped":0,"pct":91.66},"statements":{"total":85,"covered":83,"skipped":0,"pct":97.64},"branches":{"total":61,"covered":55,"skipped":0,"pct":90.16}}
,"W:\\Marakana Corp\\Companies\\akount\\Development\\Brand\\aggoogle\\product-plan\\apps\\api\\src\\domains\\ai\\services\\analyzers\\cash-flow.analyzer.ts": {"lines":{"total":28,"covered":28,"skipped":0,"pct":100},"functions":{"total":1,"covered":1,"skipped":0,"pct":100},"statements":{"total":29,"covered":29,"skipped":0,"pct":100},"branches":{"total":15,"covered":15,"skipped":0,"pct":100}}
,"W:\\Marakana Corp\\Companies\\akount\\Development\\Brand\\aggoogle\\product-plan\\apps\\api\\src\\domains\\ai\\services\\analyzers\\duplicate.analyzer.ts": {"lines":{"total":29,"covered":28,"skipped":0,"pct":96.55},"functions":{"total":1,"covered":1,"skipped":0,"pct":100},"statements":{"total":31,"covered":30,"skipped":0,"pct":96.77},"branches":{"total":21,"covered":16,"skipped":0,"pct":76.19}}
,"W:\\Marakana Corp\\Companies\\akount\\Development\\Brand\\aggoogle\\product-plan\\apps\\api\\src\\domains\\ai\\services\\analyzers\\overdue.analyzer.ts": {"lines":{"total":25,"covered":25,"skipped":0,"pct":100},"functions":{"total":5,"covered":5,"skipped":0,"pct":100},"statements":{"total":27,"covered":27,"skipped":0,"pct":100},"branches":{"total":20,"covered":16,"skipped":0,"pct":80}}
,"W:\\Marakana Corp\\Companies\\akount\\Development\\Brand\\aggoogle\\product-plan\\apps\\api\\src\\domains\\ai\\services\\analyzers\\reconciliation.analyzer.ts": {"lines":{"total":23,"covered":23,"skipped":0,"pct":100},"functions":{"total":1,"covered":1,"skipped":0,"pct":100},"statements":{"total":23,"covered":23,"skipped":0,"pct":100},"branches":{"total":10,"covered":10,"skipped":0,"pct":100}}
,"W:\\Marakana Corp\\Companies\\akount\\Development\\Brand\\aggoogle\\product-plan\\apps\\api\\src\\domains\\ai\\services\\analyzers\\revenue.analyzer.ts": {"lines":{"total":31,"covered":31,"skipped":0,"pct":100},"functions":{"total":1,"covered":1,"skipped":0,"pct":100},"statements":{"total":31,"covered":31,"skipped":0,"pct":100},"branches":{"total":16,"covered":16,"skipped":0,"pct":100}}
,"W:\\Marakana Corp\\Companies\\akount\\Development\\Brand\\aggoogle\\product-plan\\apps\\api\\src\\domains\\ai\\services\\analyzers\\spending.analyzer.ts": {"lines":{"total":40,"covered":38,"skipped":0,"pct":95},"functions":{"total":1,"covered":1,"skipped":0,"pct":100},"statements":{"total":40,"covered":38,"skipped":0,"pct":95},"branches":{"total":20,"covered":18,"skipped":0,"pct":90}}
,"W:\\Marakana Corp\\Companies\\akount\\Development\\Brand\\aggoogle\\product-plan\\apps\\api\\src\\domains\\ai\\services\\providers\\claude.provider.ts": {"lines":{"total":22,"covered":0,"skipped":0,"pct":0},"functions":{"total":8,"covered":0,"skipped":0,"pct":0},"statements":{"total":23,"covered":0,"skipped":0,"pct":0},"branches":{"total":16,"covered":0,"skipped":0,"pct":0}}
,"W:\\Marakana Corp\\Companies\\akount\\Development\\Brand\\aggoogle\\product-plan\\apps\\api\\src\\domains\\ai\\services\\providers\\perplexity.provider.ts": {"lines":{"total":15,"covered":0,"skipped":0,"pct":0},"functions":{"total":2,"covered":0,"skipped":0,"pct":0},"statements":{"total":15,"covered":0,"skipped":0,"pct":0},"branches":{"total":14,"covered":0,"skipped":0,"pct":0}}
,"W:\\Marakana Corp\\Companies\\akount\\Development\\Brand\\aggoogle\\product-plan\\apps\\api\\src\\domains\\ai\\types\\insight.types.ts": {"lines":{"total":4,"covered":4,"skipped":0,"pct":100},"functions":{"total":0,"covered":0,"skipped":0,"pct":100},"statements":{"total":4,"covered":4,"skipped":0,"pct":100},"branches":{"total":0,"covered":0,"skipped":0,"pct":100}}
,"W:\\Marakana Corp\\Companies\\akount\\Development\\Brand\\aggoogle\\product-plan\\apps\\api\\src\\domains\\banking\\routes.ts": {"lines":{"total":83,"covered":59,"skipped":0,"pct":71.08},"functions":{"total":8,"covered":6,"skipped":0,"pct":75},"statements":{"total":83,"covered":59,"skipped":0,"pct":71.08},"branches":{"total":17,"covered":6,"skipped":0,"pct":35.29}}
,"W:\\Marakana Corp\\Companies\\akount\\Development\\Brand\\aggoogle\\product-plan\\apps\\api\\src\\domains\\banking\\routes\\categories.ts": {"lines":{"total":70,"covered":56,"skipped":0,"pct":80},"functions":{"total":8,"covered":7,"skipped":0,"pct":87.5},"statements":{"total":70,"covered":56,"skipped":0,"pct":80},"branches":{"total":48,"covered":33,"skipped":0,"pct":68.75}}
,"W:\\Marakana Corp\\Companies\\akount\\Development\\Brand\\aggoogle\\product-plan\\apps\\api\\src\\domains\\banking\\routes\\connections.ts": {"lines":{"total":43,"covered":40,"skipped":0,"pct":93.02},"functions":{"total":6,"covered":6,"skipped":0,"pct":100},"statements":{"total":44,"covered":41,"skipped":0,"pct":93.18},"branches":{"total":12,"covered":10,"skipped":0,"pct":83.33}}
,"W:\\Marakana Corp\\Companies\\akount\\Development\\Brand\\aggoogle\\product-plan\\apps\\api\\src\\domains\\banking\\routes\\imports.ts": {"lines":{"total":152,"covered":111,"skipped":0,"pct":73.02},"functions":{"total":6,"covered":6,"skipped":0,"pct":100},"statements":{"total":152,"covered":111,"skipped":0,"pct":73.02},"branches":{"total":82,"covered":52,"skipped":0,"pct":63.41}}
,"W:\\Marakana Corp\\Companies\\akount\\Development\\Brand\\aggoogle\\product-plan\\apps\\api\\src\\domains\\banking\\routes\\reconciliation.ts": {"lines":{"total":51,"covered":43,"skipped":0,"pct":84.31},"functions":{"total":5,"covered":5,"skipped":0,"pct":100},"statements":{"total":51,"covered":43,"skipped":0,"pct":84.31},"branches":{"total":40,"covered":32,"skipped":0,"pct":80}}
,"W:\\Marakana Corp\\Companies\\akount\\Development\\Brand\\aggoogle\\product-plan\\apps\\api\\src\\domains\\banking\\routes\\transactions.ts": {"lines":{"total":99,"covered":48,"skipped":0,"pct":48.48},"functions":{"total":10,"covered":6,"skipped":0,"pct":60},"statements":{"total":99,"covered":48,"skipped":0,"pct":48.48},"branches":{"total":68,"covered":26,"skipped":0,"pct":38.23}}
,"W:\\Marakana Corp\\Companies\\akount\\Development\\Brand\\aggoogle\\product-plan\\apps\\api\\src\\domains\\banking\\routes\\transfers.ts": {"lines":{"total":32,"covered":28,"skipped":0,"pct":87.5},"functions":{"total":5,"covered":5,"skipped":0,"pct":100},"statements":{"total":32,"covered":28,"skipped":0,"pct":87.5},"branches":{"total":14,"covered":10,"skipped":0,"pct":71.42}}
,"W:\\Marakana Corp\\Companies\\akount\\Development\\Brand\\aggoogle\\product-plan\\apps\\api\\src\\domains\\banking\\schemas\\category.schema.ts": {"lines":{"total":4,"covered":4,"skipped":0,"pct":100},"functions":{"total":0,"covered":0,"skipped":0,"pct":100},"statements":{"total":4,"covered":4,"skipped":0,"pct":100},"branches":{"total":0,"covered":0,"skipped":0,"pct":100}}
,"W:\\Marakana Corp\\Companies\\akount\\Development\\Brand\\aggoogle\\product-plan\\apps\\api\\src\\domains\\banking\\schemas\\reconciliation.schema.ts": {"lines":{"total":5,"covered":5,"skipped":0,"pct":100},"functions":{"total":0,"covered":0,"skipped":0,"pct":100},"statements":{"total":5,"covered":5,"skipped":0,"pct":100},"branches":{"total":0,"covered":0,"skipped":0,"pct":100}}
,"W:\\Marakana Corp\\Companies\\akount\\Development\\Brand\\aggoogle\\product-plan\\apps\\api\\src\\domains\\banking\\schemas\\transaction.schema.ts": {"lines":{"total":8,"covered":7,"skipped":0,"pct":87.5},"functions":{"total":1,"covered":0,"skipped":0,"pct":0},"statements":{"total":8,"covered":7,"skipped":0,"pct":87.5},"branches":{"total":0,"covered":0,"skipped":0,"pct":100}}
,"W:\\Marakana Corp\\Companies\\akount\\Development\\Brand\\aggoogle\\product-plan\\apps\\api\\src\\domains\\banking\\schemas\\transfer.schema.ts": {"lines":{"total":4,"covered":3,"skipped":0,"pct":75},"functions":{"total":1,"covered":0,"skipped":0,"pct":0},"statements":{"total":4,"covered":3,"skipped":0,"pct":75},"branches":{"total":0,"covered":0,"skipped":0,"pct":100}}
,"W:\\Marakana Corp\\Companies\\akount\\Development\\Brand\\aggoogle\\product-plan\\apps\\api\\src\\domains\\banking\\services\\account-matcher.service.ts": {"lines":{"total":32,"covered":32,"skipped":0,"pct":100},"functions":{"total":3,"covered":3,"skipped":0,"pct":100},"statements":{"total":33,"covered":33,"skipped":0,"pct":100},"branches":{"total":31,"covered":31,"skipped":0,"pct":100}}
,"W:\\Marakana Corp\\Companies\\akount\\Development\\Brand\\aggoogle\\product-plan\\apps\\api\\src\\domains\\banking\\services\\account.service.ts": {"lines":{"total":55,"covered":49,"skipped":0,"pct":89.09},"functions":{"total":12,"covered":12,"skipped":0,"pct":100},"statements":{"total":55,"covered":49,"skipped":0,"pct":89.09},"branches":{"total":63,"covered":53,"skipped":0,"pct":84.12}}
,"W:\\Marakana Corp\\Companies\\akount\\Development\\Brand\\aggoogle\\product-plan\\apps\\api\\src\\domains\\banking\\services\\category.service.ts": {"lines":{"total":83,"covered":83,"skipped":0,"pct":100},"functions":{"total":11,"covered":11,"skipped":0,"pct":100},"statements":{"total":85,"covered":85,"skipped":0,"pct":100},"branches":{"total":46,"covered":43,"skipped":0,"pct":93.47}}
,"W:\\Marakana Corp\\Companies\\akount\\Development\\Brand\\aggoogle\\product-plan\\apps\\api\\src\\domains\\banking\\services\\duplication.service.ts": {"lines":{"total":95,"covered":93,"skipped":0,"pct":97.89},"functions":{"total":10,"covered":10,"skipped":0,"pct":100},"statements":{"total":105,"covered":101,"skipped":0,"pct":96.19},"branches":{"total":60,"covered":56,"skipped":0,"pct":93.33}}
,"W:\\Marakana Corp\\Companies\\akount\\Development\\Brand\\aggoogle\\product-plan\\apps\\api\\src\\domains\\banking\\services\\flinks.service.ts": {"lines":{"total":85,"covered":66,"skipped":0,"pct":77.64},"functions":{"total":15,"covered":13,"skipped":0,"pct":86.66},"statements":{"total":86,"covered":66,"skipped":0,"pct":76.74},"branches":{"total":56,"covered":34,"skipped":0,"pct":60.71}}
,"W:\\Marakana Corp\\Companies\\akount\\Development\\Brand\\aggoogle\\product-plan\\apps\\api\\src\\domains\\banking\\services\\fx-rate.service.ts": {"lines":{"total":48,"covered":42,"skipped":0,"pct":87.5},"functions":{"total":5,"covered":5,"skipped":0,"pct":100},"statements":{"total":52,"covered":46,"skipped":0,"pct":88.46},"branches":{"total":23,"covered":19,"skipped":0,"pct":82.6}}
,"W:\\Marakana Corp\\Companies\\akount\\Development\\Brand\\aggoogle\\product-plan\\apps\\api\\src\\domains\\banking\\services\\import.service.ts": {"lines":{"total":132,"covered":85,"skipped":0,"pct":64.39},"functions":{"total":27,"covered":17,"skipped":0,"pct":62.96},"statements":{"total":141,"covered":89,"skipped":0,"pct":63.12},"branches":{"total":55,"covered":34,"skipped":0,"pct":61.81}}
,"W:\\Marakana Corp\\Companies\\akount\\Development\\Brand\\aggoogle\\product-plan\\apps\\api\\src\\domains\\banking\\services\\parser-shared.ts": {"lines":{"total":48,"covered":48,"skipped":0,"pct":100},"functions":{"total":7,"covered":7,"skipped":0,"pct":100},"statements":{"total":50,"covered":50,"skipped":0,"pct":100},"branches":{"total":38,"covered":38,"skipped":0,"pct":100}}
,"W:\\Marakana Corp\\Companies\\akount\\Development\\Brand\\aggoogle\\product-plan\\apps\\api\\src\\domains\\banking\\services\\reconciliation.service.ts": {"lines":{"total":88,"covered":86,"skipped":0,"pct":97.72},"functions":{"total":12,"covered":12,"skipped":0,"pct":100},"statements":{"total":89,"covered":87,"skipped":0,"pct":97.75},"branches":{"total":35,"covered":33,"skipped":0,"pct":94.28}}
,"W:\\Marakana Corp\\Companies\\akount\\Development\\Brand\\aggoogle\\product-plan\\apps\\api\\src\\domains\\banking\\services\\transaction.service.ts": {"lines":{"total":90,"covered":46,"skipped":0,"pct":51.11},"functions":{"total":18,"covered":6,"skipped":0,"pct":33.33},"statements":{"total":95,"covered":46,"skipped":0,"pct":48.42},"branches":{"total":77,"covered":35,"skipped":0,"pct":45.45}}
,"W:\\Marakana Corp\\Companies\\akount\\Development\\Brand\\aggoogle\\product-plan\\apps\\api\\src\\domains\\banking\\services\\transfer.service.ts": {"lines":{"total":79,"covered":74,"skipped":0,"pct":93.67},"functions":{"total":10,"covered":10,"skipped":0,"pct":100},"statements":{"total":81,"covered":74,"skipped":0,"pct":91.35},"branches":{"total":90,"covered":73,"skipped":0,"pct":81.11}}
,"W:\\Marakana Corp\\Companies\\akount\\Development\\Brand\\aggoogle\\product-plan\\apps\\api\\src\\domains\\clients\\routes\\clients.ts": {"lines":{"total":54,"covered":45,"skipped":0,"pct":83.33},"functions":{"total":6,"covered":6,"skipped":0,"pct":100},"statements":{"total":54,"covered":45,"skipped":0,"pct":83.33},"branches":{"total":36,"covered":27,"skipped":0,"pct":75}}
,"W:\\Marakana Corp\\Companies\\akount\\Development\\Brand\\aggoogle\\product-plan\\apps\\api\\src\\domains\\clients\\schemas\\client.schema.ts": {"lines":{"total":3,"covered":3,"skipped":0,"pct":100},"functions":{"total":0,"covered":0,"skipped":0,"pct":100},"statements":{"total":3,"covered":3,"skipped":0,"pct":100},"branches":{"total":0,"covered":0,"skipped":0,"pct":100}}
,"W:\\Marakana Corp\\Companies\\akount\\Development\\Brand\\aggoogle\\product-plan\\apps\\api\\src\\domains\\clients\\services\\client.service.ts": {"lines":{"total":23,"covered":23,"skipped":0,"pct":100},"functions":{"total":5,"covered":5,"skipped":0,"pct":100},"statements":{"total":28,"covered":28,"skipped":0,"pct":100},"branches":{"total":34,"covered":31,"skipped":0,"pct":91.17}}
,"W:\\Marakana Corp\\Companies\\akount\\Development\\Brand\\aggoogle\\product-plan\\apps\\api\\src\\domains\\invoicing\\routes\\bills.ts": {"lines":{"total":116,"covered":57,"skipped":0,"pct":49.13},"functions":{"total":11,"covered":7,"skipped":0,"pct":63.63},"statements":{"total":116,"covered":57,"skipped":0,"pct":49.13},"branches":{"total":78,"covered":30,"skipped":0,"pct":38.46}}
,"W:\\Marakana Corp\\Companies\\akount\\Development\\Brand\\aggoogle\\product-plan\\apps\\api\\src\\domains\\invoicing\\routes\\invoices.ts": {"lines":{"total":144,"covered":59,"skipped":0,"pct":40.97},"functions":{"total":13,"covered":7,"skipped":0,"pct":53.84},"statements":{"total":144,"covered":59,"skipped":0,"pct":40.97},"branches":{"total":101,"covered":30,"skipped":0,"pct":29.7}}
,"W:\\Marakana Corp\\Companies\\akount\\Development\\Brand\\aggoogle\\product-plan\\apps\\api\\src\\domains\\invoicing\\routes\\payments.ts": {"lines":{"total":92,"covered":77,"skipped":0,"pct":83.69},"functions":{"total":9,"covered":9,"skipped":0,"pct":100},"statements":{"total":92,"covered":77,"skipped":0,"pct":83.69},"branches":{"total":62,"covered":46,"skipped":0,"pct":74.19}}
,"W:\\Marakana Corp\\Companies\\akount\\Development\\Brand\\aggoogle\\product-plan\\apps\\api\\src\\domains\\invoicing\\schemas\\bill.schema.ts": {"lines":{"total":6,"covered":5,"skipped":0,"pct":83.33},"functions":{"total":1,"covered":0,"skipped":0,"pct":0},"statements":{"total":6,"covered":5,"skipped":0,"pct":83.33},"branches":{"total":0,"covered":0,"skipped":0,"pct":100}}
,"W:\\Marakana Corp\\Companies\\akount\\Development\\Brand\\aggoogle\\product-plan\\apps\\api\\src\\domains\\invoicing\\schemas\\invoice.schema.ts": {"lines":{"total":6,"covered":5,"skipped":0,"pct":83.33},"functions":{"total":1,"covered":0,"skipped":0,"pct":0},"statements":{"total":6,"covered":5,"skipped":0,"pct":83.33},"branches":{"total":0,"covered":0,"skipped":0,"pct":100}}
,"W:\\Marakana Corp\\Companies\\akount\\Development\\Brand\\aggoogle\\product-plan\\apps\\api\\src\\domains\\invoicing\\schemas\\payment.schema.ts": {"lines":{"total":7,"covered":5,"skipped":0,"pct":71.42},"functions":{"total":2,"covered":0,"skipped":0,"pct":0},"statements":{"total":7,"covered":5,"skipped":0,"pct":71.42},"branches":{"total":8,"covered":0,"skipped":0,"pct":0}}
,"W:\\Marakana Corp\\Companies\\akount\\Development\\Brand\\aggoogle\\product-plan\\apps\\api\\src\\domains\\invoicing\\services\\bill.service.ts": {"lines":{"total":89,"covered":78,"skipped":0,"pct":87.64},"functions":{"total":20,"covered":18,"skipped":0,"pct":90},"statements":{"total":99,"covered":86,"skipped":0,"pct":86.86},"branches":{"total":140,"covered":112,"skipped":0,"pct":80}}
,"W:\\Marakana Corp\\Companies\\akount\\Development\\Brand\\aggoogle\\product-plan\\apps\\api\\src\\domains\\invoicing\\services\\invoice.service.ts": {"lines":{"total":111,"covered":100,"skipped":0,"pct":90.09},"functions":{"total":24,"covered":22,"skipped":0,"pct":91.66},"statements":{"total":121,"covered":108,"skipped":0,"pct":89.25},"branches":{"total":148,"covered":119,"skipped":0,"pct":80.4}}
,"W:\\Marakana Corp\\Companies\\akount\\Development\\Brand\\aggoogle\\product-plan\\apps\\api\\src\\domains\\invoicing\\services\\payment.service.ts": {"lines":{"total":50,"covered":50,"skipped":0,"pct":100},"functions":{"total":8,"covered":8,"skipped":0,"pct":100},"statements":{"total":53,"covered":53,"skipped":0,"pct":100},"branches":{"total":62,"covered":52,"skipped":0,"pct":83.87}}
,"W:\\Marakana Corp\\Companies\\akount\\Development\\Brand\\aggoogle\\product-plan\\apps\\api\\src\\domains\\invoicing\\services\\pdf.service.ts": {"lines":{"total":118,"covered":117,"skipped":0,"pct":99.15},"functions":{"total":7,"covered":7,"skipped":0,"pct":100},"statements":{"total":120,"covered":119,"skipped":0,"pct":99.16},"branches":{"total":18,"covered":16,"skipped":0,"pct":88.88}}
,"W:\\Marakana Corp\\Companies\\akount\\Development\\Brand\\aggoogle\\product-plan\\apps\\api\\src\\domains\\overview\\routes.ts": {"lines":{"total":73,"covered":19,"skipped":0,"pct":26.02},"functions":{"total":9,"covered":2,"skipped":0,"pct":22.22},"statements":{"total":73,"covered":19,"skipped":0,"pct":26.02},"branches":{"total":12,"covered":0,"skipped":0,"pct":0}}
,"W:\\Marakana Corp\\Companies\\akount\\Development\\Brand\\aggoogle\\product-plan\\apps\\api\\src\\domains\\overview\\schemas\\performance.schema.ts": {"lines":{"total":5,"covered":5,"skipped":0,"pct":100},"functions":{"total":0,"covered":0,"skipped":0,"pct":100},"statements":{"total":5,"covered":5,"skipped":0,"pct":100},"branches":{"total":0,"covered":0,"skipped":0,"pct":100}}
,"W:\\Marakana Corp\\Companies\\akount\\Development\\Brand\\aggoogle\\product-plan\\apps\\api\\src\\domains\\overview\\services\\dashboard.service.ts": {"lines":{"total":136,"covered":29,"skipped":0,"pct":21.32},"functions":{"total":30,"covered":5,"skipped":0,"pct":16.66},"statements":{"total":158,"covered":31,"skipped":0,"pct":19.62},"branches":{"total":90,"covered":17,"skipped":0,"pct":18.88}}
,"W:\\Marakana Corp\\Companies\\akount\\Development\\Brand\\aggoogle\\product-plan\\apps\\api\\src\\domains\\overview\\services\\performance.service.ts": {"lines":{"total":58,"covered":58,"skipped":0,"pct":100},"functions":{"total":17,"covered":17,"skipped":0,"pct":100},"statements":{"total":61,"covered":61,"skipped":0,"pct":100},"branches":{"total":24,"covered":22,"skipped":0,"pct":91.66}}
,"W:\\Marakana Corp\\Companies\\akount\\Development\\Brand\\aggoogle\\product-plan\\apps\\api\\src\\domains\\system\\routes\\entities.ts": {"lines":{"total":71,"covered":71,"skipped":0,"pct":100},"functions":{"total":6,"covered":6,"skipped":0,"pct":100},"statements":{"total":71,"covered":71,"skipped":0,"pct":100},"branches":{"total":32,"covered":31,"skipped":0,"pct":96.87}}
,"W:\\Marakana Corp\\Companies\\akount\\Development\\Brand\\aggoogle\\product-plan\\apps\\api\\src\\domains\\system\\schemas\\entity.schema.ts": {"lines":{"total":6,"covered":6,"skipped":0,"pct":100},"functions":{"total":0,"covered":0,"skipped":0,"pct":100},"statements":{"total":6,"covered":6,"skipped":0,"pct":100},"branches":{"total":0,"covered":0,"skipped":0,"pct":100}}
,"W:\\Marakana Corp\\Companies\\akount\\Development\\Brand\\aggoogle\\product-plan\\apps\\api\\src\\domains\\system\\services\\audit-query.service.ts": {"lines":{"total":25,"covered":25,"skipped":0,"pct":100},"functions":{"total":5,"covered":5,"skipped":0,"pct":100},"statements":{"total":25,"covered":25,"skipped":0,"pct":100},"branches":{"total":36,"covered":36,"skipped":0,"pct":100}}
,"W:\\Marakana Corp\\Companies\\akount\\Development\\Brand\\aggoogle\\product-plan\\apps\\api\\src\\domains\\system\\services\\data-export.service.ts": {"lines":{"total":57,"covered":57,"skipped":0,"pct":100},"functions":{"total":7,"covered":7,"skipped":0,"pct":100},"statements":{"total":61,"covered":61,"skipped":0,"pct":100},"branches":{"total":32,"covered":28,"skipped":0,"pct":87.5}}
,"W:\\Marakana Corp\\Companies\\akount\\Development\\Brand\\aggoogle\\product-plan\\apps\\api\\src\\domains\\system\\services\\entity.service.ts": {"lines":{"total":36,"covered":36,"skipped":0,"pct":100},"functions":{"total":8,"covered":8,"skipped":0,"pct":100},"statements":{"total":36,"covered":36,"skipped":0,"pct":100},"branches":{"total":39,"covered":31,"skipped":0,"pct":79.48}}
,"W:\\Marakana Corp\\Companies\\akount\\Development\\Brand\\aggoogle\\product-plan\\apps\\api\\src\\domains\\system\\services\\health.service.ts": {"lines":{"total":6,"covered":6,"skipped":0,"pct":100},"functions":{"total":2,"covered":2,"skipped":0,"pct":100},"statements":{"total":6,"covered":6,"skipped":0,"pct":100},"branches":{"total":2,"covered":2,"skipped":0,"pct":100}}
,"W:\\Marakana Corp\\Companies\\akount\\Development\\Brand\\aggoogle\\product-plan\\apps\\api\\src\\domains\\system\\services\\user.service.ts": {"lines":{"total":9,"covered":9,"skipped":0,"pct":100},"functions":{"total":4,"covered":4,"skipped":0,"pct":100},"statements":{"total":9,"covered":9,"skipped":0,"pct":100},"branches":{"total":2,"covered":2,"skipped":0,"pct":100}}
,"W:\\Marakana Corp\\Companies\\akount\\Development\\Brand\\aggoogle\\product-plan\\apps\\api\\src\\domains\\vendors\\routes\\vendors.ts": {"lines":{"total":54,"covered":45,"skipped":0,"pct":83.33},"functions":{"total":6,"covered":6,"skipped":0,"pct":100},"statements":{"total":54,"covered":45,"skipped":0,"pct":83.33},"branches":{"total":36,"covered":27,"skipped":0,"pct":75}}
,"W:\\Marakana Corp\\Companies\\akount\\Development\\Brand\\aggoogle\\product-plan\\apps\\api\\src\\domains\\vendors\\schemas\\vendor.schema.ts": {"lines":{"total":3,"covered":3,"skipped":0,"pct":100},"functions":{"total":0,"covered":0,"skipped":0,"pct":100},"statements":{"total":3,"covered":3,"skipped":0,"pct":100},"branches":{"total":0,"covered":0,"skipped":0,"pct":100}}
,"W:\\Marakana Corp\\Companies\\akount\\Development\\Brand\\aggoogle\\product-plan\\apps\\api\\src\\domains\\vendors\\services\\bill.service.ts": {"lines":{"total":6,"covered":0,"skipped":0,"pct":0},"functions":{"total":1,"covered":0,"skipped":0,"pct":0},"statements":{"total":6,"covered":0,"skipped":0,"pct":0},"branches":{"total":10,"covered":0,"skipped":0,"pct":0}}
,"W:\\Marakana Corp\\Companies\\akount\\Development\\Brand\\aggoogle\\product-plan\\apps\\api\\src\\domains\\vendors\\services\\vendor.service.ts": {"lines":{"total":23,"covered":23,"skipped":0,"pct":100},"functions":{"total":5,"covered":5,"skipped":0,"pct":100},"statements":{"total":28,"covered":28,"skipped":0,"pct":100},"branches":{"total":34,"covered":31,"skipped":0,"pct":91.17}}
,"W:\\Marakana Corp\\Companies\\akount\\Development\\Brand\\aggoogle\\product-plan\\apps\\api\\src\\lib\\audit-retention.ts": {"lines":{"total":34,"covered":34,"skipped":0,"pct":100},"functions":{"total":4,"covered":4,"skipped":0,"pct":100},"statements":{"total":35,"covered":35,"skipped":0,"pct":100},"branches":{"total":13,"covered":12,"skipped":0,"pct":92.3}}
,"W:\\Marakana Corp\\Companies\\akount\\Development\\Brand\\aggoogle\\product-plan\\apps\\api\\src\\lib\\audit.ts": {"lines":{"total":44,"covered":42,"skipped":0,"pct":95.45},"functions":{"total":5,"covered":5,"skipped":0,"pct":100},"statements":{"total":45,"covered":43,"skipped":0,"pct":95.55},"branches":{"total":53,"covered":45,"skipped":0,"pct":84.9}}
,"W:\\Marakana Corp\\Companies\\akount\\Development\\Brand\\aggoogle\\product-plan\\apps\\api\\src\\lib\\csv.ts": {"lines":{"total":8,"covered":7,"skipped":0,"pct":87.5},"functions":{"total":2,"covered":2,"skipped":0,"pct":100},"statements":{"total":9,"covered":8,"skipped":0,"pct":88.88},"branches":{"total":10,"covered":9,"skipped":0,"pct":90}}
,"W:\\Marakana Corp\\Companies\\akount\\Development\\Brand\\aggoogle\\product-plan\\apps\\api\\src\\lib\\email.ts": {"lines":{"total":27,"covered":2,"skipped":0,"pct":7.4},"functions":{"total":3,"covered":0,"skipped":0,"pct":0},"statements":{"total":32,"covered":2,"skipped":0,"pct":6.25},"branches":{"total":18,"covered":0,"skipped":0,"pct":0}}
,"W:\\Marakana Corp\\Companies\\akount\\Development\\Brand\\aggoogle\\product-plan\\apps\\api\\src\\lib\\env.ts": {"lines":{"total":33,"covered":7,"skipped":0,"pct":21.21},"functions":{"total":5,"covered":1,"skipped":0,"pct":20},"statements":{"total":34,"covered":7,"skipped":0,"pct":20.58},"branches":{"total":29,"covered":3,"skipped":0,"pct":10.34}}
,"W:\\Marakana Corp\\Companies\\akount\\Development\\Brand\\aggoogle\\product-plan\\apps\\api\\src\\lib\\file-scanner.ts": {"lines":{"total":65,"covered":32,"skipped":0,"pct":49.23},"functions":{"total":12,"covered":6,"skipped":0,"pct":50},"statements":{"total":68,"covered":34,"skipped":0,"pct":50},"branches":{"total":22,"covered":17,"skipped":0,"pct":77.27}}
,"W:\\Marakana Corp\\Companies\\akount\\Development\\Brand\\aggoogle\\product-plan\\apps\\api\\src\\lib\\logger.ts": {"lines":{"total":1,"covered":1,"skipped":0,"pct":100},"functions":{"total":0,"covered":0,"skipped":0,"pct":100},"statements":{"total":1,"covered":1,"skipped":0,"pct":100},"branches":{"total":0,"covered":0,"skipped":0,"pct":100}}
,"W:\\Marakana Corp\\Companies\\akount\\Development\\Brand\\aggoogle\\product-plan\\apps\\api\\src\\lib\\tenant-scoped-query.ts": {"lines":{"total":8,"covered":8,"skipped":0,"pct":100},"functions":{"total":1,"covered":1,"skipped":0,"pct":100},"statements":{"total":8,"covered":8,"skipped":0,"pct":100},"branches":{"total":7,"covered":7,"skipped":0,"pct":100}}
,"W:\\Marakana Corp\\Companies\\akount\\Development\\Brand\\aggoogle\\product-plan\\apps\\api\\src\\lib\\upload-quota.ts": {"lines":{"total":18,"covered":18,"skipped":0,"pct":100},"functions":{"total":2,"covered":2,"skipped":0,"pct":100},"statements":{"total":18,"covered":18,"skipped":0,"pct":100},"branches":{"total":6,"covered":6,"skipped":0,"pct":100}}
,"W:\\Marakana Corp\\Companies\\akount\\Development\\Brand\\aggoogle\\product-plan\\apps\\api\\src\\lib\\data\\jurisdictions\\ca.json": {"lines":{"total":0,"covered":0,"skipped":0,"pct":0},"functions":{"total":0,"covered":0,"skipped":0,"pct":0},"statements":{"total":0,"covered":0,"skipped":0,"pct":0},"branches":{"total":0,"covered":0,"skipped":0,"pct":0}}
,"W:\\Marakana Corp\\Companies\\akount\\Development\\Brand\\aggoogle\\product-plan\\apps\\api\\src\\lib\\data\\jurisdictions\\in.json": {"lines":{"total":0,"covered":0,"skipped":0,"pct":0},"functions":{"total":0,"covered":0,"skipped":0,"pct":0},"statements":{"total":0,"covered":0,"skipped":0,"pct":0},"branches":{"total":0,"covered":0,"skipped":0,"pct":0}}
,"W:\\Marakana Corp\\Companies\\akount\\Development\\Brand\\aggoogle\\product-plan\\apps\\api\\src\\lib\\data\\jurisdictions\\index.ts": {"lines":{"total":3,"covered":2,"skipped":0,"pct":66.66},"functions":{"total":2,"covered":1,"skipped":0,"pct":50},"statements":{"total":3,"covered":2,"skipped":0,"pct":66.66},"branches":{"total":2,"covered":2,"skipped":0,"pct":100}}
,"W:\\Marakana Corp\\Companies\\akount\\Development\\Brand\\aggoogle\\product-plan\\apps\\api\\src\\lib\\data\\jurisdictions\\us.json": {"lines":{"total":0,"covered":0,"skipped":0,"pct":0},"functions":{"total":0,"covered":0,"skipped":0,"pct":0},"statements":{"total":0,"covered":0,"skipped":0,"pct":0},"branches":{"total":0,"covered":0,"skipped":0,"pct":0}}
,"W:\\Marakana Corp\\Companies\\akount\\Development\\Brand\\aggoogle\\product-plan\\apps\\api\\src\\lib\\validators\\tax-id.ts": {"lines":{"total":22,"covered":20,"skipped":0,"pct":90.9},"functions":{"total":3,"covered":3,"skipped":0,"pct":100},"statements":{"total":22,"covered":20,"skipped":0,"pct":90.9},"branches":{"total":17,"covered":15,"skipped":0,"pct":88.23}}
,"W:\\Marakana Corp\\Companies\\akount\\Development\\Brand\\aggoogle\\product-plan\\apps\\api\\src\\middleware\\auth.ts": {"lines":{"total":26,"covered":26,"skipped":0,"pct":100},"functions":{"total":6,"covered":5,"skipped":0,"pct":83.33},"statements":{"total":28,"covered":27,"skipped":0,"pct":96.42},"branches":{"total":14,"covered":13,"skipped":0,"pct":92.85}}
,"W:\\Marakana Corp\\Companies\\akount\\Development\\Brand\\aggoogle\\product-plan\\apps\\api\\src\\middleware\\errorHandler.ts": {"lines":{"total":7,"covered":7,"skipped":0,"pct":100},"functions":{"total":2,"covered":2,"skipped":0,"pct":100},"statements":{"total":7,"covered":7,"skipped":0,"pct":100},"branches":{"total":12,"covered":12,"skipped":0,"pct":100}}
,"W:\\Marakana Corp\\Companies\\akount\\Development\\Brand\\aggoogle\\product-plan\\apps\\api\\src\\middleware\\rate-limit.ts": {"lines":{"total":17,"covered":17,"skipped":0,"pct":100},"functions":{"total":9,"covered":9,"skipped":0,"pct":100},"statements":{"total":17,"covered":17,"skipped":0,"pct":100},"branches":{"total":4,"covered":4,"skipped":0,"pct":100}}
,"W:\\Marakana Corp\\Companies\\akount\\Development\\Brand\\aggoogle\\product-plan\\apps\\api\\src\\middleware\\rbac.ts": {"lines":{"total":15,"covered":15,"skipped":0,"pct":100},"functions":{"total":5,"covered":5,"skipped":0,"pct":100},"statements":{"total":16,"covered":16,"skipped":0,"pct":100},"branches":{"total":6,"covered":6,"skipped":0,"pct":100}}
,"W:\\Marakana Corp\\Companies\\akount\\Development\\Brand\\aggoogle\\product-plan\\apps\\api\\src\\middleware\\sanitize.ts": {"lines":{"total":34,"covered":33,"skipped":0,"pct":97.05},"functions":{"total":10,"covered":10,"skipped":0,"pct":100},"statements":{"total":34,"covered":33,"skipped":0,"pct":97.05},"branches":{"total":20,"covered":19,"skipped":0,"pct":95}}
,"W:\\Marakana Corp\\Companies\\akount\\Development\\Brand\\aggoogle\\product-plan\\apps\\api\\src\\middleware\\security-headers.ts": {"lines":{"total":14,"covered":14,"skipped":0,"pct":100},"functions":{"total":4,"covered":4,"skipped":0,"pct":100},"statements":{"total":14,"covered":14,"skipped":0,"pct":100},"branches":{"total":2,"covered":2,"skipped":0,"pct":100}}
,"W:\\Marakana Corp\\Companies\\akount\\Development\\Brand\\aggoogle\\product-plan\\apps\\api\\src\\middleware\\tenant.ts": {"lines":{"total":15,"covered":15,"skipped":0,"pct":100},"functions":{"total":2,"covered":2,"skipped":0,"pct":100},"statements":{"total":15,"covered":15,"skipped":0,"pct":100},"branches":{"total":6,"covered":6,"skipped":0,"pct":100}}
,"W:\\Marakana Corp\\Companies\\akount\\Development\\Brand\\aggoogle\\product-plan\\apps\\api\\src\\middleware\\validation.ts": {"lines":{"total":22,"covered":20,"skipped":0,"pct":90.9},"functions":{"total":10,"covered":10,"skipped":0,"pct":100},"statements":{"total":22,"covered":20,"skipped":0,"pct":90.9},"branches":{"total":6,"covered":4,"skipped":0,"pct":66.66}}
,"W:\\Marakana Corp\\Companies\\akount\\Development\\Brand\\aggoogle\\product-plan\\apps\\api\\src\\middleware\\withPermission.ts": {"lines":{"total":7,"covered":7,"skipped":0,"pct":100},"functions":{"total":3,"covered":3,"skipped":0,"pct":100},"statements":{"total":7,"covered":7,"skipped":0,"pct":100},"branches":{"total":0,"covered":0,"skipped":0,"pct":100}}
}
