TN:
SF:src\domains\accounting\errors.ts
FN:54,(anonymous_0)
FN:69,handleAccountingError
FNF:2
FNH:2
FNDA:181,(anonymous_0)
FNDA:51,handleAccountingError
DA:56,181
DA:57,181
DA:58,181
DA:60,181
DA:61,181
DA:70,51
DA:71,48
DA:77,3
LF:8
LH:8
BRDA:70,0,0,48
BRDA:70,0,1,3
BRF:2
BRH:2
end_of_record
TN:
SF:src\domains\accounting\__tests__\helpers.ts
FN:11,mockGLAccount
FN:39,mockEntity
FNF:2
FNH:2
FNDA:13,mockGLAccount
FNDA:111,mockEntity
DA:4,7
DA:5,7
DA:6,7
DA:7,7
DA:8,7
DA:9,7
DA:12,13
DA:40,111
LF:8
LH:8
BRDA:11,0,0,13
BRDA:39,1,0,111
BRF:2
BRH:2
end_of_record
TN:
SF:src\domains\accounting\routes\asset.ts
FN:27,assetRoutes
FN:35,(anonymous_1)
FN:60,(anonymous_2)
FN:85,(anonymous_3)
FN:113,(anonymous_4)
FN:142,(anonymous_5)
FN:168,(anonymous_6)
FN:193,(anonymous_7)
FNF:8
FNH:8
FNDA:17,assetRoutes
FNDA:2,(anonymous_1)
FNDA:3,(anonymous_2)
FNDA:2,(anonymous_3)
FNDA:3,(anonymous_4)
FNDA:2,(anonymous_5)
FNDA:2,(anonymous_6)
FNDA:3,(anonymous_7)
DA:29,17
DA:36,2
DA:37,0
DA:40,2
DA:41,2
DA:43,2
DA:44,2
DA:45,2
DA:46,2
DA:48,0
DA:54,17
DA:61,3
DA:62,0
DA:65,3
DA:66,3
DA:68,3
DA:69,3
DA:70,1
DA:71,1
DA:73,2
DA:79,17
DA:86,2
DA:87,0
DA:90,2
DA:91,2
DA:93,2
DA:94,2
DA:95,1
DA:96,1
DA:98,1
DA:104,17
DA:114,3
DA:115,0
DA:118,3
DA:119,3
DA:120,3
DA:122,3
DA:123,3
DA:124,1
DA:125,1
DA:127,2
DA:133,17
DA:143,2
DA:144,0
DA:147,2
DA:148,2
DA:149,2
DA:151,2
DA:152,2
DA:153,1
DA:154,1
DA:156,1
DA:162,17
DA:169,2
DA:170,0
DA:173,2
DA:174,2
DA:176,2
DA:177,2
DA:178,1
DA:179,1
DA:181,1
DA:187,17
DA:194,3
DA:195,0
DA:198,3
DA:199,3
DA:201,3
DA:202,3
DA:203,2
DA:207,2
DA:209,1
LF:72
LH:64
BRDA:36,0,0,0
BRDA:36,0,1,2
BRDA:36,1,0,2
BRDA:36,1,1,2
BRDA:61,2,0,0
BRDA:61,2,1,3
BRDA:61,3,0,3
BRDA:61,3,1,3
BRDA:86,4,0,0
BRDA:86,4,1,2
BRDA:86,5,0,2
BRDA:86,5,1,2
BRDA:114,6,0,0
BRDA:114,6,1,3
BRDA:114,7,0,3
BRDA:114,7,1,3
BRDA:143,8,0,0
BRDA:143,8,1,2
BRDA:143,9,0,2
BRDA:143,9,1,2
BRDA:169,10,0,0
BRDA:169,10,1,2
BRDA:169,11,0,2
BRDA:169,11,1,2
BRDA:194,12,0,0
BRDA:194,12,1,3
BRDA:194,13,0,3
BRDA:194,13,1,3
BRF:28
BRH:21
end_of_record
TN:
SF:src\domains\accounting\routes\fiscal-period.ts
FN:23,fiscalPeriodRoutes
FN:31,(anonymous_1)
FN:55,(anonymous_2)
FN:79,(anonymous_3)
FN:103,(anonymous_4)
FN:127,(anonymous_5)
FN:151,(anonymous_6)
FNF:7
FNH:7
FNDA:17,fiscalPeriodRoutes
FNDA:4,(anonymous_1)
FNDA:2,(anonymous_2)
FNDA:3,(anonymous_3)
FNDA:3,(anonymous_4)
FNDA:3,(anonymous_5)
FNDA:2,(anonymous_6)
DA:25,17
DA:32,4
DA:33,0
DA:36,4
DA:37,4
DA:39,4
DA:40,4
DA:41,2
DA:43,2
DA:49,17
DA:56,2
DA:57,0
DA:60,2
DA:61,2
DA:63,2
DA:64,2
DA:65,1
DA:67,1
DA:73,17
DA:80,3
DA:81,0
DA:84,3
DA:85,3
DA:87,3
DA:88,3
DA:89,1
DA:91,2
DA:97,17
DA:104,3
DA:105,0
DA:108,3
DA:109,3
DA:111,3
DA:112,3
DA:113,1
DA:115,2
DA:121,17
DA:128,3
DA:129,0
DA:132,3
DA:133,3
DA:135,3
DA:136,3
DA:137,1
DA:139,2
DA:145,17
DA:152,2
DA:153,0
DA:156,2
DA:157,2
DA:159,2
DA:160,2
DA:161,1
DA:163,1
LF:54
LH:48
BRDA:32,0,0,0
BRDA:32,0,1,4
BRDA:32,1,0,4
BRDA:32,1,1,4
BRDA:56,2,0,0
BRDA:56,2,1,2
BRDA:56,3,0,2
BRDA:56,3,1,2
BRDA:80,4,0,0
BRDA:80,4,1,3
BRDA:80,5,0,3
BRDA:80,5,1,3
BRDA:104,6,0,0
BRDA:104,6,1,3
BRDA:104,7,0,3
BRDA:104,7,1,3
BRDA:128,8,0,0
BRDA:128,8,1,3
BRDA:128,9,0,3
BRDA:128,9,1,3
BRDA:152,10,0,0
BRDA:152,10,1,2
BRDA:152,11,0,2
BRDA:152,11,1,2
BRF:24
BRH:18
end_of_record
TN:
SF:src\domains\accounting\routes\gl-account.ts
FN:28,glAccountRoutes
FN:38,(anonymous_1)
FN:62,(anonymous_2)
FN:85,(anonymous_3)
FN:109,(anonymous_4)
FN:133,(anonymous_5)
FN:157,(anonymous_6)
FN:182,(anonymous_7)
FNF:8
FNH:8
FNDA:12,glAccountRoutes
FNDA:1,(anonymous_1)
FNDA:2,(anonymous_2)
FNDA:1,(anonymous_3)
FNDA:2,(anonymous_4)
FNDA:3,(anonymous_5)
FNDA:1,(anonymous_6)
FNDA:2,(anonymous_7)
DA:32,12
DA:39,1
DA:40,0
DA:43,1
DA:44,1
DA:46,1
DA:47,1
DA:48,1
DA:50,0
DA:56,12
DA:63,2
DA:64,0
DA:67,2
DA:69,2
DA:70,2
DA:71,2
DA:73,0
DA:79,12
DA:86,1
DA:87,0
DA:90,1
DA:91,1
DA:93,1
DA:94,1
DA:95,1
DA:97,0
DA:103,12
DA:110,2
DA:111,0
DA:114,2
DA:115,2
DA:117,2
DA:118,2
DA:119,1
DA:121,1
DA:127,12
DA:134,3
DA:135,0
DA:138,3
DA:139,3
DA:141,3
DA:142,3
DA:143,1
DA:145,2
DA:151,12
DA:158,1
DA:159,0
DA:162,1
DA:163,1
DA:164,1
DA:166,1
DA:167,1
DA:168,1
DA:170,0
DA:176,12
DA:183,2
DA:184,0
DA:187,2
DA:188,2
DA:190,2
DA:191,2
DA:192,1
DA:194,1
LF:63
LH:52
BRDA:39,0,0,0
BRDA:39,0,1,1
BRDA:39,1,0,1
BRDA:39,1,1,1
BRDA:63,2,0,0
BRDA:63,2,1,2
BRDA:63,3,0,2
BRDA:63,3,1,2
BRDA:71,4,0,1
BRDA:71,4,1,1
BRDA:86,5,0,0
BRDA:86,5,1,1
BRDA:86,6,0,1
BRDA:86,6,1,1
BRDA:110,7,0,0
BRDA:110,7,1,2
BRDA:110,8,0,2
BRDA:110,8,1,2
BRDA:134,9,0,0
BRDA:134,9,1,3
BRDA:134,10,0,3
BRDA:134,10,1,3
BRDA:158,11,0,0
BRDA:158,11,1,1
BRDA:158,12,0,1
BRDA:158,12,1,1
BRDA:183,13,0,0
BRDA:183,13,1,2
BRDA:183,14,0,2
BRDA:183,14,1,2
BRF:30
BRH:23
end_of_record
TN:
SF:src\domains\accounting\routes\journal-entry.ts
FN:30,journalEntryRoutes
FN:42,(anonymous_1)
FN:66,(anonymous_2)
FN:90,(anonymous_3)
FN:118,(anonymous_4)
FN:160,(anonymous_5)
FN:184,(anonymous_6)
FN:212,(anonymous_7)
FN:236,(anonymous_8)
FN:264,(anonymous_9)
FN:288,(anonymous_10)
FNF:11
FNH:11
FNDA:27,journalEntryRoutes
FNDA:5,(anonymous_1)
FNDA:2,(anonymous_2)
FNDA:3,(anonymous_3)
FNDA:4,(anonymous_4)
FNDA:1,(anonymous_5)
FNDA:3,(anonymous_6)
FNDA:2,(anonymous_7)
FNDA:3,(anonymous_8)
FNDA:2,(anonymous_9)
FNDA:2,(anonymous_10)
DA:36,27
DA:43,5
DA:44,0
DA:47,5
DA:48,5
DA:50,5
DA:51,5
DA:52,2
DA:54,3
DA:60,27
DA:67,2
DA:68,0
DA:71,2
DA:72,2
DA:74,2
DA:75,2
DA:76,1
DA:78,1
DA:84,27
DA:91,3
DA:92,0
DA:95,3
DA:96,3
DA:98,3
DA:99,3
DA:104,1
DA:106,2
DA:112,27
DA:119,4
DA:120,0
DA:123,4
DA:124,4
DA:130,4
DA:131,4
DA:133,3
DA:142,3
DA:144,1
DA:154,27
DA:161,1
DA:162,0
DA:165,1
DA:166,1
DA:168,1
DA:169,1
DA:170,1
DA:172,0
DA:178,27
DA:185,3
DA:186,0
DA:189,3
DA:190,3
DA:192,3
DA:193,3
DA:194,1
DA:196,2
DA:206,27
DA:213,2
DA:214,0
DA:217,2
DA:218,2
DA:220,2
DA:221,2
DA:222,1
DA:224,1
DA:230,27
DA:237,3
DA:238,0
DA:241,3
DA:242,3
DA:248,3
DA:249,3
DA:250,1
DA:252,2
DA:258,27
DA:265,2
DA:266,0
DA:269,2
DA:270,2
DA:272,2
DA:273,2
DA:274,1
DA:276,1
DA:282,27
DA:289,2
DA:290,0
DA:293,2
DA:294,2
DA:296,2
DA:297,2
DA:298,1
DA:300,1
LF:91
LH:80
BRDA:43,0,0,0
BRDA:43,0,1,5
BRDA:43,1,0,5
BRDA:43,1,1,5
BRDA:67,2,0,0
BRDA:67,2,1,2
BRDA:67,3,0,2
BRDA:67,3,1,2
BRDA:91,4,0,0
BRDA:91,4,1,3
BRDA:91,5,0,3
BRDA:91,5,1,3
BRDA:119,6,0,0
BRDA:119,6,1,4
BRDA:119,7,0,4
BRDA:119,7,1,4
BRDA:161,8,0,0
BRDA:161,8,1,1
BRDA:161,9,0,1
BRDA:161,9,1,1
BRDA:185,10,0,0
BRDA:185,10,1,3
BRDA:185,11,0,3
BRDA:185,11,1,3
BRDA:213,12,0,0
BRDA:213,12,1,2
BRDA:213,13,0,2
BRDA:213,13,1,2
BRDA:237,14,0,0
BRDA:237,14,1,3
BRDA:237,15,0,3
BRDA:237,15,1,3
BRDA:265,16,0,0
BRDA:265,16,1,2
BRDA:265,17,0,2
BRDA:265,17,1,2
BRDA:289,18,0,0
BRDA:289,18,1,2
BRDA:289,19,0,2
BRDA:289,19,1,2
BRF:40
BRH:30
end_of_record
TN:
SF:src\domains\accounting\routes\report.ts
FN:43,createReportHandler
FN:47,(anonymous_1)
FN:91,(anonymous_2)
FN:104,reportRoutes
FN:113,(anonymous_4)
FN:115,(anonymous_5)
FN:116,(anonymous_6)
FN:117,(anonymous_7)
FN:130,(anonymous_8)
FN:132,(anonymous_9)
FN:133,(anonymous_10)
FN:134,(anonymous_11)
FN:147,(anonymous_12)
FN:149,(anonymous_13)
FN:150,(anonymous_14)
FN:151,(anonymous_15)
FN:164,(anonymous_16)
FN:166,(anonymous_17)
FN:167,(anonymous_18)
FN:180,(anonymous_19)
FN:182,(anonymous_20)
FN:185,(anonymous_21)
FN:198,(anonymous_22)
FN:210,(anonymous_23)
FN:218,sanitizeFilename
FNF:25
FNH:11
FNDA:140,createReportHandler
FNDA:20,(anonymous_1)
FNDA:140,(anonymous_2)
FNDA:20,reportRoutes
FNDA:5,(anonymous_4)
FNDA:0,(anonymous_5)
FNDA:0,(anonymous_6)
FNDA:0,(anonymous_7)
FNDA:2,(anonymous_8)
FNDA:0,(anonymous_9)
FNDA:0,(anonymous_10)
FNDA:0,(anonymous_11)
FNDA:2,(anonymous_12)
FNDA:0,(anonymous_13)
FNDA:0,(anonymous_14)
FNDA:0,(anonymous_15)
FNDA:3,(anonymous_16)
FNDA:0,(anonymous_17)
FNDA:0,(anonymous_18)
FNDA:4,(anonymous_19)
FNDA:0,(anonymous_20)
FNDA:0,(anonymous_21)
FNDA:2,(anonymous_22)
FNDA:2,(anonymous_23)
FNDA:0,sanitizeFilename
DA:47,140
DA:48,20
DA:49,0
DA:52,20
DA:53,20
DA:55,20
DA:56,20
DA:57,12
DA:59,20
DA:60,10
DA:61,0
DA:62,0
DA:63,0
DA:69,10
DA:70,0
DA:71,0
DA:72,0
DA:79,12
DA:81,8
DA:91,140
DA:109,20
DA:113,5
DA:115,0
DA:116,0
DA:117,0
DA:126,20
DA:130,2
DA:132,0
DA:133,0
DA:134,0
DA:143,20
DA:147,2
DA:149,0
DA:150,0
DA:151,0
DA:160,20
DA:164,3
DA:166,0
DA:167,0
DA:176,20
DA:180,4
DA:182,0
DA:185,0
DA:194,20
DA:198,2
DA:206,20
DA:210,2
DA:219,0
DA:222,0
LF:49
LH:27
BRDA:48,0,0,0
BRDA:48,0,1,20
BRDA:48,1,0,20
BRDA:48,1,1,20
BRDA:57,2,0,12
BRDA:57,2,1,12
BRDA:59,3,0,10
BRDA:59,3,1,10
BRDA:60,4,0,0
BRDA:60,4,1,10
BRDA:60,5,0,10
BRDA:60,5,1,0
BRDA:69,6,0,0
BRDA:69,6,1,10
BRDA:69,7,0,10
BRDA:69,7,1,0
BRDA:222,8,0,0
BRDA:222,8,1,0
BRF:18
BRH:11
end_of_record
TN:
SF:src\domains\accounting\routes\tax-rate.ts
FN:23,taxRateRoutes
FN:31,(anonymous_1)
FN:56,(anonymous_2)
FN:81,(anonymous_3)
FN:109,(anonymous_4)
FN:137,(anonymous_5)
FNF:6
FNH:6
FNDA:14,taxRateRoutes
FNDA:3,(anonymous_1)
FNDA:2,(anonymous_2)
FNDA:4,(anonymous_3)
FNDA:2,(anonymous_4)
FNDA:3,(anonymous_5)
DA:25,14
DA:32,3
DA:33,0
DA:36,3
DA:37,3
DA:39,3
DA:40,3
DA:41,2
DA:42,2
DA:44,1
DA:50,14
DA:57,2
DA:58,0
DA:61,2
DA:62,2
DA:64,2
DA:65,2
DA:66,1
DA:67,1
DA:69,1
DA:75,14
DA:82,4
DA:83,0
DA:86,4
DA:87,4
DA:89,4
DA:90,4
DA:91,1
DA:92,1
DA:94,3
DA:100,14
DA:110,2
DA:111,0
DA:114,2
DA:115,2
DA:116,2
DA:118,2
DA:119,2
DA:120,1
DA:121,1
DA:123,1
DA:129,14
DA:138,3
DA:139,0
DA:142,3
DA:143,3
DA:145,3
DA:146,3
DA:147,2
DA:148,2
DA:150,1
LF:51
LH:46
BRDA:32,0,0,0
BRDA:32,0,1,3
BRDA:32,1,0,3
BRDA:32,1,1,3
BRDA:57,2,0,0
BRDA:57,2,1,2
BRDA:57,3,0,2
BRDA:57,3,1,2
BRDA:82,4,0,0
BRDA:82,4,1,4
BRDA:82,5,0,4
BRDA:82,5,1,4
BRDA:110,6,0,0
BRDA:110,6,1,2
BRDA:110,7,0,2
BRDA:110,7,1,2
BRDA:138,8,0,0
BRDA:138,8,1,3
BRDA:138,9,0,3
BRDA:138,9,1,3
BRF:20
BRH:15
end_of_record
TN:
SF:src\domains\accounting\schemas\asset.schema.ts
FN:57,(anonymous_0)
FNF:1
FNH:0
FNDA:0,(anonymous_0)
DA:7,1
DA:18,1
DA:24,1
DA:34,1
DA:43,1
DA:57,0
DA:66,1
DA:83,1
DA:95,1
DA:105,1
LF:10
LH:9
BRF:0
BRH:0
end_of_record
TN:
SF:src\domains\accounting\schemas\fiscal-period.schema.ts
FNF:0
FNH:0
DA:7,1
DA:12,1
DA:21,1
DA:32,1
DA:43,1
DA:46,1
DA:49,1
LF:7
LH:7
BRF:0
BRH:0
end_of_record
TN:
SF:src\domains\accounting\schemas\gl-account.schema.ts
FNF:0
FNH:0
DA:8,1
DA:17,1
DA:32,1
DA:44,1
DA:57,1
DA:66,1
LF:6
LH:6
BRF:0
BRH:0
end_of_record
TN:
SF:src\domains\accounting\schemas\journal-entry.schema.ts
FN:29,(anonymous_0)
FN:31,(anonymous_1)
FN:60,(anonymous_2)
FN:63,(anonymous_3)
FN:64,(anonymous_4)
FN:65,(anonymous_5)
FN:70,(anonymous_6)
FN:72,(anonymous_7)
FN:75,(anonymous_8)
FN:76,(anonymous_9)
FNF:10
FNH:0
FNDA:0,(anonymous_0)
FNDA:0,(anonymous_1)
FNDA:0,(anonymous_2)
FNDA:0,(anonymous_3)
FNDA:0,(anonymous_4)
FNDA:0,(anonymous_5)
FNDA:0,(anonymous_6)
FNDA:0,(anonymous_7)
FNDA:0,(anonymous_8)
FNDA:0,(anonymous_9)
DA:8,1
DA:18,1
DA:29,0
DA:33,0
DA:34,0
DA:35,0
DA:37,0
DA:38,0
DA:40,0
DA:41,0
DA:52,1
DA:60,0
DA:64,0
DA:65,0
DA:66,0
DA:72,0
DA:73,0
DA:75,0
DA:76,0
DA:77,0
DA:88,1
DA:104,1
DA:116,1
DA:128,1
DA:134,1
DA:147,1
LF:26
LH:9
BRDA:33,0,0,0
BRDA:33,0,1,0
BRDA:34,1,0,0
BRDA:34,1,1,0
BRDA:37,2,0,0
BRDA:37,2,1,0
BRDA:37,3,0,0
BRDA:37,3,1,0
BRDA:40,4,0,0
BRDA:40,4,1,0
BRDA:40,5,0,0
BRDA:40,5,1,0
BRDA:73,6,0,0
BRDA:73,6,1,0
BRDA:75,7,0,0
BRDA:75,7,1,0
BRDA:76,8,0,0
BRDA:76,8,1,0
BRF:18
BRH:0
end_of_record
TN:
SF:src\domains\accounting\schemas\report.schema.ts
FN:54,(anonymous_0)
FNF:1
FNH:1
FNDA:1,(anonymous_0)
DA:15,2
DA:28,2
DA:40,2
DA:52,2
DA:54,1
DA:63,2
DA:78,2
DA:90,2
DA:102,2
LF:9
LH:9
BRF:0
BRH:0
end_of_record
TN:
SF:src\domains\accounting\schemas\tax-rate.schema.ts
FNF:0
FNH:0
DA:7,1
DA:16,1
DA:40,1
DA:56,1
DA:68,1
LF:5
LH:5
BRF:0
BRH:0
end_of_record
TN:
SF:src\domains\accounting\services\asset.service.ts
FN:53,(anonymous_0)
FN:65,(anonymous_1)
FN:100,(anonymous_2)
FN:120,(anonymous_3)
FN:171,(anonymous_4)
FN:233,(anonymous_5)
FN:234,(anonymous_6)
FN:294,(anonymous_7)
FN:334,(anonymous_8)
FN:409,(anonymous_9)
FN:455,(anonymous_10)
FN:460,(anonymous_11)
FN:506,(anonymous_12)
FNF:13
FNH:13
FNDA:39,(anonymous_0)
FNDA:7,(anonymous_1)
FNDA:5,(anonymous_2)
FNDA:5,(anonymous_3)
FNDA:3,(anonymous_4)
FNDA:3,(anonymous_5)
FNDA:3,(anonymous_6)
FNDA:3,(anonymous_7)
FNDA:8,(anonymous_8)
FNDA:6,(anonymous_9)
FNDA:3,(anonymous_10)
FNDA:1,(anonymous_11)
FNDA:1,(anonymous_12)
DA:14,1
DA:37,1
DA:54,39
DA:55,39
DA:66,7
DA:73,7
DA:74,1
DA:76,7
DA:77,1
DA:79,7
DA:80,1
DA:88,7
DA:94,7
DA:101,5
DA:110,5
DA:111,3
DA:114,2
DA:121,5
DA:124,3
DA:125,2
DA:127,2
DA:128,1
DA:130,2
DA:131,1
DA:134,2
DA:154,2
DA:164,2
DA:172,3
DA:181,3
DA:182,1
DA:185,2
DA:186,1
DA:190,1
DA:191,0
DA:193,1
DA:194,0
DA:196,1
DA:197,0
DA:200,1
DA:216,1
DA:227,1
DA:234,3
DA:235,3
DA:251,3
DA:252,1
DA:255,2
DA:256,1
DA:259,1
DA:260,1
DA:262,1
DA:272,1
DA:287,1
DA:295,3
DA:304,3
DA:305,1
DA:308,2
DA:313,2
DA:343,8
DA:344,8
DA:347,8
DA:349,7
DA:351,7
DA:354,5
DA:357,5
DA:358,5
DA:360,5
DA:362,1
DA:363,1
DA:368,1
DA:369,1
DA:371,4
DA:373,5
DA:378,1
DA:379,1
DA:380,1
DA:381,1
DA:385,1
DA:386,1
DA:387,1
DA:392,7
DA:393,1
DA:396,7
DA:410,6
DA:412,5
DA:414,5
DA:421,5
DA:427,5
DA:428,1
DA:431,5
DA:448,5
DA:449,2
DA:453,3
DA:455,3
DA:460,3
DA:467,3
DA:468,3
DA:470,3
DA:472,3
DA:473,1
DA:474,1
DA:478,2
DA:479,2
DA:480,2
DA:481,1
DA:482,1
DA:486,1
DA:496,1
DA:497,0
DA:498,0
DA:506,1
DA:507,1
DA:510,1
DA:512,1
DA:514,1
DA:550,1
DA:554,1
DA:566,1
DA:567,1
DA:569,1
DA:577,1
DA:580,1
DA:588,3
DA:603,3
LF:123
LH:118
BRDA:73,0,0,1
BRDA:73,0,1,6
BRDA:76,1,0,1
BRDA:76,1,1,6
BRDA:79,2,0,1
BRDA:79,2,1,6
BRDA:110,3,0,3
BRDA:110,3,1,2
BRDA:124,4,0,2
BRDA:124,4,1,1
BRDA:127,5,0,1
BRDA:127,5,1,1
BRDA:130,6,0,1
BRDA:130,6,1,1
BRDA:181,7,0,1
BRDA:181,7,1,2
BRDA:185,8,0,1
BRDA:185,8,1,1
BRDA:190,9,0,0
BRDA:190,9,1,1
BRDA:193,10,0,0
BRDA:193,10,1,1
BRDA:196,11,0,0
BRDA:196,11,1,1
BRDA:224,12,0,1
BRDA:224,12,1,1
BRDA:251,13,0,1
BRDA:251,13,1,2
BRDA:255,14,0,1
BRDA:255,14,1,1
BRDA:304,15,0,1
BRDA:304,15,1,2
BRDA:347,16,0,1
BRDA:347,16,1,7
BRDA:351,17,0,7
BRDA:351,17,1,1
BRDA:351,17,2,1
BRDA:360,18,0,1
BRDA:360,18,1,4
BRDA:392,19,0,1
BRDA:392,19,1,6
BRDA:427,20,0,1
BRDA:427,20,1,4
BRDA:427,21,0,5
BRDA:427,21,1,1
BRDA:448,22,0,2
BRDA:448,22,1,3
BRDA:472,23,0,1
BRDA:472,23,1,2
BRDA:480,24,0,1
BRDA:480,24,1,1
BRDA:496,25,0,0
BRDA:496,25,1,1
BRDA:510,26,0,1
BRDA:510,26,1,0
BRDA:510,27,0,1
BRDA:510,27,1,1
BRDA:573,28,0,0
BRDA:573,28,1,1
BRF:59
BRH:53
end_of_record
TN:
SF:src\domains\accounting\services\document-posting.service.ts
FN:48,(anonymous_0)
FN:68,(anonymous_1)
FN:69,(anonymous_2)
FN:134,(anonymous_3)
FN:135,(anonymous_4)
FN:204,(anonymous_5)
FN:221,(anonymous_6)
FN:222,(anonymous_7)
FN:329,(anonymous_8)
FN:330,(anonymous_9)
FN:395,(anonymous_10)
FN:396,(anonymous_11)
FN:451,(anonymous_12)
FN:482,(anonymous_13)
FN:483,(anonymous_14)
FN:589,(anonymous_15)
FN:590,(anonymous_16)
FN:854,(anonymous_17)
FN:943,(anonymous_18)
FN:944,(anonymous_19)
FN:1033,(anonymous_20)
FNF:21
FNH:18
FNDA:16,(anonymous_0)
FNDA:7,(anonymous_1)
FNDA:7,(anonymous_2)
FNDA:4,(anonymous_3)
FNDA:4,(anonymous_4)
FNDA:4,(anonymous_5)
FNDA:9,(anonymous_6)
FNDA:9,(anonymous_7)
FNDA:4,(anonymous_8)
FNDA:4,(anonymous_9)
FNDA:2,(anonymous_10)
FNDA:2,(anonymous_11)
FNDA:2,(anonymous_12)
FNDA:6,(anonymous_13)
FNDA:6,(anonymous_14)
FNDA:5,(anonymous_15)
FNDA:5,(anonymous_16)
FNDA:0,(anonymous_17)
FNDA:0,(anonymous_18)
FNDA:0,(anonymous_19)
FNDA:8,(anonymous_20)
DA:35,3
DA:49,16
DA:50,16
DA:69,7
DA:71,7
DA:84,7
DA:85,1
DA:88,6
DA:89,1
DA:97,5
DA:107,5
DA:108,1
DA:116,4
DA:119,4
DA:122,3
DA:125,3
DA:128,3
DA:134,4
DA:135,4
DA:136,3
DA:137,0
DA:154,3
DA:157,3
DA:158,3
DA:160,3
DA:161,0
DA:162,0
DA:170,3
DA:185,7
DA:186,4
DA:187,4
DA:188,4
DA:204,4
DA:205,3
DA:206,2
DA:221,9
DA:222,9
DA:223,3
DA:224,0
DA:232,3
DA:235,3
DA:251,3
DA:279,3
DA:296,3
DA:297,3
DA:302,3
DA:330,4
DA:332,4
DA:345,4
DA:346,0
DA:349,4
DA:350,1
DA:358,3
DA:368,3
DA:369,1
DA:377,2
DA:380,2
DA:383,2
DA:386,2
DA:389,2
DA:395,2
DA:396,2
DA:397,2
DA:398,0
DA:415,2
DA:418,2
DA:419,2
DA:421,2
DA:422,0
DA:423,0
DA:432,2
DA:433,2
DA:434,2
DA:435,2
DA:451,2
DA:452,2
DA:453,2
DA:468,2
DA:482,6
DA:483,6
DA:484,4
DA:485,0
DA:493,2
DA:496,2
DA:512,2
DA:540,2
DA:557,2
DA:558,2
DA:563,2
DA:590,5
DA:592,5
DA:607,5
DA:608,1
DA:612,4
DA:613,1
DA:617,3
DA:627,3
DA:628,1
DA:636,2
DA:639,2
DA:642,2
DA:652,2
DA:653,0
DA:661,2
DA:662,2
DA:664,2
DA:665,0
DA:673,2
DA:676,5
DA:679,2
DA:682,5
DA:687,5
DA:688,5
DA:690,5
DA:691,0
DA:692,0
DA:699,2
DA:756,5
DA:759,2
DA:772,2
DA:800,2
DA:818,2
DA:819,2
DA:824,2
DA:870,0
DA:873,0
DA:874,0
DA:878,0
DA:888,0
DA:889,0
DA:898,0
DA:901,0
DA:907,0
DA:908,0
DA:910,0
DA:943,0
DA:944,0
DA:945,0
DA:946,0
DA:955,0
DA:958,0
DA:968,0
DA:996,0
DA:1015,0
DA:1016,0
DA:1021,0
DA:1038,8
DA:1048,8
DA:1049,1
LF:149
LH:114
BRDA:84,0,0,1
BRDA:84,0,1,6
BRDA:88,1,0,1
BRDA:88,1,1,5
BRDA:107,2,0,1
BRDA:107,2,1,4
BRDA:136,3,0,0
BRDA:136,3,1,3
BRDA:160,4,0,0
BRDA:160,4,1,3
BRDA:176,5,0,3
BRDA:176,5,1,0
BRDA:187,6,0,4
BRDA:187,6,1,0
BRDA:189,7,0,4
BRDA:189,7,1,1
BRDA:194,8,0,4
BRDA:194,8,1,0
BRDA:205,9,0,2
BRDA:205,9,1,1
BRDA:212,10,0,2
BRDA:212,10,1,0
BRDA:223,11,0,0
BRDA:223,11,1,3
BRDA:345,12,0,0
BRDA:345,12,1,4
BRDA:349,13,0,1
BRDA:349,13,1,3
BRDA:368,14,0,1
BRDA:368,14,1,2
BRDA:397,15,0,0
BRDA:397,15,1,2
BRDA:421,16,0,0
BRDA:421,16,1,2
BRDA:434,17,0,2
BRDA:434,17,1,0
BRDA:436,18,0,2
BRDA:436,18,1,0
BRDA:441,19,0,2
BRDA:441,19,1,0
BRDA:452,20,0,2
BRDA:452,20,1,0
BRDA:459,21,0,2
BRDA:459,21,1,0
BRDA:474,22,0,2
BRDA:474,22,1,0
BRDA:484,23,0,0
BRDA:484,23,1,4
BRDA:607,24,0,1
BRDA:607,24,1,4
BRDA:612,25,0,1
BRDA:612,25,1,3
BRDA:627,26,0,1
BRDA:627,26,1,2
BRDA:652,27,0,0
BRDA:652,27,1,2
BRDA:664,28,0,0
BRDA:664,28,1,2
BRDA:664,29,0,2
BRDA:664,29,1,1
BRDA:673,30,0,1
BRDA:673,30,1,1
BRDA:679,31,0,1
BRDA:679,31,1,1
BRDA:682,32,0,1
BRDA:682,32,1,1
BRDA:683,33,0,1
BRDA:683,33,1,0
BRDA:684,34,0,1
BRDA:684,34,1,0
BRDA:690,35,0,0
BRDA:690,35,1,5
BRDA:699,36,0,1
BRDA:699,36,1,1
BRDA:708,37,0,1
BRDA:708,37,1,0
BRDA:720,38,0,1
BRDA:720,38,1,0
BRDA:735,39,0,1
BRDA:735,39,1,0
BRDA:747,40,0,1
BRDA:747,40,1,0
BRDA:813,41,0,1
BRDA:813,41,1,1
BRDA:829,42,0,1
BRDA:829,42,1,1
BRDA:873,43,0,0
BRDA:873,43,1,0
BRDA:888,44,0,0
BRDA:888,44,1,0
BRDA:910,45,0,0
BRDA:910,45,1,0
BRDA:945,46,0,0
BRDA:945,46,1,0
BRDA:1048,47,0,1
BRDA:1048,47,1,7
BRF:96
BRH:62
end_of_record
TN:
SF:src\domains\accounting\services\fiscal-period.service.ts
FN:55,(anonymous_0)
FN:63,(anonymous_1)
FN:79,(anonymous_2)
FN:102,(anonymous_3)
FN:114,(anonymous_4)
FN:187,(anonymous_5)
FN:213,(anonymous_6)
FN:256,(anonymous_7)
FN:278,(anonymous_8)
FN:308,(anonymous_9)
FN:331,(anonymous_10)
FNF:11
FNH:11
FNDA:28,(anonymous_0)
FNDA:3,(anonymous_1)
FNDA:5,(anonymous_2)
FNDA:7,(anonymous_3)
FNDA:2,(anonymous_4)
FNDA:5,(anonymous_5)
FNDA:4,(anonymous_6)
FNDA:3,(anonymous_7)
FNDA:4,(anonymous_8)
FNDA:12,(anonymous_9)
FNDA:4,(anonymous_10)
DA:10,4
DA:33,4
DA:45,4
DA:56,28
DA:57,28
DA:64,3
DA:73,3
DA:80,5
DA:88,5
DA:89,3
DA:92,2
DA:103,7
DA:106,4
DA:107,7
DA:108,7
DA:109,7
DA:111,7
DA:113,7
DA:114,7
DA:115,2
DA:125,2
DA:126,2
DA:127,24
DA:128,24
DA:129,24
DA:131,24
DA:132,24
DA:134,24
DA:144,2
DA:146,2
DA:152,2
DA:153,0
DA:156,2
DA:166,2
DA:168,2
DA:172,2
DA:178,0
DA:188,5
DA:190,3
DA:191,1
DA:193,2
DA:194,1
DA:197,1
DA:203,1
DA:205,1
DA:214,4
DA:216,4
DA:217,1
DA:219,3
DA:220,1
DA:224,2
DA:232,2
DA:233,1
DA:240,1
DA:246,1
DA:248,1
DA:257,3
DA:259,3
DA:260,1
DA:263,2
DA:269,2
DA:271,2
DA:279,4
DA:292,4
DA:294,3
DA:295,2
DA:309,12
DA:324,12
DA:325,2
DA:328,10
DA:336,4
LF:71
LH:69
BRDA:88,0,0,3
BRDA:88,0,1,2
BRDA:106,1,0,4
BRDA:106,1,1,0
BRDA:108,2,0,3
BRDA:108,2,1,1
BRDA:109,3,0,3
BRDA:109,3,1,1
BRDA:152,4,0,0
BRDA:152,4,1,2
BRDA:168,5,0,2
BRDA:168,5,1,0
BRDA:169,6,0,2
BRDA:169,6,1,2
BRDA:190,7,0,1
BRDA:190,7,1,2
BRDA:193,8,0,1
BRDA:193,8,1,1
BRDA:216,9,0,1
BRDA:216,9,1,3
BRDA:219,10,0,1
BRDA:219,10,1,2
BRDA:232,11,0,1
BRDA:232,11,1,1
BRDA:259,12,0,1
BRDA:259,12,1,2
BRDA:292,13,0,1
BRDA:292,13,1,3
BRDA:294,14,0,2
BRDA:294,14,1,1
BRDA:324,15,0,2
BRDA:324,15,1,10
BRF:32
BRH:29
end_of_record
TN:
SF:src\domains\accounting\services\gl-account.service.ts
FN:6,glAccountSelect
FN:51,(anonymous_1)
FN:59,(anonymous_2)
FN:90,(anonymous_3)
FN:123,(anonymous_4)
FN:189,(anonymous_5)
FN:264,(anonymous_6)
FN:327,(anonymous_7)
FN:359,(anonymous_8)
FN:370,buildTree
FN:383,(anonymous_10)
FN:412,(anonymous_11)
FN:413,(anonymous_12)
FN:414,(anonymous_13)
FN:436,(anonymous_14)
FNF:15
FNH:15
FNDA:13,glAccountSelect
FNDA:23,(anonymous_1)
FNDA:5,(anonymous_2)
FNDA:3,(anonymous_3)
FNDA:8,(anonymous_4)
FNDA:3,(anonymous_5)
FNDA:4,(anonymous_6)
FNDA:2,(anonymous_7)
FNDA:2,(anonymous_8)
FNDA:2,buildTree
FNDA:3,(anonymous_10)
FNDA:2,(anonymous_11)
FNDA:5,(anonymous_12)
FNDA:5,(anonymous_13)
FNDA:18,(anonymous_14)
DA:7,13
DA:32,1
DA:33,1
DA:52,23
DA:53,23
DA:61,5
DA:63,4
DA:68,4
DA:69,4
DA:70,4
DA:71,4
DA:72,1
DA:78,4
DA:84,4
DA:91,3
DA:104,3
DA:105,2
DA:112,1
DA:125,8
DA:128,6
DA:129,3
DA:138,3
DA:139,2
DA:147,4
DA:148,4
DA:161,2
DA:171,2
DA:173,2
DA:174,2
DA:180,0
DA:190,3
DA:206,3
DA:207,1
DA:215,2
DA:216,1
DA:225,1
DA:226,1
DA:234,1
DA:245,1
DA:256,1
DA:265,4
DA:287,4
DA:288,1
DA:295,3
DA:296,2
DA:304,1
DA:310,1
DA:321,1
DA:328,2
DA:330,1
DA:359,2
DA:360,1
DA:362,1
DA:363,2
DA:364,1
DA:365,1
DA:366,1
DA:371,2
DA:377,1
DA:384,3
DA:386,2
DA:412,2
DA:413,5
DA:414,5
DA:415,2
DA:419,2
DA:437,18
DA:442,18
DA:443,5
DA:450,13
LF:70
LH:69
BRDA:68,0,0,1
BRDA:68,0,1,3
BRDA:69,1,0,1
BRDA:69,1,1,3
BRDA:70,2,0,0
BRDA:70,2,1,4
BRDA:71,3,0,1
BRDA:71,3,1,3
BRDA:104,4,0,2
BRDA:104,4,1,1
BRDA:128,5,0,3
BRDA:128,5,1,3
BRDA:138,6,0,2
BRDA:138,6,1,1
BRDA:173,7,0,2
BRDA:173,7,1,0
BRDA:173,8,0,2
BRDA:173,8,1,2
BRDA:206,9,0,1
BRDA:206,9,1,2
BRDA:215,10,0,1
BRDA:215,10,1,1
BRDA:225,11,0,1
BRDA:225,11,1,0
BRDA:287,12,0,1
BRDA:287,12,1,3
BRDA:295,13,0,2
BRDA:295,13,1,1
BRDA:363,14,0,1
BRDA:363,14,1,1
BRDA:364,15,0,1
BRDA:364,15,1,1
BRDA:373,16,0,2
BRDA:373,16,1,1
BRDA:415,17,0,1
BRDA:415,17,1,1
BRDA:442,18,0,5
BRDA:442,18,1,13
BRF:38
BRH:35
end_of_record
TN:
SF:src\domains\accounting\services\journal-entry.service.ts
FN:63,(anonymous_0)
FN:72,(anonymous_1)
FN:101,(anonymous_2)
FN:112,(anonymous_3)
FN:121,(anonymous_4)
FN:151,(anonymous_5)
FN:152,(anonymous_6)
FN:160,(anonymous_7)
FN:180,(anonymous_8)
FN:181,(anonymous_9)
FN:191,(anonymous_10)
FN:193,(anonymous_11)
FN:194,(anonymous_12)
FN:220,(anonymous_13)
FN:273,(anonymous_14)
FN:350,(anonymous_15)
FN:351,(anonymous_16)
FN:419,(anonymous_17)
FN:491,(anonymous_18)
FN:577,(anonymous_19)
FN:625,(anonymous_20)
FN:638,(anonymous_21)
FN:658,(anonymous_22)
FN:686,(anonymous_23)
FNF:24
FNH:23
FNDA:30,(anonymous_0)
FNDA:2,(anonymous_1)
FNDA:1,(anonymous_2)
FNDA:2,(anonymous_3)
FNDA:2,(anonymous_4)
FNDA:10,(anonymous_5)
FNDA:10,(anonymous_6)
FNDA:16,(anonymous_7)
FNDA:12,(anonymous_8)
FNDA:12,(anonymous_9)
FNDA:8,(anonymous_10)
FNDA:4,(anonymous_11)
FNDA:4,(anonymous_12)
FNDA:8,(anonymous_13)
FNDA:6,(anonymous_14)
FNDA:5,(anonymous_15)
FNDA:5,(anonymous_16)
FNDA:5,(anonymous_17)
FNDA:0,(anonymous_18)
FNDA:5,(anonymous_19)
FNDA:2,(anonymous_20)
FNDA:10,(anonymous_21)
FNDA:9,(anonymous_22)
FNDA:4,(anonymous_23)
DA:8,7
DA:43,7
DA:64,30
DA:65,30
DA:66,30
DA:73,2
DA:75,1
DA:81,1
DA:82,1
DA:83,1
DA:84,0
DA:85,0
DA:86,0
DA:89,1
DA:97,1
DA:98,1
DA:100,2
DA:101,1
DA:112,2
DA:122,2
DA:131,2
DA:132,1
DA:139,1
DA:152,10
DA:154,10
DA:157,9
DA:160,16
DA:161,8
DA:171,8
DA:172,2
DA:180,12
DA:181,12
DA:182,6
DA:183,1
DA:191,8
DA:192,5
DA:193,4
DA:194,4
DA:195,2
DA:196,1
DA:205,4
DA:208,4
DA:220,8
DA:238,4
DA:255,4
DA:256,4
DA:261,4
DA:274,6
DA:289,6
DA:290,0
DA:293,6
DA:294,2
DA:302,4
DA:305,3
DA:306,1
DA:313,2
DA:322,2
DA:334,2
DA:335,2
DA:340,2
DA:351,5
DA:352,5
DA:382,5
DA:383,0
DA:386,5
DA:387,1
DA:390,4
DA:391,1
DA:399,3
DA:400,1
DA:404,2
DA:407,2
DA:419,5
DA:438,2
DA:447,2
DA:458,2
DA:469,2
DA:470,2
DA:475,2
DA:495,0
DA:496,0
DA:498,0
DA:499,0
DA:500,0
DA:516,0
DA:517,0
DA:518,0
DA:521,0
DA:522,0
DA:523,0
DA:527,0
DA:530,0
DA:531,0
DA:532,0
DA:535,0
DA:543,0
DA:554,0
DA:556,0
DA:557,0
DA:562,0
DA:563,0
DA:564,0
DA:570,0
DA:578,5
DA:591,5
DA:592,1
DA:595,4
DA:596,3
DA:603,1
DA:608,1
DA:618,1
DA:626,2
DA:631,2
DA:632,1
DA:635,1
DA:642,10
DA:647,10
DA:648,1
DA:651,9
DA:663,9
DA:673,9
DA:674,1
DA:687,4
DA:697,4
DA:698,1
LF:125
LH:96
BRDA:81,0,0,0
BRDA:81,0,1,1
BRDA:82,1,0,0
BRDA:82,1,1,1
BRDA:83,2,0,0
BRDA:83,2,1,1
BRDA:83,3,0,1
BRDA:83,3,1,1
BRDA:85,4,0,0
BRDA:85,4,1,0
BRDA:86,5,0,0
BRDA:86,5,1,0
BRDA:94,6,0,0
BRDA:94,6,1,1
BRDA:98,7,0,0
BRDA:98,7,1,1
BRDA:114,8,0,0
BRDA:114,8,1,1
BRDA:131,9,0,1
BRDA:131,9,1,1
BRDA:171,10,0,2
BRDA:171,10,1,6
BRDA:182,11,0,1
BRDA:182,11,1,5
BRDA:192,12,0,2
BRDA:192,12,1,3
BRDA:193,13,0,4
BRDA:193,13,1,0
BRDA:194,14,0,4
BRDA:194,14,1,0
BRDA:195,15,0,1
BRDA:195,15,1,1
BRDA:216,16,0,4
BRDA:216,16,1,4
BRDA:225,17,0,2
BRDA:225,17,1,6
BRDA:228,18,0,2
BRDA:228,18,1,0
BRDA:228,19,0,0
BRDA:228,19,1,0
BRDA:229,20,0,2
BRDA:229,20,1,0
BRDA:229,21,0,0
BRDA:229,21,1,0
BRDA:289,22,0,0
BRDA:289,22,1,6
BRDA:293,23,0,2
BRDA:293,23,1,4
BRDA:305,24,0,1
BRDA:305,24,1,2
BRDA:305,25,0,3
BRDA:305,25,1,2
BRDA:382,26,0,0
BRDA:382,26,1,5
BRDA:386,27,0,1
BRDA:386,27,1,4
BRDA:390,28,0,1
BRDA:390,28,1,3
BRDA:399,29,0,1
BRDA:399,29,1,2
BRDA:423,30,0,5
BRDA:423,30,1,0
BRDA:425,31,0,3
BRDA:425,31,1,2
BRDA:516,32,0,0
BRDA:516,32,1,0
BRDA:521,33,0,0
BRDA:521,33,1,0
BRDA:530,34,0,0
BRDA:530,34,1,0
BRDA:530,35,0,0
BRDA:530,35,1,0
BRDA:556,36,0,0
BRDA:556,36,1,0
BRDA:562,37,0,0
BRDA:562,37,1,0
BRDA:591,38,0,1
BRDA:591,38,1,4
BRDA:595,39,0,3
BRDA:595,39,1,1
BRDA:631,40,0,1
BRDA:631,40,1,1
BRDA:647,41,0,1
BRDA:647,41,1,9
BRDA:673,42,0,1
BRDA:673,42,1,8
BRDA:697,43,0,1
BRDA:697,43,1,3
BRF:88
BRH:55
end_of_record
TN:
SF:src\domains\accounting\services\posting.service.ts
FN:13,(anonymous_0)
FN:25,(anonymous_1)
FN:26,(anonymous_2)
FN:288,(anonymous_3)
FN:289,(anonymous_4)
FN:323,(anonymous_5)
FN:324,(anonymous_6)
FN:348,(anonymous_7)
FN:358,(anonymous_8)
FN:364,(anonymous_9)
FN:494,(anonymous_10)
FN:516,(anonymous_11)
FN:521,(anonymous_12)
FN:575,(anonymous_13)
FN:587,(anonymous_14)
FN:648,(anonymous_15)
FN:655,(anonymous_16)
FN:668,(anonymous_17)
FN:687,(anonymous_18)
FN:718,(anonymous_19)
FN:807,(anonymous_20)
FNF:21
FNH:21
FNDA:33,(anonymous_0)
FNDA:18,(anonymous_1)
FNDA:18,(anonymous_2)
FNDA:5,(anonymous_3)
FNDA:5,(anonymous_4)
FNDA:1,(anonymous_5)
FNDA:2,(anonymous_6)
FNDA:4,(anonymous_7)
FNDA:3,(anonymous_8)
FNDA:1,(anonymous_9)
FNDA:2,(anonymous_10)
FNDA:10,(anonymous_11)
FNDA:10,(anonymous_12)
FNDA:18,(anonymous_13)
FNDA:16,(anonymous_14)
FNDA:14,(anonymous_15)
FNDA:5,(anonymous_16)
FNDA:14,(anonymous_17)
FNDA:5,(anonymous_18)
FNDA:14,(anonymous_19)
FNDA:20,(anonymous_20)
DA:14,33
DA:15,33
DA:26,18
DA:28,18
DA:58,18
DA:59,1
DA:66,17
DA:67,1
DA:75,16
DA:76,1
DA:84,15
DA:98,15
DA:99,1
DA:106,14
DA:107,1
DA:115,13
DA:116,1
DA:123,12
DA:124,12
DA:127,12
DA:130,11
DA:131,11
DA:132,11
DA:134,11
DA:135,6
DA:136,1
DA:139,5
DA:149,5
DA:150,1
DA:157,4
DA:162,10
DA:163,10
DA:164,10
DA:167,10
DA:171,18
DA:199,18
DA:202,10
DA:214,10
DA:245,10
DA:251,10
DA:267,10
DA:289,5
DA:291,5
DA:322,5
DA:323,1
DA:324,2
DA:325,1
DA:334,4
DA:343,4
DA:344,1
DA:348,4
DA:349,3
DA:350,1
DA:358,3
DA:359,2
DA:360,1
DA:364,1
DA:368,1
DA:371,1
DA:372,1
DA:373,2
DA:375,2
DA:376,2
DA:377,2
DA:380,2
DA:381,2
DA:382,2
DA:383,2
DA:385,2
DA:386,0
DA:387,0
DA:389,0
DA:399,0
DA:400,0
DA:407,0
DA:411,2
DA:415,2
DA:417,2
DA:428,2
DA:471,2
DA:476,2
DA:485,1
DA:494,2
DA:498,1
DA:521,10
DA:523,10
DA:553,10
DA:554,0
DA:557,10
DA:558,1
DA:565,9
DA:566,1
DA:574,8
DA:575,18
DA:577,8
DA:578,1
DA:587,16
DA:588,7
DA:590,7
DA:600,7
DA:601,1
DA:609,6
DA:612,6
DA:613,6
DA:614,6
DA:615,6
DA:617,6
DA:618,2
DA:619,0
DA:621,2
DA:631,2
DA:632,0
DA:639,2
DA:644,6
DA:645,6
DA:648,6
DA:649,14
DA:653,6
DA:654,2
DA:655,5
DA:656,2
DA:657,2
DA:659,0
DA:660,0
DA:661,0
DA:663,0
DA:668,6
DA:669,14
DA:670,14
DA:686,6
DA:687,5
DA:690,10
DA:704,10
DA:707,10
DA:710,6
DA:718,14
DA:723,6
DA:752,6
DA:758,6
DA:765,6
DA:766,14
DA:773,6
DA:790,6
DA:812,20
DA:822,20
DA:823,1
LF:146
LH:133
BRDA:58,0,0,1
BRDA:58,0,1,17
BRDA:66,1,0,1
BRDA:66,1,1,16
BRDA:75,2,0,1
BRDA:75,2,1,15
BRDA:98,3,0,1
BRDA:98,3,1,14
BRDA:106,4,0,1
BRDA:106,4,1,13
BRDA:115,5,0,1
BRDA:115,5,1,12
BRDA:134,6,0,6
BRDA:134,6,1,5
BRDA:135,7,0,1
BRDA:135,7,1,5
BRDA:149,8,0,1
BRDA:149,8,1,4
BRDA:167,9,0,5
BRDA:167,9,1,5
BRDA:167,10,0,10
BRDA:167,10,1,5
BRDA:173,11,0,2
BRDA:173,11,1,8
BRDA:177,12,0,5
BRDA:177,12,1,5
BRDA:185,13,0,2
BRDA:185,13,1,8
BRDA:189,14,0,5
BRDA:189,14,1,5
BRDA:322,15,0,1
BRDA:322,15,1,4
BRDA:343,16,0,1
BRDA:343,16,1,3
BRDA:349,17,0,1
BRDA:349,17,1,2
BRDA:359,18,0,1
BRDA:359,18,1,1
BRDA:385,19,0,0
BRDA:385,19,1,2
BRDA:386,20,0,0
BRDA:386,20,1,0
BRDA:399,21,0,0
BRDA:399,21,1,0
BRDA:411,22,0,0
BRDA:411,22,1,2
BRDA:411,23,0,2
BRDA:411,23,1,0
BRDA:442,24,0,0
BRDA:442,24,1,2
BRDA:446,25,0,0
BRDA:446,25,1,2
BRDA:454,26,0,0
BRDA:454,26,1,2
BRDA:458,27,0,0
BRDA:458,27,1,2
BRDA:553,28,0,0
BRDA:553,28,1,10
BRDA:557,29,0,1
BRDA:557,29,1,9
BRDA:565,30,0,1
BRDA:565,30,1,8
BRDA:577,31,0,1
BRDA:577,31,1,7
BRDA:600,32,0,1
BRDA:600,32,1,6
BRDA:617,33,0,2
BRDA:617,33,1,4
BRDA:618,34,0,0
BRDA:618,34,1,2
BRDA:631,35,0,0
BRDA:631,35,1,2
BRDA:649,36,0,5
BRDA:649,36,1,9
BRDA:649,37,0,14
BRDA:649,37,1,5
BRDA:653,38,0,2
BRDA:653,38,1,4
BRDA:653,39,0,6
BRDA:653,39,1,2
BRDA:657,40,0,0
BRDA:657,40,1,2
BRDA:661,41,0,0
BRDA:661,41,1,0
BRDA:673,42,0,0
BRDA:673,42,1,14
BRDA:674,43,0,0
BRDA:674,43,1,14
BRDA:675,44,0,14
BRDA:675,44,1,14
BRDA:676,45,0,5
BRDA:676,45,1,9
BRDA:679,46,0,0
BRDA:679,46,1,5
BRDA:680,47,0,0
BRDA:680,47,1,5
BRDA:686,48,0,2
BRDA:686,48,1,4
BRDA:686,49,0,6
BRDA:686,49,1,2
BRDA:693,50,0,0
BRDA:693,50,1,6
BRDA:694,51,0,0
BRDA:694,51,1,6
BRDA:696,52,0,2
BRDA:696,52,1,4
BRDA:699,53,0,0
BRDA:699,53,1,2
BRDA:700,54,0,0
BRDA:700,54,1,2
BRDA:822,55,0,1
BRDA:822,55,1,19
BRF:112
BRH:87
end_of_record
TN:
SF:src\domains\accounting\services\report-cache.ts
FN:32,(anonymous_0)
FN:34,(anonymous_1)
FN:44,(anonymous_2)
FN:72,(anonymous_3)
FN:97,(anonymous_4)
FN:113,(anonymous_5)
FN:121,(anonymous_6)
FN:134,(anonymous_7)
FN:145,(anonymous_8)
FNF:9
FNH:2
FNDA:11,(anonymous_0)
FNDA:0,(anonymous_1)
FNDA:0,(anonymous_2)
FNDA:0,(anonymous_3)
FNDA:15,(anonymous_4)
FNDA:0,(anonymous_5)
FNDA:0,(anonymous_6)
FNDA:0,(anonymous_7)
FNDA:0,(anonymous_8)
DA:27,11
DA:28,11
DA:29,11
DA:30,11
DA:34,11
DA:35,11
DA:45,0
DA:46,0
DA:49,0
DA:50,0
DA:52,0
DA:53,0
DA:57,0
DA:58,0
DA:59,0
DA:62,0
DA:73,0
DA:74,0
DA:78,0
DA:79,0
DA:80,0
DA:81,0
DA:85,0
DA:86,0
DA:98,15
DA:99,0
DA:103,15
DA:104,0
DA:105,0
DA:114,0
DA:122,0
DA:123,0
DA:124,0
DA:125,0
DA:135,0
DA:136,0
DA:137,0
DA:139,0
DA:146,0
DA:156,11
LF:40
LH:9
BRDA:45,0,0,0
BRDA:45,0,1,0
BRDA:52,1,0,0
BRDA:52,1,1,0
BRDA:57,2,0,0
BRDA:57,2,1,0
BRDA:72,3,0,0
BRDA:73,4,0,0
BRDA:73,4,1,0
BRDA:78,5,0,0
BRDA:78,5,1,0
BRDA:80,6,0,0
BRDA:80,6,1,0
BRDA:98,7,0,0
BRDA:98,7,1,15
BRDA:104,8,0,0
BRDA:104,8,1,0
BRDA:104,9,0,0
BRDA:104,9,1,0
BRDA:124,10,0,0
BRDA:124,10,1,0
BRDA:135,11,0,0
BRDA:135,11,1,0
BRF:23
BRH:1
end_of_record
TN:
SF:src\domains\accounting\services\report-export.service.ts
FN:27,(anonymous_0)
FN:34,(anonymous_1)
FN:75,(anonymous_2)
FN:114,(anonymous_3)
FN:166,(anonymous_4)
FN:213,(anonymous_5)
FN:235,(anonymous_6)
FNF:7
FNH:7
FNDA:358,(anonymous_0)
FNDA:59,(anonymous_1)
FNDA:16,(anonymous_2)
FNDA:8,(anonymous_3)
FNDA:8,(anonymous_4)
FNDA:6,(anonymous_5)
FNDA:7,(anonymous_6)
DA:28,358
DA:51,59
DA:53,59
DA:54,53
DA:55,53
DA:64,53
DA:65,3
DA:69,59
DA:76,16
DA:79,16
DA:82,16
DA:83,16
DA:84,18
DA:91,16
DA:94,16
DA:95,16
DA:96,14
DA:103,16
DA:106,16
DA:108,16
DA:115,8
DA:117,8
DA:120,8
DA:121,8
DA:122,7
DA:129,8
DA:132,8
DA:133,8
DA:134,7
DA:141,8
DA:144,8
DA:145,8
DA:146,7
DA:153,8
DA:154,8
DA:155,8
DA:158,8
DA:160,8
DA:167,8
DA:169,8
DA:172,8
DA:173,8
DA:174,8
DA:180,8
DA:183,8
DA:184,7
DA:190,8
DA:193,8
DA:194,7
DA:200,8
DA:203,8
DA:204,8
DA:205,8
DA:207,8
DA:214,6
DA:216,6
DA:218,6
DA:219,13
DA:227,6
DA:229,6
DA:241,7
DA:243,7
DA:245,7
DA:246,11
DA:247,11
DA:257,7
DA:264,1
LF:67
LH:67
BRDA:34,0,0,59
BRDA:64,1,0,3
BRDA:64,1,1,50
BRDA:83,2,0,16
BRDA:83,2,1,0
BRDA:91,3,0,16
BRDA:91,3,1,2
BRDA:95,4,0,16
BRDA:95,4,1,0
BRDA:103,5,0,16
BRDA:103,5,1,2
BRDA:121,6,0,8
BRDA:121,6,1,0
BRDA:133,7,0,8
BRDA:133,7,1,0
BRDA:141,8,0,8
BRDA:141,8,1,1
BRDA:145,9,0,8
BRDA:145,9,1,0
BRDA:155,10,0,8
BRDA:155,10,1,1
BRDA:173,11,0,8
BRDA:173,11,1,0
BRDA:180,12,0,8
BRDA:180,12,1,0
BRDA:183,13,0,8
BRDA:183,13,1,0
BRDA:190,14,0,8
BRDA:190,14,1,1
BRDA:193,15,0,8
BRDA:193,15,1,0
BRDA:200,16,0,8
BRDA:200,16,1,1
BRDA:222,17,0,5
BRDA:222,17,1,8
BRDA:223,18,0,8
BRDA:223,18,1,5
BRDA:251,19,0,6
BRDA:251,19,1,5
BRDA:252,20,0,5
BRDA:252,20,1,6
BRF:41
BRH:32
end_of_record
TN:
SF:src\domains\accounting\services\report.service.ts
FN:117,(anonymous_0)
FN:128,(anonymous_1)
FN:140,(anonymous_2)
FN:145,(anonymous_3)
FN:153,(anonymous_4)
FN:178,(anonymous_5)
FN:193,(anonymous_6)
FN:224,(anonymous_7)
FN:245,(anonymous_8)
FN:282,(anonymous_9)
FN:345,(anonymous_10)
FN:346,(anonymous_11)
FN:381,(anonymous_12)
FN:425,(anonymous_13)
FN:511,(anonymous_14)
FN:519,(anonymous_15)
FN:520,(anonymous_16)
FN:521,(anonymous_17)
FN:573,(anonymous_18)
FN:618,(anonymous_19)
FN:643,(anonymous_20)
FN:688,(anonymous_21)
FN:764,(anonymous_22)
FN:765,(anonymous_23)
FN:766,(anonymous_24)
FN:809,(anonymous_25)
FN:830,(anonymous_26)
FN:859,(anonymous_27)
FN:867,(anonymous_28)
FN:868,(anonymous_29)
FN:897,(anonymous_30)
FN:951,(anonymous_31)
FN:983,(anonymous_32)
FN:1018,(anonymous_33)
FN:1056,(anonymous_34)
FN:1091,(anonymous_35)
FN:1115,(anonymous_36)
FN:1118,(anonymous_37)
FN:1147,(anonymous_38)
FN:1182,(anonymous_39)
FN:1207,(anonymous_40)
FN:1210,(anonymous_41)
FNF:42
FNH:28
FNDA:51,(anonymous_0)
FNDA:49,(anonymous_1)
FNDA:3,(anonymous_2)
FNDA:4,(anonymous_3)
FNDA:3,(anonymous_4)
FNDA:6,(anonymous_5)
FNDA:7,(anonymous_6)
FNDA:144,(anonymous_7)
FNDA:14,(anonymous_8)
FNDA:5,(anonymous_9)
FNDA:12,(anonymous_10)
FNDA:9,(anonymous_11)
FNDA:8,(anonymous_12)
FNDA:3,(anonymous_13)
FNDA:5,(anonymous_14)
FNDA:6,(anonymous_15)
FNDA:6,(anonymous_16)
FNDA:5,(anonymous_17)
FNDA:5,(anonymous_18)
FNDA:0,(anonymous_19)
FNDA:0,(anonymous_20)
FNDA:0,(anonymous_21)
FNDA:3,(anonymous_22)
FNDA:0,(anonymous_23)
FNDA:1,(anonymous_24)
FNDA:11,(anonymous_25)
FNDA:4,(anonymous_26)
FNDA:14,(anonymous_27)
FNDA:14,(anonymous_28)
FNDA:14,(anonymous_29)
FNDA:9,(anonymous_30)
FNDA:0,(anonymous_31)
FNDA:0,(anonymous_32)
FNDA:6,(anonymous_33)
FNDA:0,(anonymous_34)
FNDA:0,(anonymous_35)
FNDA:0,(anonymous_36)
FNDA:0,(anonymous_37)
FNDA:0,(anonymous_38)
FNDA:0,(anonymous_39)
FNDA:0,(anonymous_40)
FNDA:0,(anonymous_41)
DA:118,51
DA:119,51
DA:129,49
DA:132,49
DA:133,8
DA:141,3
DA:145,4
DA:154,3
DA:155,0
DA:162,3
DA:170,3
DA:171,0
DA:178,6
DA:179,3
DA:180,1
DA:186,2
DA:198,7
DA:201,7
DA:204,7
DA:205,7
DA:208,7
DA:209,7
DA:210,7
DA:211,0
DA:213,7
DA:214,7
DA:215,7
DA:217,7
DA:225,144
DA:226,144
DA:227,1
DA:233,143
DA:252,14
DA:253,14
DA:254,14
DA:255,0
DA:263,14
DA:264,13
DA:265,12
DA:266,12
DA:269,12
DA:270,12
DA:273,1
DA:274,1
DA:275,1
DA:280,13
DA:282,5
DA:314,13
DA:315,13
DA:317,13
DA:318,21
DA:319,21
DA:324,21
DA:326,21
DA:337,21
DA:338,12
DA:340,9
DA:345,13
DA:346,13
DA:347,13
DA:350,13
DA:369,13
DA:371,13
DA:387,8
DA:388,8
DA:389,8
DA:390,0
DA:398,8
DA:399,8
DA:400,7
DA:401,7
DA:404,7
DA:405,7
DA:408,0
DA:409,0
DA:410,0
DA:414,7
DA:423,7
DA:425,3
DA:458,7
DA:459,7
DA:460,7
DA:461,7
DA:462,7
DA:464,7
DA:465,19
DA:466,19
DA:468,19
DA:470,1
DA:471,1
DA:472,1
DA:473,1
DA:476,18
DA:478,1
DA:479,1
DA:480,1
DA:481,1
DA:487,17
DA:489,19
DA:500,19
DA:501,6
DA:502,11
DA:503,6
DA:505,5
DA:511,7
DA:512,7
DA:515,8
DA:516,8
DA:519,8
DA:520,8
DA:521,8
DA:524,8
DA:526,8
DA:529,8
DA:558,8
DA:560,8
DA:579,5
DA:580,5
DA:581,5
DA:582,0
DA:590,5
DA:591,5
DA:592,4
DA:593,4
DA:596,4
DA:597,4
DA:600,0
DA:601,0
DA:602,0
DA:606,4
DA:611,4
DA:615,4
DA:618,0
DA:643,0
DA:669,4
DA:675,5
DA:686,5
DA:688,0
DA:720,4
DA:721,4
DA:722,4
DA:724,4
DA:725,4
DA:726,4
DA:729,4
DA:734,4
DA:736,4
DA:748,4
DA:750,4
DA:752,3
DA:753,1
DA:755,0
DA:756,1
DA:758,1
DA:764,4
DA:765,4
DA:766,4
DA:767,4
DA:770,4
DA:796,4
DA:798,4
DA:814,11
DA:815,11
DA:816,11
DA:817,0
DA:821,11
DA:823,9
DA:828,9
DA:830,4
DA:859,14
DA:867,14
DA:868,14
DA:869,9
DA:872,9
DA:885,11
DA:887,11
DA:906,9
DA:907,9
DA:908,9
DA:909,0
DA:913,9
DA:916,8
DA:924,8
DA:925,2
DA:933,6
DA:944,6
DA:945,0
DA:949,6
DA:951,0
DA:977,6
DA:981,9
DA:983,0
DA:1018,6
DA:1028,6
DA:1030,9
DA:1044,9
DA:1046,9
DA:1062,0
DA:1063,0
DA:1064,0
DA:1065,0
DA:1073,0
DA:1074,0
DA:1075,0
DA:1076,0
DA:1079,0
DA:1080,0
DA:1083,0
DA:1084,0
DA:1085,0
DA:1089,0
DA:1091,0
DA:1115,0
DA:1118,0
DA:1124,0
DA:1135,0
DA:1137,0
DA:1153,0
DA:1154,0
DA:1155,0
DA:1156,0
DA:1164,0
DA:1165,0
DA:1166,0
DA:1167,0
DA:1170,0
DA:1171,0
DA:1174,0
DA:1175,0
DA:1176,0
DA:1180,0
DA:1182,0
DA:1207,0
DA:1210,0
DA:1218,0
DA:1229,0
DA:1231,0
LF:237
LH:176
BRDA:132,0,0,8
BRDA:132,0,1,41
BRDA:154,1,0,0
BRDA:154,1,1,3
BRDA:170,2,0,0
BRDA:170,2,1,3
BRDA:179,3,0,1
BRDA:179,3,1,2
BRDA:201,4,0,0
BRDA:201,4,1,7
BRDA:205,5,0,7
BRDA:205,5,1,0
BRDA:210,6,0,0
BRDA:210,6,1,7
BRDA:226,7,0,1
BRDA:226,7,1,143
BRDA:252,8,0,14
BRDA:252,8,1,1
BRDA:252,9,0,14
BRDA:252,9,1,14
BRDA:254,10,0,0
BRDA:254,10,1,14
BRDA:263,11,0,13
BRDA:263,11,1,1
BRDA:324,12,0,12
BRDA:324,12,1,9
BRDA:337,13,0,12
BRDA:337,13,1,9
BRDA:387,14,0,8
BRDA:387,14,1,0
BRDA:387,15,0,8
BRDA:387,15,1,8
BRDA:389,16,0,0
BRDA:389,16,1,8
BRDA:398,17,0,8
BRDA:398,17,1,0
BRDA:468,18,0,1
BRDA:468,18,1,18
BRDA:476,19,0,1
BRDA:476,19,1,17
BRDA:487,20,0,6
BRDA:487,20,1,11
BRDA:500,21,0,6
BRDA:500,21,1,11
BRDA:502,22,0,6
BRDA:502,22,1,5
BRDA:512,23,0,7
BRDA:512,23,1,6
BRDA:579,24,0,5
BRDA:579,24,1,0
BRDA:581,25,0,0
BRDA:581,25,1,5
BRDA:590,26,0,5
BRDA:590,26,1,0
BRDA:669,27,0,4
BRDA:669,27,1,0
BRDA:675,28,0,4
BRDA:675,28,1,0
BRDA:729,29,0,2
BRDA:729,29,1,2
BRDA:734,30,0,2
BRDA:734,30,1,2
BRDA:750,31,0,3
BRDA:750,31,1,1
BRDA:750,32,0,4
BRDA:750,32,1,4
BRDA:750,32,2,2
BRDA:750,32,3,2
BRDA:753,33,0,0
BRDA:753,33,1,1
BRDA:753,34,0,1
BRDA:753,34,1,1
BRDA:756,35,0,1
BRDA:756,35,1,0
BRDA:756,36,0,1
BRDA:756,36,1,1
BRDA:816,37,0,0
BRDA:816,37,1,11
BRDA:881,38,0,6
BRDA:881,38,1,3
BRDA:906,39,0,9
BRDA:906,39,1,9
BRDA:908,40,0,0
BRDA:908,40,1,9
BRDA:924,41,0,2
BRDA:924,41,1,6
BRDA:944,42,0,0
BRDA:944,42,1,6
BRDA:977,43,0,6
BRDA:977,43,1,0
BRDA:1011,44,0,0
BRDA:1011,44,1,0
BRDA:1028,45,0,1
BRDA:1028,45,1,5
BRDA:1062,46,0,0
BRDA:1062,46,1,0
BRDA:1064,47,0,0
BRDA:1064,47,1,0
BRDA:1073,48,0,0
BRDA:1073,48,1,0
BRDA:1121,49,0,0
BRDA:1121,49,1,0
BRDA:1153,50,0,0
BRDA:1153,50,1,0
BRDA:1155,51,0,0
BRDA:1155,51,1,0
BRDA:1164,52,0,0
BRDA:1164,52,1,0
BRDA:1212,53,0,0
BRDA:1212,53,1,0
BRDA:1215,54,0,0
BRDA:1215,54,1,0
BRF:112
BRH:72
end_of_record
TN:
SF:src\domains\accounting\services\tax-rate.service.ts
FN:29,(anonymous_0)
FN:39,(anonymous_1)
FN:86,(anonymous_2)
FN:113,(anonymous_3)
FN:183,(anonymous_4)
FN:261,(anonymous_5)
FNF:6
FNH:6
FNDA:21,(anonymous_0)
FNDA:5,(anonymous_1)
FNDA:5,(anonymous_2)
FNDA:9,(anonymous_3)
FNDA:3,(anonymous_4)
FNDA:3,(anonymous_5)
DA:12,1
DA:30,21
DA:31,21
DA:41,5
DA:59,5
DA:60,1
DA:62,5
DA:63,1
DA:65,5
DA:66,0
DA:74,5
DA:80,5
DA:87,5
DA:98,5
DA:99,3
DA:102,2
DA:115,9
DA:116,9
DA:120,6
DA:121,0
DA:125,6
DA:126,2
DA:127,2
DA:128,2
DA:129,2
DA:137,4
DA:138,4
DA:154,2
DA:164,2
DA:166,2
DA:170,2
DA:176,0
DA:185,3
DA:203,3
DA:204,1
DA:208,2
DA:209,0
DA:213,2
DA:214,1
DA:215,1
DA:216,1
DA:217,1
DA:225,1
DA:240,1
DA:255,1
DA:263,3
DA:272,3
DA:273,1
DA:276,2
DA:285,2
DA:296,2
LF:51
LH:47
BRDA:44,0,0,2
BRDA:44,0,1,3
BRDA:59,1,0,1
BRDA:59,1,1,4
BRDA:62,2,0,1
BRDA:62,2,1,4
BRDA:65,3,0,0
BRDA:65,3,1,5
BRDA:98,4,0,3
BRDA:98,4,1,2
BRDA:115,5,0,9
BRDA:115,5,1,0
BRDA:120,6,0,0
BRDA:120,6,1,6
BRDA:125,7,0,2
BRDA:125,7,1,4
BRDA:128,8,0,2
BRDA:128,8,1,0
BRDA:149,9,0,0
BRDA:149,9,1,4
BRDA:157,10,0,2
BRDA:157,10,1,0
BRDA:166,11,0,2
BRDA:166,11,1,0
BRDA:167,12,0,2
BRDA:167,12,1,2
BRDA:203,13,0,1
BRDA:203,13,1,2
BRDA:208,14,0,0
BRDA:208,14,1,2
BRDA:213,15,0,1
BRDA:213,15,1,1
BRDA:213,16,0,2
BRDA:213,16,1,1
BRDA:214,17,0,1
BRDA:214,17,1,0
BRDA:215,18,0,1
BRDA:215,18,1,0
BRDA:216,19,0,1
BRDA:216,19,1,0
BRDA:216,20,0,1
BRDA:216,20,1,1
BRDA:234,21,0,0
BRDA:234,21,1,1
BRDA:235,22,0,0
BRDA:235,22,1,1
BRDA:243,23,0,1
BRDA:243,23,1,0
BRDA:249,24,0,3
BRDA:249,24,1,1
BRDA:250,25,0,3
BRDA:250,25,1,1
BRDA:251,26,0,3
BRDA:251,26,1,0
BRDA:272,27,0,1
BRDA:272,27,1,2
BRDA:280,28,0,1
BRDA:280,28,1,1
BRDA:288,29,0,2
BRDA:288,29,1,0
BRF:60
BRH:44
end_of_record
TN:
SF:src\domains\accounting\utils\entry-number.ts
FN:19,generateEntryNumber
FNF:1
FNH:1
FNDA:32,generateEntryNumber
DA:23,32
DA:29,32
DA:30,32
DA:31,4
DA:32,4
DA:33,4
DA:37,32
LF:7
LH:7
BRDA:30,0,0,4
BRDA:30,0,1,28
BRDA:32,1,0,4
BRDA:32,1,1,0
BRF:4
BRH:3
end_of_record
TN:
SF:src\domains\accounting\utils\gl-resolve.ts
FN:22,resolveGLAccountByCode
FNF:1
FNH:1
FNDA:17,resolveGLAccountByCode
DA:27,17
DA:36,17
DA:37,0
DA:45,17
LF:4
LH:3
BRDA:36,0,0,0
BRDA:36,0,1,17
BRF:2
BRH:1
end_of_record
TN:
SF:src\domains\accounting\utils\validate-ownership.ts
FN:10,validateEntityOwnership
FN:32,validateGLAccountOwnership
FNF:2
FNH:2
FNDA:27,validateEntityOwnership
FNDA:4,validateGLAccountOwnership
DA:14,27
DA:19,27
DA:20,9
DA:23,18
DA:36,4
DA:41,4
DA:42,1
DA:45,3
LF:8
LH:8
BRDA:19,0,0,9
BRDA:19,0,1,18
BRDA:41,1,0,1
BRDA:41,1,1,3
BRF:4
BRH:4
end_of_record
TN:
SF:src\domains\ai\errors.ts
FN:20,(anonymous_0)
FN:35,handleAIError
FNF:2
FNH:2
FNDA:16,(anonymous_0)
FNDA:10,handleAIError
DA:22,16
DA:23,16
DA:24,16
DA:26,16
DA:27,16
DA:36,10
DA:37,4
DA:43,6
LF:8
LH:8
BRDA:36,0,0,4
BRDA:36,0,1,6
BRF:2
BRH:2
end_of_record
TN:
SF:src\domains\ai\routes.ts
FN:50,aiRoutes
FN:67,(anonymous_1)
FN:94,(anonymous_2)
FN:138,(anonymous_3)
FN:173,(anonymous_4)
FN:177,(anonymous_5)
FN:194,(anonymous_6)
FN:195,(anonymous_7)
FN:196,(anonymous_8)
FN:219,(anonymous_9)
FN:256,(anonymous_10)
FN:302,(anonymous_11)
FN:340,(anonymous_12)
FN:356,(anonymous_13)
FN:409,(anonymous_14)
FN:462,(anonymous_15)
FN:493,(anonymous_16)
FN:525,(anonymous_17)
FN:561,(anonymous_18)
FN:597,(anonymous_19)
FN:640,(anonymous_20)
FNF:21
FNH:20
FNDA:13,aiRoutes
FNDA:2,(anonymous_1)
FNDA:4,(anonymous_2)
FNDA:5,(anonymous_3)
FNDA:4,(anonymous_4)
FNDA:4,(anonymous_5)
FNDA:4,(anonymous_6)
FNDA:4,(anonymous_7)
FNDA:4,(anonymous_8)
FNDA:5,(anonymous_9)
FNDA:3,(anonymous_10)
FNDA:5,(anonymous_11)
FNDA:4,(anonymous_12)
FNDA:3,(anonymous_13)
FNDA:5,(anonymous_14)
FNDA:2,(anonymous_15)
FNDA:1,(anonymous_16)
FNDA:1,(anonymous_17)
FNDA:0,(anonymous_18)
FNDA:2,(anonymous_19)
FNDA:1,(anonymous_20)
DA:52,13
DA:53,13
DA:60,13
DA:68,2
DA:70,2
DA:71,2
DA:72,1
DA:74,1
DA:75,1
DA:76,1
DA:87,13
DA:95,4
DA:96,4
DA:99,4
DA:100,2
DA:104,2
DA:105,1
DA:109,3
DA:110,3
DA:111,3
DA:112,2
DA:116,2
DA:118,1
DA:119,1
DA:120,1
DA:131,13
DA:139,5
DA:140,5
DA:143,5
DA:147,5
DA:148,1
DA:152,4
DA:166,4
DA:167,1
DA:171,3
DA:172,3
DA:173,4
DA:177,4
DA:183,3
DA:188,3
DA:194,4
DA:195,4
DA:196,4
DA:212,13
DA:220,5
DA:221,5
DA:224,5
DA:228,5
DA:229,1
DA:233,4
DA:251,4
DA:252,1
DA:255,3
DA:256,3
DA:266,3
DA:267,3
DA:269,2
DA:279,2
DA:281,1
DA:282,1
DA:283,1
DA:295,13
DA:304,5
DA:305,5
DA:308,5
DA:312,5
DA:313,1
DA:317,4
DA:335,4
DA:336,1
DA:339,3
DA:340,4
DA:350,3
DA:352,3
DA:355,3
DA:356,3
DA:359,5
DA:360,1
DA:370,2
DA:372,2
DA:382,2
DA:387,0
DA:388,0
DA:389,0
DA:403,13
DA:410,5
DA:413,5
DA:414,5
DA:415,2
DA:422,3
DA:423,0
DA:426,3
DA:427,3
DA:429,3
DA:430,3
DA:431,3
DA:433,3
DA:443,3
DA:445,0
DA:446,0
DA:456,13
DA:463,2
DA:464,2
DA:466,2
DA:467,2
DA:468,2
DA:470,1
DA:471,1
DA:473,1
DA:474,1
DA:476,0
DA:477,0
DA:487,13
DA:494,1
DA:495,1
DA:497,1
DA:498,1
DA:499,1
DA:501,1
DA:502,1
DA:504,0
DA:505,0
DA:507,0
DA:508,0
DA:518,13
DA:526,1
DA:527,1
DA:528,1
DA:530,1
DA:531,1
DA:532,1
DA:534,1
DA:535,1
DA:537,0
DA:538,0
DA:540,0
DA:541,0
DA:543,0
DA:544,0
DA:554,13
DA:562,0
DA:563,0
DA:566,0
DA:570,0
DA:571,0
DA:576,0
DA:578,0
DA:591,13
DA:598,2
DA:601,2
DA:602,2
DA:603,1
DA:609,1
DA:610,1
DA:612,1
DA:613,1
DA:614,1
DA:616,1
DA:617,1
DA:619,0
DA:620,0
DA:622,0
DA:623,0
DA:634,13
DA:642,1
DA:652,13
DA:657,13
DA:662,13
DA:667,13
LF:169
LH:140
BRDA:75,0,0,1
BRDA:75,0,1,0
BRDA:99,1,0,2
BRDA:99,1,1,2
BRDA:104,2,0,1
BRDA:104,2,1,1
BRDA:119,3,0,1
BRDA:119,3,1,0
BRDA:147,4,0,1
BRDA:147,4,1,4
BRDA:166,5,0,1
BRDA:166,5,1,3
BRDA:228,6,0,1
BRDA:228,6,1,4
BRDA:251,7,0,1
BRDA:251,7,1,3
BRDA:282,8,0,1
BRDA:282,8,1,0
BRDA:312,9,0,1
BRDA:312,9,1,4
BRDA:335,10,0,1
BRDA:335,10,1,3
BRDA:355,11,0,2
BRDA:355,11,1,1
BRDA:359,12,0,1
BRDA:359,12,1,4
BRDA:363,13,0,1
BRDA:363,13,1,0
BRDA:388,14,0,0
BRDA:388,14,1,0
BRDA:414,15,0,2
BRDA:414,15,1,3
BRDA:422,16,0,0
BRDA:422,16,1,3
BRDA:473,17,0,1
BRDA:473,17,1,0
BRDA:473,18,0,1
BRDA:473,18,1,1
BRDA:504,19,0,0
BRDA:504,19,1,0
BRDA:504,20,0,0
BRDA:504,20,1,0
BRDA:537,21,0,0
BRDA:537,21,1,0
BRDA:537,22,0,0
BRDA:537,22,1,0
BRDA:540,23,0,0
BRDA:540,23,1,0
BRDA:540,24,0,0
BRDA:540,24,1,0
BRDA:570,25,0,0
BRDA:570,25,1,0
BRDA:581,26,0,0
BRDA:581,26,1,0
BRDA:602,27,0,1
BRDA:602,27,1,1
BRDA:619,28,0,0
BRDA:619,28,1,0
BRDA:619,29,0,0
BRDA:619,29,1,0
BRF:60
BRH:32
end_of_record
TN:
SF:src\domains\ai\routes\action.routes.ts
FN:27,actionRoutes
FN:37,(anonymous_1)
FN:78,(anonymous_2)
FN:108,(anonymous_3)
FN:148,(anonymous_4)
FN:191,(anonymous_5)
FN:227,(anonymous_6)
FN:266,(anonymous_7)
FNF:8
FNH:8
FNDA:13,actionRoutes
FNDA:3,(anonymous_1)
FNDA:2,(anonymous_2)
FNDA:3,(anonymous_3)
FNDA:4,(anonymous_4)
FNDA:2,(anonymous_5)
FNDA:3,(anonymous_6)
FNDA:2,(anonymous_7)
DA:31,13
DA:38,3
DA:39,3
DA:42,3
DA:46,3
DA:47,1
DA:50,2
DA:51,2
DA:60,2
DA:65,2
DA:72,13
DA:79,2
DA:80,2
DA:82,2
DA:86,2
DA:87,1
DA:90,1
DA:91,1
DA:93,1
DA:95,1
DA:102,13
DA:109,3
DA:110,3
DA:114,3
DA:116,3
DA:123,3
DA:124,2
DA:127,1
DA:129,1
DA:131,0
DA:139,13
DA:149,4
DA:150,4
DA:151,4
DA:152,4
DA:155,4
DA:159,4
DA:160,1
DA:163,3
DA:164,3
DA:165,3
DA:167,1
DA:172,4
DA:174,2
DA:182,13
DA:192,2
DA:193,2
DA:194,2
DA:195,2
DA:197,2
DA:201,2
DA:202,1
DA:205,1
DA:206,1
DA:207,1
DA:209,1
DA:211,1
DA:213,0
DA:221,13
DA:228,3
DA:229,3
DA:230,3
DA:232,3
DA:236,3
DA:237,1
DA:240,2
DA:241,2
DA:243,2
DA:253,2
DA:260,13
DA:267,2
DA:268,2
DA:269,2
DA:271,2
DA:275,2
DA:276,1
DA:279,1
DA:280,1
DA:282,1
DA:292,1
LF:80
LH:78
BRDA:46,0,0,1
BRDA:46,0,1,2
BRDA:86,1,0,1
BRDA:86,1,1,1
BRDA:123,2,0,2
BRDA:123,2,1,1
BRDA:159,3,0,1
BRDA:159,3,1,3
BRDA:201,4,0,1
BRDA:201,4,1,1
BRDA:236,5,0,1
BRDA:236,5,1,2
BRDA:275,6,0,1
BRDA:275,6,1,1
BRF:14
BRH:14
end_of_record
TN:
SF:src\domains\ai\routes\monthly-close.ts
FN:28,monthlyCloseRoutes
FN:38,(anonymous_1)
FN:69,(anonymous_2)
FN:100,(anonymous_3)
FNF:4
FNH:4
FNDA:13,monthlyCloseRoutes
FNDA:2,(anonymous_1)
FNDA:2,(anonymous_2)
FNDA:2,(anonymous_3)
DA:32,13
DA:39,2
DA:40,0
DA:43,2
DA:44,2
DA:46,2
DA:47,2
DA:49,1
DA:53,1
DA:55,1
DA:63,13
DA:70,2
DA:71,0
DA:74,2
DA:75,2
DA:77,2
DA:78,2
DA:80,1
DA:84,1
DA:86,1
DA:94,13
DA:101,2
DA:102,0
DA:105,2
DA:107,2
DA:109,2
DA:120,2
DA:135,2
DA:136,2
DA:137,2
DA:139,2
DA:144,2
DA:150,0
LF:33
LH:29
BRDA:39,0,0,0
BRDA:39,0,1,2
BRDA:39,1,0,2
BRDA:39,1,1,2
BRDA:70,2,0,0
BRDA:70,2,1,2
BRDA:70,3,0,2
BRDA:70,3,1,2
BRDA:101,4,0,0
BRDA:101,4,1,2
BRDA:101,5,0,2
BRDA:101,5,1,2
BRDA:117,6,0,2
BRDA:117,6,1,0
BRDA:136,7,0,1
BRDA:136,7,1,1
BRDA:137,8,0,1
BRDA:137,8,1,1
BRF:18
BRH:14
end_of_record
TN:
SF:src\domains\ai\routes\rule-suggestions.ts
FN:35,ruleSuggestionRoutes
FN:45,(anonymous_1)
FN:82,(anonymous_2)
FN:114,(anonymous_3)
FN:145,(anonymous_4)
FN:177,(anonymous_5)
FN:208,(anonymous_6)
FNF:7
FNH:7
FNDA:28,ruleSuggestionRoutes
FNDA:4,(anonymous_1)
FNDA:3,(anonymous_2)
FNDA:1,(anonymous_3)
FNDA:3,(anonymous_4)
FNDA:2,(anonymous_5)
FNDA:2,(anonymous_6)
DA:39,28
DA:46,4
DA:47,0
DA:50,4
DA:51,4
DA:53,4
DA:54,4
DA:61,3
DA:65,3
DA:67,1
DA:76,28
DA:83,3
DA:84,0
DA:87,3
DA:88,3
DA:90,3
DA:91,3
DA:93,3
DA:97,3
DA:99,0
DA:108,28
DA:115,1
DA:116,0
DA:119,1
DA:120,1
DA:122,1
DA:123,1
DA:125,1
DA:129,1
DA:131,0
DA:139,28
DA:146,3
DA:147,0
DA:150,3
DA:151,3
DA:153,3
DA:154,3
DA:156,3
DA:157,1
DA:160,2
DA:161,2
DA:163,0
DA:171,28
DA:178,2
DA:179,0
DA:182,2
DA:183,2
DA:185,2
DA:186,2
DA:188,1
DA:192,1
DA:194,1
DA:202,28
DA:209,2
DA:210,0
DA:213,2
DA:214,2
DA:215,2
DA:217,2
DA:218,2
DA:220,2
DA:224,2
DA:226,0
LF:63
LH:53
BRDA:46,0,0,0
BRDA:46,0,1,4
BRDA:46,1,0,4
BRDA:46,1,1,4
BRDA:83,2,0,0
BRDA:83,2,1,3
BRDA:83,3,0,3
BRDA:83,3,1,3
BRDA:115,4,0,0
BRDA:115,4,1,1
BRDA:115,5,0,1
BRDA:115,5,1,1
BRDA:146,6,0,0
BRDA:146,6,1,3
BRDA:146,7,0,3
BRDA:146,7,1,3
BRDA:156,8,0,1
BRDA:156,8,1,2
BRDA:178,9,0,0
BRDA:178,9,1,2
BRDA:178,10,0,2
BRDA:178,10,1,2
BRDA:209,11,0,0
BRDA:209,11,1,2
BRDA:209,12,0,2
BRDA:209,12,1,2
BRDA:214,13,0,2
BRDA:214,13,1,0
BRF:28
BRH:21
end_of_record
TN:
SF:src\domains\ai\routes\rules.ts
FN:33,rulesRoutes
FN:43,(anonymous_1)
FN:70,(anonymous_2)
FN:102,(anonymous_3)
FN:136,(anonymous_4)
FN:165,(anonymous_5)
FN:193,(anonymous_6)
FN:221,(anonymous_7)
FNF:8
FNH:8
FNDA:32,rulesRoutes
FNDA:4,(anonymous_1)
FNDA:3,(anonymous_2)
FNDA:6,(anonymous_3)
FNDA:2,(anonymous_4)
FNDA:2,(anonymous_5)
FNDA:1,(anonymous_6)
FNDA:1,(anonymous_7)
DA:37,32
DA:44,4
DA:45,0
DA:48,4
DA:49,4
DA:51,4
DA:52,4
DA:53,4
DA:54,4
DA:56,0
DA:64,32
DA:71,3
DA:72,0
DA:75,3
DA:76,3
DA:78,3
DA:79,3
DA:81,3
DA:82,2
DA:85,1
DA:86,1
DA:88,0
DA:96,32
DA:103,6
DA:104,0
DA:107,6
DA:108,6
DA:110,6
DA:111,6
DA:116,1
DA:120,1
DA:122,5
DA:130,32
DA:137,2
DA:138,0
DA:141,2
DA:142,2
DA:143,2
DA:145,2
DA:146,2
DA:148,2
DA:149,2
DA:151,0
DA:159,32
DA:166,2
DA:167,0
DA:170,2
DA:171,2
DA:173,2
DA:174,2
DA:176,1
DA:177,1
DA:179,1
DA:187,32
DA:194,1
DA:195,0
DA:198,1
DA:199,1
DA:201,1
DA:202,1
DA:204,1
DA:205,1
DA:207,0
DA:215,32
DA:222,1
DA:223,0
DA:226,1
DA:227,1
DA:229,1
DA:230,1
DA:232,1
DA:233,1
DA:235,0
LF:73
LH:61
BRDA:44,0,0,0
BRDA:44,0,1,4
BRDA:44,1,0,4
BRDA:44,1,1,4
BRDA:71,2,0,0
BRDA:71,2,1,3
BRDA:71,3,0,3
BRDA:71,3,1,3
BRDA:81,4,0,2
BRDA:81,4,1,1
BRDA:103,5,0,0
BRDA:103,5,1,6
BRDA:103,6,0,6
BRDA:103,6,1,6
BRDA:113,7,0,6
BRDA:113,7,1,6
BRDA:137,8,0,0
BRDA:137,8,1,2
BRDA:137,9,0,2
BRDA:137,9,1,2
BRDA:166,10,0,0
BRDA:166,10,1,2
BRDA:166,11,0,2
BRDA:166,11,1,2
BRDA:194,12,0,0
BRDA:194,12,1,1
BRDA:194,13,0,1
BRDA:194,13,1,1
BRDA:222,14,0,0
BRDA:222,14,1,1
BRDA:222,15,0,1
BRDA:222,15,1,1
BRF:32
BRH:25
end_of_record
TN:
SF:src\domains\ai\schemas\action.schema.ts
FNF:0
FNH:0
DA:7,4
DA:8,4
DA:14,4
DA:24,4
DA:38,4
DA:48,4
DA:59,4
LF:7
LH:7
BRF:0
BRH:0
end_of_record
TN:
SF:src\domains\ai\schemas\categorization.schema.ts
FNF:0
FNH:0
DA:10,4
DA:19,4
DA:30,4
LF:3
LH:3
BRF:0
BRH:0
end_of_record
TN:
SF:src\domains\ai\schemas\insight.schema.ts
FN:32,(anonymous_0)
FNF:1
FNH:0
FNDA:0,(anonymous_0)
DA:10,4
DA:22,4
DA:29,4
DA:32,0
DA:40,4
DA:48,4
LF:6
LH:5
BRF:0
BRH:0
end_of_record
TN:
SF:src\domains\ai\schemas\je-suggestion.schema.ts
FNF:0
FNH:0
DA:12,4
DA:23,4
LF:2
LH:2
BRF:0
BRH:0
end_of_record
TN:
SF:src\domains\ai\schemas\monthly-close.schema.ts
FNF:0
FNH:0
DA:7,4
DA:17,4
DA:27,4
LF:3
LH:3
BRF:0
BRH:0
end_of_record
TN:
SF:src\domains\ai\schemas\rule-suggestion.schema.ts
FNF:0
FNH:0
DA:10,5
DA:21,5
DA:29,5
DA:37,5
DA:45,5
LF:5
LH:5
BRF:0
BRH:0
end_of_record
TN:
SF:src\domains\ai\schemas\rule.schema.ts
FN:13,(anonymous_0)
FN:16,(anonymous_1)
FN:47,(anonymous_2)
FN:69,(anonymous_3)
FN:92,(anonymous_4)
FNF:5
FNH:0
FNDA:0,(anonymous_0)
FNDA:0,(anonymous_1)
FNDA:0,(anonymous_2)
FNDA:0,(anonymous_3)
FNDA:0,(anonymous_4)
DA:11,5
DA:13,0
DA:16,0
DA:25,5
DA:41,5
DA:47,0
DA:59,5
DA:70,0
DA:71,0
DA:84,5
DA:93,0
DA:94,0
DA:107,5
DA:124,5
DA:136,5
LF:15
LH:8
BRDA:47,0,0,0
BRDA:47,0,1,0
BRDA:47,0,2,0
BRF:3
BRH:0
end_of_record
TN:
SF:src\domains\ai\services\action-executor.service.ts
FN:66,(anonymous_0)
FN:76,(anonymous_1)
FN:130,(anonymous_2)
FN:184,(anonymous_3)
FN:265,(anonymous_4)
FN:346,(anonymous_5)
FN:368,(anonymous_6)
FN:400,(anonymous_7)
FN:450,(anonymous_8)
FNF:9
FNH:7
FNDA:27,(anonymous_0)
FNDA:25,(anonymous_1)
FNDA:2,(anonymous_2)
FNDA:15,(anonymous_3)
FNDA:5,(anonymous_4)
FNDA:4,(anonymous_5)
FNDA:0,(anonymous_6)
FNDA:3,(anonymous_7)
FNDA:0,(anonymous_8)
DA:67,27
DA:68,27
DA:69,27
DA:81,25
DA:82,25
DA:84,15
DA:87,5
DA:90,2
DA:94,2
DA:102,1
DA:110,0
DA:111,0
DA:115,0
DA:134,2
DA:136,2
DA:137,0
DA:145,2
DA:146,2
DA:147,2
DA:148,2
DA:150,0
DA:157,2
DA:160,2
DA:161,0
DA:169,2
DA:188,15
DA:190,15
DA:191,1
DA:200,14
DA:209,14
DA:210,2
DA:219,12
DA:220,2
DA:229,10
DA:230,2
DA:239,8
DA:240,8
DA:241,8
DA:243,7
DA:250,1
DA:251,1
DA:269,5
DA:271,5
DA:272,0
DA:281,5
DA:290,5
DA:291,1
DA:300,4
DA:301,2
DA:310,2
DA:319,2
DA:320,1
DA:329,1
DA:334,1
DA:351,4
DA:353,3
DA:355,0
DA:357,0
DA:360,1
DA:369,0
DA:371,0
DA:373,0
DA:382,0
DA:383,0
DA:384,0
DA:385,0
DA:392,0
DA:401,3
DA:403,3
DA:405,3
DA:415,3
DA:416,2
DA:422,2
DA:423,2
DA:432,2
DA:439,0
DA:451,0
DA:453,0
DA:454,0
DA:455,0
DA:456,0
DA:458,0
DA:464,0
LF:83
LH:58
BRDA:82,0,0,15
BRDA:82,0,1,5
BRDA:82,0,2,2
BRDA:82,0,3,2
BRDA:82,0,4,1
BRDA:110,1,0,0
BRDA:110,1,1,0
BRDA:136,2,0,0
BRDA:136,2,1,2
BRDA:157,3,0,2
BRDA:157,3,1,0
BRDA:160,4,0,0
BRDA:160,4,1,2
BRDA:190,5,0,1
BRDA:190,5,1,14
BRDA:209,6,0,2
BRDA:209,6,1,12
BRDA:219,7,0,2
BRDA:219,7,1,10
BRDA:229,8,0,2
BRDA:229,8,1,8
BRDA:250,9,0,1
BRDA:250,9,1,0
BRDA:271,10,0,0
BRDA:271,10,1,5
BRDA:271,11,0,5
BRDA:271,11,1,5
BRDA:290,12,0,1
BRDA:290,12,1,4
BRDA:300,13,0,2
BRDA:300,13,1,2
BRDA:319,14,0,1
BRDA:319,14,1,1
BRDA:351,15,0,3
BRDA:351,15,1,0
BRDA:351,15,2,0
BRDA:351,15,3,1
BRDA:369,16,0,0
BRDA:369,16,1,0
BRDA:382,17,0,0
BRDA:382,17,1,0
BRDA:401,18,0,0
BRDA:401,18,1,3
BRDA:415,19,0,2
BRDA:415,19,1,1
BRDA:422,20,0,2
BRDA:422,20,1,0
BRDA:451,21,0,0
BRDA:451,21,1,0
BRF:49
BRH:32
end_of_record
TN:
SF:src\domains\ai\services\ai-action.service.ts
FN:68,(anonymous_0)
FN:76,(anonymous_1)
FN:100,(anonymous_2)
FN:145,(anonymous_3)
FN:170,(anonymous_4)
FN:224,(anonymous_5)
FN:260,(anonymous_6)
FN:333,(anonymous_7)
FN:390,(anonymous_8)
FN:420,(anonymous_9)
FNF:10
FNH:10
FNDA:39,(anonymous_0)
FNDA:8,(anonymous_1)
FNDA:4,(anonymous_2)
FNDA:10,(anonymous_3)
FNDA:3,(anonymous_4)
FNDA:2,(anonymous_5)
FNDA:5,(anonymous_6)
FNDA:1,(anonymous_7)
FNDA:2,(anonymous_8)
FNDA:2,(anonymous_9)
DA:14,5
DA:21,5
DA:69,39
DA:70,39
DA:77,8
DA:94,8
DA:101,4
DA:106,4
DA:107,1
DA:109,4
DA:110,1
DA:113,4
DA:139,4
DA:146,10
DA:154,10
DA:155,4
DA:158,6
DA:174,3
DA:176,3
DA:177,1
DA:184,2
DA:186,1
DA:190,1
DA:193,1
DA:203,1
DA:204,1
DA:210,1
DA:211,0
DA:217,1
DA:225,2
DA:227,2
DA:228,1
DA:235,1
DA:245,1
DA:246,1
DA:252,1
DA:261,5
DA:262,5
DA:263,5
DA:265,5
DA:266,10
DA:268,10
DA:277,10
DA:278,2
DA:279,2
DA:282,8
DA:283,0
DA:287,0
DA:288,0
DA:292,8
DA:301,7
DA:302,7
DA:304,1
DA:305,1
DA:313,5
DA:314,5
DA:315,5
DA:316,7
DA:317,7
DA:318,0
DA:326,5
DA:334,1
DA:335,1
DA:336,1
DA:338,1
DA:339,2
DA:341,2
DA:351,2
DA:352,0
DA:353,0
DA:356,2
DA:365,2
DA:366,2
DA:368,0
DA:369,0
DA:377,1
DA:378,1
DA:379,1
DA:380,2
DA:384,1
DA:391,2
DA:396,2
DA:408,2
DA:409,2
DA:410,2
DA:413,2
DA:421,2
DA:431,2
DA:432,1
DA:438,2
LF:90
LH:81
BRDA:84,0,0,8
BRDA:84,0,1,2
BRDA:89,1,0,8
BRDA:89,1,1,8
BRDA:106,2,0,1
BRDA:106,2,1,3
BRDA:109,3,0,1
BRDA:109,3,1,3
BRDA:117,4,0,4
BRDA:117,4,1,4
BRDA:118,5,0,4
BRDA:118,5,1,4
BRDA:154,6,0,4
BRDA:154,6,1,6
BRDA:176,7,0,1
BRDA:176,7,1,2
BRDA:184,8,0,1
BRDA:184,8,1,1
BRDA:184,9,0,2
BRDA:184,9,1,2
BRDA:210,10,0,0
BRDA:210,10,1,1
BRDA:227,11,0,1
BRDA:227,11,1,1
BRDA:277,12,0,2
BRDA:277,12,1,8
BRDA:277,13,0,10
BRDA:277,13,1,8
BRDA:282,14,0,0
BRDA:282,14,1,8
BRDA:282,15,0,8
BRDA:282,15,1,8
BRDA:307,16,0,1
BRDA:307,16,1,0
BRDA:313,17,0,5
BRDA:313,17,1,0
BRDA:317,18,0,0
BRDA:317,18,1,7
BRDA:351,19,0,0
BRDA:351,19,1,2
BRDA:371,20,0,0
BRDA:371,20,1,0
BRDA:377,21,0,1
BRDA:377,21,1,0
BRDA:431,22,0,1
BRDA:431,22,1,1
BRF:46
BRH:37
end_of_record
TN:
SF:src\domains\ai\services\ai.service.ts
FN:9,(anonymous_0)
FN:28,(anonymous_1)
FN:42,(anonymous_2)
FN:46,(anonymous_3)
FNF:4
FNH:4
FNDA:25,(anonymous_0)
FNDA:8,(anonymous_1)
FNDA:7,(anonymous_2)
FNDA:12,(anonymous_3)
DA:6,25
DA:7,25
DA:12,25
DA:13,25
DA:14,10
DA:17,25
DA:18,25
DA:19,12
DA:23,25
DA:24,10
DA:32,8
DA:33,8
DA:35,8
DA:36,2
DA:39,6
DA:43,7
DA:47,12
DA:52,2
LF:18
LH:18
BRDA:13,0,0,10
BRDA:13,0,1,15
BRDA:18,1,0,12
BRDA:18,1,1,13
BRDA:23,2,0,10
BRDA:23,2,1,15
BRDA:23,3,0,25
BRDA:23,3,1,15
BRDA:32,4,0,8
BRDA:32,4,1,5
BRDA:35,5,0,2
BRDA:35,5,1,6
BRF:12
BRH:12
end_of_record
TN:
SF:src\domains\ai\services\categorization.service.ts
FN:194,toConfidenceTier
FN:204,inferCategoryType
FN:207,(anonymous_2)
FN:222,(anonymous_3)
FN:232,(anonymous_4)
FN:321,(anonymous_5)
FN:396,(anonymous_6)
FN:406,(anonymous_7)
FN:407,(anonymous_8)
FN:417,(anonymous_9)
FN:558,(anonymous_10)
FN:608,(anonymous_11)
FN:652,categorizeTransaction
FN:665,categorizeTransactions
FN:682,learnFromCorrection
FNF:15
FNH:13
FNDA:761,toConfidenceTier
FNDA:138,inferCategoryType
FNDA:197,(anonymous_2)
FNDA:45,(anonymous_3)
FNDA:22,(anonymous_4)
FNDA:430,(anonymous_5)
FNDA:21,(anonymous_6)
FNDA:19,(anonymous_7)
FNDA:0,(anonymous_8)
FNDA:0,(anonymous_9)
FNDA:22,(anonymous_10)
FNDA:877,(anonymous_11)
FNDA:17,categorizeTransaction
FNDA:8,categorizeTransactions
FNDA:2,learnFromCorrection
DA:42,3
DA:163,3
DA:185,3
DA:195,761
DA:196,0
DA:197,0
DA:205,138
DA:206,4
DA:207,197
DA:209,4
DA:210,2
DA:214,136
DA:223,45
DA:224,45
DA:234,22
DA:235,0
DA:236,0
DA:237,0
DA:238,0
DA:239,0
DA:241,0
DA:242,0
DA:255,0
DA:259,22
DA:262,22
DA:264,22
DA:265,1892
DA:266,20
DA:267,20
DA:268,13
DA:274,22
DA:275,13
DA:284,13
DA:290,13
DA:291,12
DA:301,1
DA:314,9
DA:315,5
DA:316,5
DA:317,5
DA:321,430
DA:332,4
DA:333,4
DA:342,4
DA:343,4
DA:349,4
DA:350,2
DA:360,2
DA:371,1
DA:376,5
DA:377,5
DA:379,5
DA:400,21
DA:401,21
DA:402,13
DA:403,13
DA:404,13
DA:405,13
DA:406,19
DA:407,0
DA:414,13
DA:415,0
DA:416,0
DA:417,0
DA:429,0
DA:434,21
DA:439,21
DA:440,21
DA:441,34
DA:445,21
DA:446,21
DA:447,13
DA:451,13
DA:452,60
DA:456,21
DA:458,21
DA:460,877
DA:461,0
DA:462,0
DA:472,0
DA:475,877
DA:476,877
DA:478,877
DA:479,75422
DA:480,804
DA:481,804
DA:482,748
DA:487,877
DA:489,748
DA:490,748
DA:491,51
DA:492,151
DA:496,1
DA:497,1
DA:502,748
DA:509,748
DA:510,698
DA:520,50
DA:531,129
DA:532,129
DA:534,129
DA:546,21
DA:563,22
DA:564,18
DA:568,4
DA:569,1
DA:573,1
DA:577,3
DA:578,1
DA:579,1
DA:580,1
DA:584,1
DA:589,2
DA:590,2
DA:594,2
DA:597,0
DA:601,0
DA:614,877
DA:615,858
DA:620,19
DA:621,0
DA:622,0
DA:627,19
DA:628,18
DA:629,18
DA:630,18
DA:631,18
DA:636,1
DA:637,1
DA:638,1
DA:640,0
DA:657,17
DA:658,17
DA:669,8
DA:670,8
DA:690,2
DA:692,2
DA:693,2
DA:694,2
DA:695,2
DA:697,0
DA:698,0
DA:702,0
DA:706,0
DA:707,0
DA:708,0
DA:710,0
DA:715,0
DA:718,2
DA:722,2
LF:150
LH:119
BRDA:195,0,0,761
BRDA:195,0,1,0
BRDA:196,1,0,0
BRDA:196,1,1,0
BRDA:205,2,0,4
BRDA:205,2,1,134
BRDA:209,3,0,2
BRDA:209,3,1,2
BRDA:210,4,0,0
BRDA:210,4,1,2
BRDA:214,5,0,134
BRDA:214,5,1,2
BRDA:234,6,0,0
BRDA:234,6,1,22
BRDA:234,7,0,22
BRDA:234,7,1,4
BRDA:241,8,0,0
BRDA:241,8,1,0
BRDA:265,9,0,20
BRDA:265,9,1,1872
BRDA:267,10,0,13
BRDA:267,10,1,7
BRDA:267,11,0,20
BRDA:267,11,1,7
BRDA:274,12,0,13
BRDA:274,12,1,9
BRDA:285,13,0,13
BRDA:285,13,1,12
BRDA:287,14,0,1
BRDA:287,14,1,12
BRDA:290,15,0,12
BRDA:290,15,1,1
BRDA:314,16,0,5
BRDA:314,16,1,4
BRDA:314,17,0,9
BRDA:314,17,1,4
BRDA:316,18,0,5
BRDA:316,18,1,0
BRDA:344,19,0,4
BRDA:344,19,1,4
BRDA:345,20,0,3
BRDA:345,20,1,1
BRDA:349,21,0,2
BRDA:349,21,1,2
BRDA:362,22,0,1
BRDA:362,22,1,1
BRDA:401,23,0,13
BRDA:401,23,1,8
BRDA:414,24,0,0
BRDA:414,24,1,13
BRDA:446,25,0,13
BRDA:446,25,1,8
BRDA:460,26,0,0
BRDA:460,26,1,877
BRDA:460,27,0,877
BRDA:460,27,1,650
BRDA:479,28,0,804
BRDA:479,28,1,74618
BRDA:481,29,0,748
BRDA:481,29,1,56
BRDA:481,30,0,804
BRDA:481,30,1,56
BRDA:487,31,0,748
BRDA:487,31,1,129
BRDA:490,32,0,51
BRDA:490,32,1,697
BRDA:492,33,0,1
BRDA:492,33,1,150
BRDA:493,34,0,151
BRDA:493,34,1,151
BRDA:503,35,0,748
BRDA:503,35,1,748
BRDA:505,36,0,5
BRDA:505,36,1,743
BRDA:509,37,0,698
BRDA:509,37,1,50
BRDA:563,38,0,18
BRDA:563,38,1,4
BRDA:568,39,0,1
BRDA:568,39,1,3
BRDA:573,40,0,1
BRDA:573,40,1,0
BRDA:577,41,0,1
BRDA:577,41,1,2
BRDA:579,42,0,1
BRDA:579,42,1,0
BRDA:584,43,0,1
BRDA:584,43,1,0
BRDA:594,44,0,2
BRDA:594,44,1,0
BRDA:614,45,0,858
BRDA:614,45,1,19
BRDA:614,46,0,877
BRDA:614,46,1,19
BRDA:620,47,0,0
BRDA:620,47,1,19
BRDA:622,48,0,0
BRDA:622,48,1,0
BRDA:627,49,0,18
BRDA:627,49,1,1
BRDA:629,50,0,18
BRDA:629,50,1,0
BRDA:631,51,0,18
BRDA:631,51,1,0
BRDA:638,52,0,1
BRDA:638,52,1,0
BRDA:697,53,0,0
BRDA:697,53,1,0
BRF:108
BRH:86
end_of_record
TN:
SF:src\domains\ai\services\insight-generator.service.ts
FN:66,(anonymous_0)
FN:83,(anonymous_1)
FN:104,(anonymous_2)
FN:165,(anonymous_3)
FN:178,(anonymous_4)
FN:190,(anonymous_5)
FN:205,(anonymous_6)
FN:233,(anonymous_7)
FNF:8
FNH:8
FNDA:14,(anonymous_0)
FNDA:14,(anonymous_1)
FNDA:72,(anonymous_2)
FNDA:1,(anonymous_3)
FNDA:14,(anonymous_4)
FNDA:21,(anonymous_5)
FNDA:7,(anonymous_6)
FNDA:7,(anonymous_7)
DA:45,3
DA:67,14
DA:68,14
DA:69,14
DA:71,14
DA:72,14
DA:73,14
DA:84,14
DA:93,14
DA:94,14
DA:96,1
DA:97,1
DA:98,1
DA:99,1
DA:103,13
DA:104,72
DA:108,14
DA:109,21
DA:110,21
DA:112,20
DA:118,20
DA:119,10
DA:120,10
DA:121,9
DA:124,9
DA:128,7
DA:131,1
DA:132,1
DA:136,1
DA:140,1
DA:141,1
DA:145,1
DA:149,13
DA:158,13
DA:166,1
DA:168,1
DA:174,1
DA:179,14
DA:186,13
DA:194,21
DA:195,16
DA:196,16
DA:200,5
DA:201,5
DA:206,7
DA:207,7
DA:221,7
DA:224,1
DA:225,1
DA:234,7
DA:240,7
LF:51
LH:51
BRDA:96,0,0,1
BRDA:96,0,1,0
BRDA:103,1,0,12
BRDA:103,1,1,1
BRDA:124,2,0,7
BRDA:124,2,1,2
BRDA:125,3,0,9
BRDA:125,3,1,8
BRDA:125,3,2,2
BRDA:131,4,0,1
BRDA:131,4,1,0
BRDA:140,5,0,1
BRDA:140,5,1,0
BRDA:194,6,0,16
BRDA:194,6,1,5
BRDA:212,7,0,7
BRDA:212,7,1,0
BRDA:217,8,0,7
BRDA:217,8,1,0
BRDA:224,9,0,1
BRDA:224,9,1,0
BRDA:240,10,0,7
BRDA:240,10,1,0
BRF:23
BRH:16
end_of_record
TN:
SF:src\domains\ai\services\insight.service.ts
FN:34,(anonymous_0)
FN:42,(anonymous_1)
FN:77,(anonymous_2)
FN:97,(anonymous_3)
FN:147,(anonymous_4)
FN:184,(anonymous_5)
FN:224,(anonymous_6)
FN:258,(anonymous_7)
FN:298,(anonymous_8)
FN:336,(anonymous_9)
FNF:10
FNH:9
FNDA:15,(anonymous_0)
FNDA:4,(anonymous_1)
FNDA:2,(anonymous_2)
FNDA:3,(anonymous_3)
FNDA:2,(anonymous_4)
FNDA:2,(anonymous_5)
FNDA:0,(anonymous_6)
FNDA:1,(anonymous_7)
FNDA:1,(anonymous_8)
FNDA:3,(anonymous_9)
DA:35,15
DA:36,15
DA:43,4
DA:49,4
DA:50,1
DA:52,4
DA:53,1
DA:55,4
DA:56,0
DA:60,4
DA:68,4
DA:78,2
DA:85,2
DA:86,1
DA:89,1
DA:99,3
DA:102,3
DA:103,1
DA:106,2
DA:141,2
DA:148,2
DA:155,2
DA:156,1
DA:159,1
DA:168,1
DA:178,1
DA:185,2
DA:192,2
DA:193,0
DA:196,2
DA:197,1
DA:200,1
DA:208,1
DA:218,1
DA:225,0
DA:232,0
DA:233,0
DA:236,0
DA:241,0
DA:251,0
DA:260,1
DA:263,1
DA:264,0
DA:267,1
DA:268,1
DA:271,1
DA:282,1
DA:292,1
DA:300,1
DA:303,1
DA:304,0
DA:307,1
DA:319,1
DA:326,1
DA:336,1
DA:337,3
DA:338,3
DA:341,1
LF:58
LH:48
BRDA:49,0,0,1
BRDA:49,0,1,3
BRDA:52,1,0,1
BRDA:52,1,1,3
BRDA:55,2,0,0
BRDA:55,2,1,4
BRDA:62,3,0,1
BRDA:62,3,1,3
BRDA:63,4,0,1
BRDA:63,4,1,3
BRDA:64,5,0,4
BRDA:64,5,1,3
BRDA:70,6,0,0
BRDA:70,6,1,4
BRDA:70,7,0,4
BRDA:70,7,1,3
BRDA:85,8,0,1
BRDA:85,8,1,1
BRDA:102,9,0,1
BRDA:102,9,1,2
BRDA:155,10,0,1
BRDA:155,10,1,1
BRDA:192,11,0,0
BRDA:192,11,1,2
BRDA:196,12,0,1
BRDA:196,12,1,1
BRDA:232,13,0,0
BRDA:232,13,1,0
BRDA:263,14,0,0
BRDA:263,14,1,1
BRDA:303,15,0,0
BRDA:303,15,1,1
BRDA:337,16,0,3
BRDA:337,16,1,2
BRDA:338,17,0,3
BRDA:338,17,1,3
BRF:36
BRH:29
end_of_record
TN:
SF:src\domains\ai\services\je-suggestion.service.ts
FN:79,(anonymous_0)
FN:101,(anonymous_1)
FN:127,(anonymous_2)
FN:131,(anonymous_3)
FN:187,(anonymous_4)
FN:194,(anonymous_5)
FN:198,(anonymous_6)
FN:199,(anonymous_7)
FN:223,(anonymous_8)
FN:298,(anonymous_9)
FN:349,(anonymous_10)
FN:373,(anonymous_11)
FN:394,(anonymous_12)
FN:399,(anonymous_13)
FN:411,(anonymous_14)
FN:412,(anonymous_15)
FN:413,(anonymous_16)
FNF:17
FNH:17
FNDA:42,(anonymous_0)
FNDA:34,(anonymous_1)
FNDA:38,(anonymous_2)
FNDA:38,(anonymous_3)
FNDA:12,(anonymous_4)
FNDA:14,(anonymous_5)
FNDA:28,(anonymous_6)
FNDA:28,(anonymous_7)
FNDA:26,(anonymous_8)
FNDA:35,(anonymous_9)
FNDA:28,(anonymous_10)
FNDA:29,(anonymous_11)
FNDA:35,(anonymous_12)
FNDA:34,(anonymous_13)
FNDA:35,(anonymous_14)
FNDA:35,(anonymous_15)
FNDA:35,(anonymous_16)
DA:63,2
DA:66,2
DA:80,42
DA:81,42
DA:82,42
DA:84,42
DA:85,42
DA:104,34
DA:105,34
DA:108,34
DA:109,34
DA:110,50
DA:111,7
DA:112,7
DA:114,43
DA:115,5
DA:116,5
DA:118,38
DA:121,34
DA:122,6
DA:126,28
DA:127,38
DA:131,38
DA:132,28
DA:135,28
DA:136,38
DA:137,38
DA:140,38
DA:141,38
DA:142,2
DA:146,2
DA:149,36
DA:150,1
DA:154,1
DA:157,35
DA:164,35
DA:178,28
DA:190,12
DA:192,12
DA:193,15
DA:194,15
DA:195,14
DA:198,28
DA:199,28
DA:200,14
DA:201,1
DA:206,13
DA:223,26
DA:235,12
DA:240,12
DA:243,12
DA:246,12
DA:247,12
DA:266,1
DA:272,3
DA:280,12
DA:304,35
DA:305,35
DA:307,35
DA:308,28
DA:326,7
DA:352,28
DA:365,28
DA:366,28
DA:367,29
DA:368,26
DA:373,29
DA:374,28
DA:375,3
DA:384,3
DA:385,1
DA:386,1
DA:391,28
DA:395,35
DA:396,35
DA:404,34
DA:411,35
DA:412,35
DA:413,35
LF:79
LH:79
BRDA:110,0,0,7
BRDA:110,0,1,43
BRDA:114,1,0,5
BRDA:114,1,1,38
BRDA:121,2,0,6
BRDA:121,2,1,28
BRDA:141,3,0,2
BRDA:141,3,1,36
BRDA:149,4,0,1
BRDA:149,4,1,35
BRDA:149,5,0,36
BRDA:149,5,1,35
BRDA:200,6,0,1
BRDA:200,6,1,13
BRDA:252,7,0,10
BRDA:252,7,1,2
BRDA:307,8,0,28
BRDA:307,8,1,7
BRDA:314,9,0,28
BRDA:314,9,1,0
BRDA:339,10,0,7
BRDA:339,10,1,0
BRDA:367,11,0,26
BRDA:367,11,1,3
BRDA:374,12,0,3
BRDA:374,12,1,25
BRDA:384,13,0,1
BRDA:384,13,1,2
BRDA:395,14,0,35
BRDA:395,14,1,0
BRF:30
BRH:27
end_of_record
TN:
SF:src\domains\ai\services\monthly-close.service.ts
FN:39,checkUnreconciledTransactions
FN:64,checkOverdueInvoices
FN:88,checkOverdueBills
FN:112,checkDraftJournalEntries
FN:137,checkPendingAIActions
FN:159,checkUnresolvedInsights
FN:182,checkAccountReconciliation
FN:244,(anonymous_7)
FN:253,(anonymous_8)
FN:293,(anonymous_9)
FN:336,(anonymous_10)
FN:342,(anonymous_11)
FN:343,(anonymous_12)
FNF:13
FNH:13
FNDA:14,checkUnreconciledTransactions
FNDA:14,checkOverdueInvoices
FNDA:14,checkOverdueBills
FNDA:14,checkDraftJournalEntries
FNDA:14,checkPendingAIActions
FNDA:14,checkUnresolvedInsights
FNDA:14,checkAccountReconciliation
FNDA:17,(anonymous_7)
FNDA:17,(anonymous_8)
FNDA:98,(anonymous_9)
FNDA:4,(anonymous_10)
FNDA:14,(anonymous_11)
FNDA:2,(anonymous_12)
DA:45,14
DA:54,14
DA:55,14
DA:70,14
DA:79,14
DA:94,14
DA:103,14
DA:118,14
DA:127,14
DA:128,14
DA:143,14
DA:150,14
DA:165,14
DA:173,14
DA:188,14
DA:193,14
DA:194,11
DA:197,3
DA:198,3
DA:200,3
DA:201,4
DA:205,4
DA:207,3
DA:211,3
DA:212,3
DA:213,0
DA:216,3
DA:217,14
DA:219,14
DA:229,4
DA:245,17
DA:246,17
DA:255,17
DA:260,17
DA:261,1
DA:265,16
DA:279,16
DA:280,1
DA:283,15
DA:284,1
DA:292,14
DA:294,98
DA:295,98
DA:304,14
DA:305,14
DA:306,14
DA:308,14
DA:309,14
DA:311,14
DA:312,98
DA:313,98
DA:316,98
DA:319,14
DA:320,17
DA:322,17
DA:338,4
DA:340,4
DA:341,2
DA:342,14
DA:343,2
DA:345,2
DA:354,2
DA:358,2
DA:363,2
DA:364,1
DA:366,2
DA:369,2
DA:380,2
LF:68
LH:67
BRDA:54,0,0,9
BRDA:54,0,1,5
BRDA:54,1,0,1
BRDA:54,1,1,4
BRDA:58,2,0,9
BRDA:58,2,1,5
BRDA:60,3,0,0
BRDA:60,3,1,5
BRDA:80,4,0,12
BRDA:80,4,1,2
BRDA:82,5,0,12
BRDA:82,5,1,2
BRDA:84,6,0,0
BRDA:84,6,1,2
BRDA:104,7,0,13
BRDA:104,7,1,1
BRDA:106,8,0,13
BRDA:106,8,1,1
BRDA:108,9,0,0
BRDA:108,9,1,1
BRDA:127,10,0,12
BRDA:127,10,1,2
BRDA:127,11,0,1
BRDA:127,11,1,1
BRDA:131,12,0,12
BRDA:131,12,1,2
BRDA:133,13,0,1
BRDA:133,13,1,1
BRDA:151,14,0,12
BRDA:151,14,1,2
BRDA:153,15,0,12
BRDA:153,15,1,2
BRDA:155,16,0,0
BRDA:155,16,1,2
BRDA:174,17,0,13
BRDA:174,17,1,1
BRDA:176,18,0,13
BRDA:176,18,1,1
BRDA:178,19,0,0
BRDA:178,19,1,1
BRDA:193,20,0,11
BRDA:193,20,1,3
BRDA:205,21,0,1
BRDA:205,21,1,3
BRDA:212,22,0,2
BRDA:212,22,1,1
BRDA:212,23,0,0
BRDA:212,23,1,1
BRDA:216,24,0,2
BRDA:216,24,1,1
BRDA:216,25,0,0
BRDA:216,25,1,1
BRDA:222,26,0,1
BRDA:222,26,1,2
BRDA:223,27,0,1
BRDA:223,27,1,0
BRDA:224,28,0,2
BRDA:224,28,1,0
BRDA:260,29,0,1
BRDA:260,29,1,16
BRDA:279,30,0,1
BRDA:279,30,1,15
BRDA:283,31,0,1
BRDA:283,31,1,14
BRDA:283,32,0,15
BRDA:283,32,1,3
BRDA:313,33,0,83
BRDA:313,33,1,15
BRDA:314,34,0,5
BRDA:314,34,1,10
BRDA:319,35,0,14
BRDA:319,35,1,0
BRDA:340,36,0,2
BRDA:340,36,1,2
BRDA:363,37,0,1
BRDA:363,37,1,1
BRF:76
BRH:66
end_of_record
TN:
SF:src\domains\ai\services\pattern-detection.service.ts
FN:72,tokenizeDescription
FN:94,getLookbackDate
FN:119,(anonymous_2)
FN:134,(anonymous_3)
FN:302,(anonymous_4)
FN:308,(anonymous_5)
FN:310,(anonymous_6)
FN:345,(anonymous_7)
FN:490,(anonymous_8)
FNF:9
FNH:8
FNDA:72,tokenizeDescription
FNDA:20,getLookbackDate
FNDA:25,(anonymous_2)
FNDA:15,(anonymous_3)
FNDA:22,(anonymous_4)
FNDA:10,(anonymous_5)
FNDA:20,(anonymous_6)
FNDA:10,(anonymous_7)
FNDA:0,(anonymous_8)
DA:25,6
DA:28,6
DA:31,6
DA:34,6
DA:40,6
DA:73,72
DA:74,72
DA:76,72
DA:77,72
DA:79,72
DA:80,217
DA:81,217
DA:82,146
DA:83,135
DA:84,133
DA:85,133
DA:88,72
DA:95,20
DA:96,20
DA:97,20
DA:120,25
DA:121,25
DA:135,15
DA:138,15
DA:156,15
DA:157,2
DA:161,13
DA:171,13
DA:173,13
DA:174,59
DA:176,58
DA:178,58
DA:180,110
DA:183,110
DA:184,110
DA:185,110
DA:186,36
DA:191,36
DA:193,110
DA:209,13
DA:211,13
DA:212,36
DA:213,36
DA:215,36
DA:217,23
DA:218,36
DA:220,36
DA:222,22
DA:232,13
DA:233,1
DA:237,12
DA:250,12
DA:251,12
DA:252,1
DA:253,1
DA:255,1
DA:257,1
DA:258,1
DA:259,1
DA:266,12
DA:271,12
DA:272,15
DA:284,15
DA:285,15
DA:286,1
DA:287,1
DA:289,1
DA:290,1
DA:292,1
DA:294,1
DA:295,1
DA:296,1
DA:302,12
DA:303,22
DA:304,22
DA:308,12
DA:310,20
DA:328,12
DA:333,12
DA:351,10
DA:364,8
DA:365,2
DA:369,2
DA:373,6
DA:374,6
DA:375,1
DA:379,5
DA:380,5
DA:385,5
DA:386,1
DA:394,4
DA:396,4
DA:398,10
DA:415,10
DA:424,10
DA:426,10
DA:427,3
DA:429,3
DA:430,3
DA:431,3
DA:442,4
DA:443,1
DA:447,3
DA:463,3
DA:464,1
DA:469,2
DA:474,2
DA:475,2
DA:482,2
DA:483,0
DA:484,0
DA:485,0
DA:486,0
DA:488,0
DA:489,0
DA:491,0
DA:496,0
DA:497,0
DA:504,2
DA:508,10
DA:519,10
LF:121
LH:112
BRDA:81,0,0,71
BRDA:81,0,1,146
BRDA:82,1,0,11
BRDA:82,1,1,135
BRDA:83,2,0,2
BRDA:83,2,1,133
BRDA:156,3,0,2
BRDA:156,3,1,13
BRDA:174,4,0,1
BRDA:174,4,1,58
BRDA:174,5,0,59
BRDA:174,5,1,58
BRDA:180,6,0,110
BRDA:180,6,1,34
BRDA:185,7,0,36
BRDA:185,7,1,74
BRDA:215,8,0,13
BRDA:215,8,1,23
BRDA:217,9,0,23
BRDA:217,9,1,0
BRDA:220,10,0,1
BRDA:220,10,1,35
BRDA:232,11,0,1
BRDA:232,11,1,12
BRDA:255,12,0,0
BRDA:255,12,1,1
BRDA:255,13,0,1
BRDA:255,13,1,1
BRDA:258,14,0,1
BRDA:258,14,1,0
BRDA:258,15,0,1
BRDA:258,15,1,1
BRDA:258,15,2,1
BRDA:272,16,0,11
BRDA:272,16,1,1
BRDA:287,17,0,0
BRDA:287,17,1,1
BRDA:292,18,0,0
BRDA:292,18,1,1
BRDA:292,19,0,1
BRDA:292,19,1,1
BRDA:295,20,0,1
BRDA:295,20,1,0
BRDA:295,21,0,1
BRDA:295,21,1,1
BRDA:295,21,2,1
BRDA:304,22,0,22
BRDA:304,22,1,21
BRDA:364,23,0,2
BRDA:364,23,1,6
BRDA:374,24,0,1
BRDA:374,24,1,5
BRDA:385,25,0,1
BRDA:385,25,1,4
BRDA:426,26,0,3
BRDA:426,26,1,7
BRDA:427,27,0,3
BRDA:427,27,1,0
BRDA:429,28,0,3
BRDA:429,28,1,0
BRDA:430,29,0,3
BRDA:430,29,1,0
BRDA:430,30,0,3
BRDA:430,30,1,0
BRDA:442,31,0,1
BRDA:442,31,1,3
BRDA:463,32,0,1
BRDA:463,32,1,2
BRDA:474,33,0,2
BRDA:474,33,1,0
BRDA:482,34,0,0
BRDA:482,34,1,2
BRDA:484,35,0,0
BRDA:484,35,1,0
BRDA:488,36,0,0
BRDA:488,36,1,0
BRDA:488,37,0,0
BRDA:488,37,1,0
BRDA:491,38,0,0
BRDA:491,38,1,0
BRDA:491,38,2,0
BRDA:491,38,3,0
BRDA:496,39,0,0
BRDA:496,39,1,0
BRDA:504,40,0,2
BRDA:504,40,1,0
BRF:86
BRH:61
end_of_record
TN:
SF:src\domains\ai\services\rule-engine.service.ts
FN:49,(anonymous_0)
FN:64,(anonymous_1)
FN:75,(anonymous_2)
FN:94,(anonymous_3)
FN:115,(anonymous_4)
FN:118,(anonymous_5)
FN:134,(anonymous_6)
FN:169,(anonymous_7)
FN:182,(anonymous_8)
FN:194,(anonymous_9)
FN:198,(anonymous_10)
FN:203,(anonymous_11)
FN:204,(anonymous_12)
FN:212,(anonymous_13)
FN:263,(anonymous_14)
FN:283,(anonymous_15)
FN:303,(anonymous_16)
FN:307,(anonymous_17)
FN:323,(anonymous_18)
FN:347,(anonymous_19)
FNF:20
FNH:18
FNDA:41,(anonymous_0)
FNDA:26,(anonymous_1)
FNDA:0,(anonymous_2)
FNDA:2,(anonymous_3)
FNDA:2,(anonymous_4)
FNDA:0,(anonymous_5)
FNDA:28,(anonymous_6)
FNDA:4,(anonymous_7)
FNDA:30,(anonymous_8)
FNDA:30,(anonymous_9)
FNDA:36,(anonymous_10)
FNDA:9,(anonymous_11)
FNDA:26,(anonymous_12)
FNDA:36,(anonymous_13)
FNDA:23,(anonymous_14)
FNDA:23,(anonymous_15)
FNDA:23,(anonymous_16)
FNDA:27,(anonymous_17)
FNDA:27,(anonymous_18)
FNDA:27,(anonymous_19)
DA:50,41
DA:51,41
DA:68,26
DA:70,26
DA:71,25
DA:73,21
DA:75,0
DA:77,21
DA:81,5
DA:98,2
DA:99,2
DA:100,2
DA:102,2
DA:103,6
DA:104,5
DA:105,2
DA:106,2
DA:107,2
DA:113,2
DA:114,1
DA:116,2
DA:118,0
DA:121,2
DA:135,28
DA:163,28
DA:169,28
DA:170,4
DA:171,4
DA:173,4
DA:174,4
DA:178,0
DA:182,30
DA:198,30
DA:199,36
DA:202,30
DA:203,9
DA:204,26
DA:216,36
DA:219,36
DA:222,36
DA:223,0
DA:226,36
DA:229,26
DA:235,2
DA:239,2
DA:243,1
DA:247,4
DA:251,1
DA:254,0
DA:267,23
DA:284,23
DA:286,18
DA:288,3
DA:290,2
DA:292,0
DA:307,23
DA:308,27
DA:309,27
DA:310,27
DA:312,27
DA:315,23
DA:324,27
DA:326,18
DA:328,2
DA:330,1
DA:332,1
DA:334,4
DA:336,1
DA:338,0
DA:348,27
DA:350,9
DA:354,18
DA:355,18
DA:358,0
LF:74
LH:66
BRDA:71,0,0,21
BRDA:71,0,1,4
BRDA:104,1,0,2
BRDA:104,1,1,3
BRDA:113,2,0,1
BRDA:113,2,1,1
BRDA:173,3,0,4
BRDA:173,3,1,0
BRDA:202,4,0,5
BRDA:202,4,1,25
BRDA:222,5,0,0
BRDA:222,5,1,36
BRDA:222,6,0,36
BRDA:222,6,1,36
BRDA:226,7,0,26
BRDA:226,7,1,2
BRDA:226,7,2,2
BRDA:226,7,3,1
BRDA:226,7,4,4
BRDA:226,7,5,1
BRDA:226,7,6,0
BRDA:239,8,0,2
BRDA:239,8,1,2
BRDA:243,9,0,1
BRDA:243,9,1,1
BRDA:247,10,0,4
BRDA:247,10,1,4
BRDA:251,11,0,1
BRDA:251,11,1,1
BRDA:270,12,0,23
BRDA:270,12,1,0
BRDA:271,13,0,23
BRDA:271,13,1,22
BRDA:274,14,0,23
BRDA:274,14,1,21
BRDA:284,15,0,18
BRDA:284,15,1,3
BRDA:284,15,2,2
BRDA:284,15,3,0
BRDA:288,16,0,2
BRDA:288,16,1,1
BRDA:324,17,0,18
BRDA:324,17,1,2
BRDA:324,17,2,1
BRDA:324,17,3,1
BRDA:324,17,4,4
BRDA:324,17,5,1
BRDA:324,17,6,0
BRDA:348,18,0,9
BRDA:348,18,1,18
BRDA:348,19,0,27
BRDA:348,19,1,9
BRDA:354,20,0,18
BRDA:354,20,1,0
BRF:54
BRH:47
end_of_record
TN:
SF:src\domains\ai\services\rule-suggestion.service.ts
FN:65,(anonymous_0)
FN:74,(anonymous_1)
FN:148,(anonymous_2)
FN:173,(anonymous_3)
FN:194,(anonymous_4)
FN:224,(anonymous_5)
FN:284,(anonymous_6)
FN:317,(anonymous_7)
FNF:8
FNH:2
FNDA:2,(anonymous_0)
FNDA:0,(anonymous_1)
FNDA:0,(anonymous_2)
FNDA:0,(anonymous_3)
FNDA:0,(anonymous_4)
FNDA:2,(anonymous_5)
FNDA:0,(anonymous_6)
FNDA:0,(anonymous_7)
DA:66,2
DA:67,2
DA:78,0
DA:87,0
DA:92,0
DA:106,0
DA:107,0
DA:108,0
DA:109,0
DA:127,0
DA:128,0
DA:131,0
DA:137,0
DA:142,0
DA:153,0
DA:155,0
DA:161,0
DA:168,0
DA:169,0
DA:170,0
DA:172,0
DA:173,0
DA:195,0
DA:202,0
DA:204,0
DA:226,2
DA:239,0
DA:240,0
DA:244,0
DA:249,0
DA:252,0
DA:253,0
DA:263,0
DA:273,0
DA:278,0
DA:285,0
DA:298,0
DA:299,0
DA:302,0
DA:311,0
DA:318,0
DA:320,0
DA:333,0
DA:334,0
DA:340,0
LF:45
LH:3
BRDA:115,0,0,0
BRDA:115,0,1,0
BRDA:153,1,0,0
BRDA:153,1,1,0
BRDA:158,2,0,0
BRDA:158,2,1,0
BRDA:165,3,0,0
BRDA:165,3,1,0
BRDA:169,4,0,0
BRDA:169,4,1,0
BRDA:170,5,0,0
BRDA:170,5,1,0
BRDA:202,6,0,0
BRDA:202,6,1,0
BRDA:239,7,0,0
BRDA:239,7,1,0
BRDA:259,8,0,0
BRDA:259,8,1,0
BRDA:298,9,0,0
BRDA:298,9,1,0
BRDA:308,10,0,0
BRDA:308,10,1,0
BRDA:333,11,0,0
BRDA:333,11,1,0
BRF:24
BRH:0
end_of_record
TN:
SF:src\domains\ai\services\rule.service.ts
FN:65,(anonymous_0)
FN:132,(anonymous_1)
FN:140,(anonymous_2)
FN:197,(anonymous_3)
FN:225,(anonymous_4)
FN:305,(anonymous_5)
FN:397,(anonymous_6)
FN:436,(anonymous_7)
FN:480,(anonymous_8)
FN:514,(anonymous_9)
FN:548,(anonymous_10)
FN:561,(anonymous_11)
FNF:12
FNH:11
FNDA:10,(anonymous_0)
FNDA:78,(anonymous_1)
FNDA:7,(anonymous_2)
FNDA:4,(anonymous_3)
FNDA:10,(anonymous_4)
FNDA:7,(anonymous_5)
FNDA:3,(anonymous_6)
FNDA:3,(anonymous_7)
FNDA:4,(anonymous_8)
FNDA:0,(anonymous_9)
FNDA:10,(anonymous_10)
FNDA:10,(anonymous_11)
DA:8,9
DA:14,9
DA:46,9
DA:52,9
DA:60,9
DA:65,10
DA:133,78
DA:134,78
DA:141,7
DA:143,7
DA:148,7
DA:149,1
DA:152,7
DA:153,1
DA:156,7
DA:157,1
DA:163,7
DA:187,7
DA:188,7
DA:189,7
DA:191,7
DA:198,4
DA:227,10
DA:233,10
DA:234,1
DA:238,9
DA:241,9
DA:244,9
DA:245,2
DA:252,2
DA:253,1
DA:258,5
DA:259,1
DA:265,1
DA:266,1
DA:270,4
DA:285,4
DA:299,4
DA:306,7
DA:321,7
DA:322,1
DA:327,6
DA:328,1
DA:333,5
DA:334,3
DA:338,4
DA:339,1
DA:346,1
DA:347,1
DA:352,3
DA:353,1
DA:359,1
DA:360,1
DA:364,2
DA:374,2
DA:391,2
DA:398,3
DA:411,3
DA:412,2
DA:415,1
DA:419,1
DA:437,3
DA:449,3
DA:450,1
DA:453,2
DA:460,2
DA:471,2
DA:481,4
DA:489,4
DA:491,1
DA:494,3
DA:495,3
DA:496,3
DA:497,4
DA:499,4
DA:515,0
DA:535,0
DA:549,10
DA:550,10
DA:551,3
DA:553,7
DA:562,10
DA:563,10
DA:564,2
DA:566,8
LF:85
LH:83
BRDA:65,0,0,10
BRDA:65,0,1,7
BRDA:65,0,2,5
BRDA:141,1,0,7
BRDA:141,1,1,6
BRDA:148,2,0,1
BRDA:148,2,1,6
BRDA:152,3,0,1
BRDA:152,3,1,6
BRDA:156,4,0,1
BRDA:156,4,1,6
BRDA:166,5,0,0
BRDA:166,5,1,7
BRDA:188,6,0,1
BRDA:188,6,1,6
BRDA:189,7,0,1
BRDA:189,7,1,6
BRDA:233,8,0,1
BRDA:233,8,1,9
BRDA:244,9,0,2
BRDA:244,9,1,7
BRDA:252,10,0,1
BRDA:252,10,1,1
BRDA:258,11,0,1
BRDA:258,11,1,4
BRDA:265,12,0,1
BRDA:265,12,1,0
BRDA:321,13,0,1
BRDA:321,13,1,6
BRDA:327,14,0,1
BRDA:327,14,1,5
BRDA:333,15,0,3
BRDA:333,15,1,2
BRDA:338,16,0,1
BRDA:338,16,1,3
BRDA:346,17,0,1
BRDA:346,17,1,0
BRDA:352,18,0,1
BRDA:352,18,1,2
BRDA:359,19,0,1
BRDA:359,19,1,0
BRDA:368,20,0,0
BRDA:368,20,1,2
BRDA:369,21,0,0
BRDA:369,21,1,2
BRDA:386,22,0,2
BRDA:386,22,1,1
BRDA:387,23,0,7
BRDA:387,23,1,1
BRDA:411,24,0,2
BRDA:411,24,1,1
BRDA:449,25,0,1
BRDA:449,25,1,2
BRDA:489,26,0,1
BRDA:489,26,1,3
BRDA:496,27,0,2
BRDA:496,27,1,1
BRDA:550,28,0,3
BRDA:550,28,1,7
BRDA:563,29,0,2
BRDA:563,29,1,8
BRF:61
BRH:55
end_of_record
TN:
SF:src\domains\ai\services\analyzers\cash-flow.analyzer.ts
FN:19,analyzeCashFlow
FNF:1
FNH:1
FNDA:9,analyzeCashFlow
DA:7,3
DA:24,9
DA:27,9
DA:28,1
DA:31,8
DA:32,8
DA:36,8
DA:37,8
DA:40,8
DA:41,8
DA:43,8
DA:44,240
DA:45,240
DA:46,38
DA:47,38
DA:52,8
DA:53,1
DA:57,7
DA:58,7
DA:62,7
DA:63,1
DA:64,6
DA:65,1
DA:67,5
DA:70,7
DA:71,7
DA:73,7
DA:80,7
LF:28
LH:28
BRDA:22,0,0,9
BRDA:27,1,0,1
BRDA:27,1,1,8
BRDA:27,2,0,9
BRDA:27,2,1,9
BRDA:45,3,0,38
BRDA:45,3,1,202
BRDA:52,4,0,1
BRDA:52,4,1,7
BRDA:52,5,0,8
BRDA:52,5,1,8
BRDA:62,6,0,1
BRDA:62,6,1,6
BRDA:64,7,0,1
BRDA:64,7,1,5
BRF:15
BRH:15
end_of_record
TN:
SF:src\domains\ai\services\analyzers\duplicate.analyzer.ts
FN:20,analyzeDuplicates
FNF:1
FNH:1
FNDA:11,analyzeDuplicates
DA:7,3
DA:10,3
DA:24,11
DA:27,11
DA:48,11
DA:49,2
DA:52,9
DA:53,9
DA:56,9
DA:57,19
DA:58,11
DA:59,11
DA:62,11
DA:63,1
DA:67,10
DA:68,11
DA:69,11
DA:70,2
DA:74,8
DA:75,8
DA:76,1
DA:80,7
DA:81,7
DA:83,7
DA:84,0
DA:86,7
DA:88,7
DA:103,11
DA:117,9
LF:29
LH:28
BRDA:48,0,0,2
BRDA:48,0,1,9
BRDA:62,1,0,1
BRDA:62,1,1,10
BRDA:67,2,0,10
BRDA:67,2,1,0
BRDA:68,3,0,11
BRDA:68,3,1,0
BRDA:69,4,0,2
BRDA:69,4,1,9
BRDA:69,5,0,11
BRDA:69,5,1,9
BRDA:69,5,2,9
BRDA:75,6,0,1
BRDA:75,6,1,7
BRDA:83,7,0,0
BRDA:83,7,1,7
BRDA:91,8,0,7
BRDA:91,8,1,0
BRDA:97,9,0,11
BRDA:97,9,1,0
BRF:21
BRH:16
end_of_record
TN:
SF:src\domains\ai\services\analyzers\overdue.analyzer.ts
FN:15,analyzeOverdue
FN:19,(anonymous_1)
FN:20,(anonymous_2)
FN:62,(anonymous_3)
FN:69,(anonymous_4)
FNF:5
FNH:5
FNDA:10,analyzeOverdue
FNDA:11,(anonymous_1)
FNDA:11,(anonymous_2)
FNDA:9,(anonymous_3)
FNDA:1,(anonymous_4)
DA:16,10
DA:19,11
DA:20,11
DA:23,10
DA:24,2
DA:28,8
DA:29,10
DA:30,10
DA:34,10
DA:36,1
DA:37,7
DA:39,6
DA:41,1
DA:45,8
DA:46,8
DA:47,8
DA:51,8
DA:52,1
DA:57,8
DA:58,8
DA:61,8
DA:62,9
DA:69,1
DA:78,8
DA:85,8
LF:25
LH:25
BRDA:23,0,0,2
BRDA:23,0,1,8
BRDA:23,1,0,10
BRDA:23,1,1,2
BRDA:28,2,0,8
BRDA:28,2,1,0
BRDA:29,3,0,10
BRDA:29,3,1,0
BRDA:34,4,0,1
BRDA:34,4,1,7
BRDA:37,5,0,6
BRDA:37,5,1,1
BRDA:46,6,0,8
BRDA:46,6,1,0
BRDA:48,7,0,1
BRDA:48,7,1,7
BRDA:51,8,0,1
BRDA:51,8,1,7
BRDA:53,9,0,0
BRDA:53,9,1,1
BRF:20
BRH:16
end_of_record
TN:
SF:src\domains\ai\services\analyzers\reconciliation.analyzer.ts
FN:21,analyzeReconciliation
FNF:1
FNH:1
FNDA:13,analyzeReconciliation
DA:7,3
DA:23,13
DA:35,13
DA:36,2
DA:39,11
DA:40,11
DA:41,11
DA:44,11
DA:45,13
DA:62,13
DA:63,1
DA:66,12
DA:67,12
DA:70,12
DA:71,2
DA:76,10
DA:77,1
DA:78,9
DA:79,5
DA:81,4
DA:84,10
DA:93,10
DA:106,11
LF:23
LH:23
BRDA:35,0,0,2
BRDA:35,0,1,11
BRDA:62,1,0,1
BRDA:62,1,1,12
BRDA:70,2,0,2
BRDA:70,2,1,10
BRDA:76,3,0,1
BRDA:76,3,1,9
BRDA:78,4,0,5
BRDA:78,4,1,4
BRF:10
BRH:10
end_of_record
TN:
SF:src\domains\ai\services\analyzers\revenue.analyzer.ts
FN:18,analyzeRevenue
FNF:1
FNH:1
FNDA:11,analyzeRevenue
DA:7,3
DA:19,11
DA:21,11
DA:22,11
DA:23,11
DA:26,11
DA:27,11
DA:30,11
DA:31,11
DA:36,11
DA:37,11
DA:51,1
DA:54,10
DA:55,10
DA:58,10
DA:59,1
DA:62,9
DA:63,9
DA:66,9
DA:67,1
DA:70,8
DA:74,11
DA:75,4
DA:76,1
DA:77,3
DA:78,2
DA:80,1
DA:84,4
DA:87,8
DA:89,8
DA:96,8
LF:31
LH:31
BRDA:58,0,0,1
BRDA:58,0,1,9
BRDA:66,1,0,1
BRDA:66,1,1,8
BRDA:70,2,0,4
BRDA:70,2,1,4
BRDA:74,3,0,4
BRDA:74,3,1,4
BRDA:75,4,0,1
BRDA:75,4,1,3
BRDA:77,5,0,2
BRDA:77,5,1,1
BRDA:99,6,0,4
BRDA:99,6,1,4
BRDA:100,7,0,4
BRDA:100,7,1,4
BRF:16
BRH:16
end_of_record
TN:
SF:src\domains\ai\services\analyzers\spending.analyzer.ts
FN:24,analyzeSpending
FNF:1
FNH:1
FNDA:11,analyzeSpending
DA:7,3
DA:10,3
DA:25,11
DA:28,11
DA:29,1
DA:32,10
DA:33,10
DA:34,10
DA:37,10
DA:40,10
DA:45,10
DA:46,0
DA:50,10
DA:52,10
DA:53,30
DA:54,33
DA:55,33
DA:56,33
[...]
BRDA:71,5,1,1
BRDA:72,6,0,12
BRDA:72,6,1,1
BRDA:73,7,0,1
BRDA:73,7,1,11
BRDA:73,8,0,12
BRDA:73,8,1,11
BRDA:76,9,0,1
BRDA:76,9,1,1
BRDA:77,10,0,1
BRDA:77,10,1,1
BRDA:134,11,0,4
BRDA:160,12,0,3
BRDA:166,13,0,1
BRDA:166,13,1,2
BRDA:166,14,0,3
BRDA:166,14,1,2
BRDA:169,15,0,1
BRDA:169,15,1,1
BRDA:170,16,0,1
BRDA:170,16,1,1
BRDA:227,17,0,13
BRDA:227,17,1,7
BRDA:228,18,0,13
BRDA:228,18,1,6
BRDA:229,19,0,12
BRDA:229,19,1,1
BRF:36
BRH:36
end_of_record
TN:
SF:src\domains\system\services\data-export.service.ts
FN:119,maskSensitiveValue
FN:135,streamDataBackup
FN:170,(anonymous_2)
FN:202,(anonymous_3)
FN:227,(anonymous_4)
FN:231,(anonymous_5)
FN:242,buildWhere
FNF:7
FNH:7
FNDA:2,maskSensitiveValue
FNDA:23,streamDataBackup
FNDA:2,(anonymous_2)
FNDA:6359,(anonymous_3)
FNDA:264,(anonymous_4)
FNDA:264,(anonymous_5)
FNDA:265,buildWhere
DA:16,1
DA:32,1
DA:120,2
DA:121,2
DA:122,1
DA:126,1
DA:140,23
DA:142,23
DA:143,23
DA:148,23
DA:151,23
DA:155,23
DA:157,21
DA:161,21
DA:162,1
DA:164,20
DA:166,2
DA:170,2
DA:173,22
DA:174,264
DA:175,264
DA:178,264
DA:181,264
DA:184,264
DA:185,265
DA:186,265
DA:194,265
DA:198,265
DA:200,265
DA:201,528
DA:203,6359
DA:204,6359
DA:205,6357
DA:208,528
DA:211,265
DA:213,265
DA:214,1
DA:217,264
DA:218,264
DA:222,22
DA:227,264
DA:231,264
DA:234,23
DA:236,23
DA:247,265
DA:249,265
DA:251,221
DA:253,22
DA:257,199
DA:259,22
DA:265,177
DA:266,177
DA:268,177
DA:272,44
DA:276,265
DA:277,111
DA:280,265
LF:57
LH:57
BRDA:120,0,0,2
BRDA:120,0,1,0
BRDA:121,1,0,1
BRDA:121,1,1,1
BRDA:155,2,0,21
BRDA:155,2,1,2
BRDA:161,3,0,1
BRDA:161,3,1,20
BRDA:190,4,0,1
BRDA:190,4,1,264
BRDA:204,5,0,2
BRDA:204,5,1,6357
BRDA:204,6,0,6359
BRDA:204,6,1,2
BRDA:213,7,0,264
BRDA:213,7,1,1
BRDA:225,8,0,22
BRDA:225,8,1,2
BRDA:249,9,0,221
BRDA:249,9,1,44
BRDA:251,10,0,22
BRDA:251,10,1,199
BRDA:254,11,0,22
BRDA:254,11,1,0
BRDA:257,12,0,22
BRDA:257,12,1,177
BRDA:260,13,0,22
BRDA:260,13,1,0
BRDA:265,14,0,177
BRDA:265,14,1,0
BRDA:276,15,0,111
BRDA:276,15,1,154
BRF:32
BRH:28
end_of_record
TN:
SF:src\domains\system\services\entity.service.ts
FN:11,(anonymous_0)
FN:19,(anonymous_1)
FN:53,(anonymous_2)
FN:79,(anonymous_3)
FN:101,(anonymous_4)
FN:152,(anonymous_5)
FN:212,(anonymous_6)
FN:297,(anonymous_7)
FNF:8
FNH:8
FNDA:30,(anonymous_0)
FNDA:6,(anonymous_1)
FNDA:2,(anonymous_2)
FNDA:3,(anonymous_3)
FNDA:6,(anonymous_4)
FNDA:5,(anonymous_5)
FNDA:7,(anonymous_6)
FNDA:1,(anonymous_7)
DA:12,30
DA:13,30
DA:20,6
DA:54,2
DA:80,3
DA:118,6
DA:136,6
DA:146,6
DA:166,5
DA:170,5
DA:171,3
DA:174,2
DA:179,2
DA:200,2
DA:216,7
DA:229,7
DA:230,1
DA:238,6
DA:242,6
DA:244,6
DA:245,2
DA:251,6
DA:254,6
DA:255,2
DA:261,6
DA:268,6
DA:269,2
DA:275,6
DA:282,6
DA:283,2
DA:288,6
DA:289,5
DA:297,1
DA:298,1
DA:304,1
DA:315,1
LF:36
LH:36
BRDA:13,0,0,30
BRDA:23,1,0,6
BRDA:23,1,1,1
BRDA:125,2,0,6
BRDA:125,2,1,5
BRDA:126,3,0,6
BRDA:126,3,1,6
BRDA:127,4,0,6
BRDA:127,4,1,1
BRDA:128,5,0,6
BRDA:128,5,1,0
BRDA:129,6,0,6
BRDA:129,6,1,0
BRDA:130,7,0,6
BRDA:130,7,1,0
BRDA:131,8,0,6
BRDA:131,8,1,0
BRDA:132,9,0,6
BRDA:132,9,1,0
BRDA:170,10,0,3
BRDA:170,10,1,2
BRDA:229,11,0,1
BRDA:229,11,1,6
BRDA:244,12,0,2
BRDA:244,12,1,4
BRDA:254,13,0,2
BRDA:254,13,1,4
BRDA:256,14,0,2
BRDA:256,14,1,0
BRDA:268,15,0,2
BRDA:268,15,1,4
BRDA:270,16,0,2
BRDA:270,16,1,0
BRDA:282,17,0,2
BRDA:282,17,1,4
BRDA:284,18,0,0
BRDA:284,18,1,2
BRDA:288,19,0,5
BRDA:288,19,1,1
BRF:39
BRH:31
end_of_record
TN:
SF:src\domains\system\services\health.service.ts
FN:17,(anonymous_0)
FN:33,(anonymous_1)
FNF:2
FNH:2
FNDA:11,(anonymous_0)
FNDA:6,(anonymous_1)
DA:18,11
DA:19,11
DA:20,7
DA:22,4
DA:37,6
DA:39,6
LF:6
LH:6
BRDA:40,0,0,5
BRDA:40,0,1,1
BRF:2
BRH:2
end_of_record
TN:
SF:src\domains\system\services\user.service.ts
FN:7,(anonymous_0)
FN:44,(anonymous_1)
FN:65,(anonymous_2)
FN:79,(anonymous_3)
FNF:4
FNH:4
FNDA:3,(anonymous_0)
FNDA:9,(anonymous_1)
FNDA:11,(anonymous_2)
FNDA:4,(anonymous_3)
DA:8,3
DA:9,3
DA:45,9
DA:56,9
DA:57,2
DA:60,7
DA:65,11
DA:80,4
DA:84,4
LF:9
LH:9
BRDA:56,0,0,2
BRDA:56,0,1,7
BRF:2
BRH:2
end_of_record
TN:
SF:src\domains\vendors\routes\vendors.ts
FN:29,vendorRoutes
FN:41,(anonymous_1)
FN:68,(anonymous_2)
FN:88,(anonymous_3)
FN:118,(anonymous_4)
FN:146,(anonymous_5)
FNF:6
FNH:6
FNDA:28,vendorRoutes
FNDA:4,(anonymous_1)
FNDA:8,(anonymous_2)
FNDA:5,(anonymous_3)
FNDA:3,(anonymous_4)
FNDA:3,(anonymous_5)
DA:31,28
DA:32,28
DA:35,28
DA:42,4
DA:43,0
DA:46,4
DA:47,4
DA:49,4
DA:50,4
DA:51,3
DA:53,1
DA:54,1
DA:56,0
DA:62,28
DA:69,8
DA:70,0
DA:73,8
DA:74,8
DA:76,8
DA:77,8
DA:82,28
DA:89,5
DA:90,0
DA:93,5
DA:94,5
DA:96,5
DA:97,5
DA:98,2
DA:100,3
DA:101,3
DA:103,0
DA:109,28
DA:119,3
DA:120,0
DA:123,3
DA:124,3
DA:125,3
DA:127,3
DA:128,3
DA:129,1
DA:131,2
DA:132,2
DA:134,0
DA:140,28
DA:147,3
DA:148,0
DA:151,3
DA:152,3
DA:154,3
DA:155,3
DA:156,1
DA:158,2
DA:159,2
DA:161,0
LF:54
LH:45
BRDA:42,0,0,0
BRDA:42,0,1,4
BRDA:42,1,0,4
BRDA:42,1,1,4
BRDA:53,2,0,1
BRDA:53,2,1,0
BRDA:53,3,0,1
BRDA:53,3,1,1
BRDA:69,4,0,0
BRDA:69,4,1,8
BRDA:69,5,0,8
BRDA:69,5,1,8
BRDA:89,6,0,0
BRDA:89,6,1,5
BRDA:89,7,0,5
BRDA:89,7,1,5
BRDA:100,8,0,3
BRDA:100,8,1,0
BRDA:100,9,0,3
BRDA:100,9,1,3
BRDA:119,10,0,0
BRDA:119,10,1,3
BRDA:119,11,0,3
BRDA:119,11,1,3
BRDA:131,12,0,2
BRDA:131,12,1,0
BRDA:131,13,0,2
BRDA:131,13,1,2
BRDA:147,14,0,0
BRDA:147,14,1,3
BRDA:147,15,0,3
BRDA:147,15,1,3
BRDA:158,16,0,2
BRDA:158,16,1,0
BRDA:158,17,0,2
BRDA:158,17,1,2
BRF:36
BRH:27
end_of_record
TN:
SF:src\domains\vendors\schemas\vendor.schema.ts
FNF:0
FNH:0
DA:14,1
DA:24,1
DA:26,1
LF:3
LH:3
BRF:0
BRH:0
end_of_record
TN:
SF:src\domains\vendors\services\bill.service.ts
FN:12,getBillStats
FNF:1
FNH:0
FNDA:0,getBillStats
DA:13,0
DA:14,0
DA:17,0
DA:26,0
DA:52,0
DA:54,0
LF:6
LH:0
BRDA:20,0,0,0
BRDA:20,0,1,0
BRDA:52,1,0,0
BRDA:52,1,1,0
BRDA:52,2,0,0
BRDA:52,2,1,0
BRDA:56,3,0,0
BRDA:56,3,1,0
BRDA:57,4,0,0
BRDA:57,4,1,0
BRF:10
BRH:0
end_of_record
TN:
SF:src\domains\vendors\services\vendor.service.ts
FN:20,createVendor
FN:50,listVendors
FN:86,getVendor
FN:129,updateVendor
FN:159,deleteVendor
FNF:5
FNH:5
FNDA:3,createVendor
FNDA:8,listVendors
FNDA:7,getVendor
FNDA:6,updateVendor
FNDA:4,deleteVendor
DA:25,3
DA:32,3
DA:33,1
DA:36,2
DA:54,8
DA:62,8
DA:63,8
DA:64,1
DA:69,8
DA:71,8
DA:79,8
DA:83,8
DA:87,7
DA:96,7
DA:100,5
DA:120,5
DA:122,7
DA:135,6
DA:143,6
DA:145,4
DA:161,4
DA:169,4
DA:171,2
LF:23
LH:23
BRDA:32,0,0,1
BRDA:32,0,1,2
BRDA:57,1,0,8
BRDA:57,1,1,0
BRDA:62,2,0,1
BRDA:62,2,1,7
BRDA:63,3,0,1
BRDA:63,3,1,7
BRDA:69,4,0,1
BRDA:69,4,1,7
BRDA:79,5,0,1
BRDA:79,5,1,7
BRDA:96,6,0,2
BRDA:96,6,1,5
BRDA:120,7,0,5
BRDA:120,7,1,2
BRDA:120,8,0,7
BRDA:120,8,1,3
BRDA:143,9,0,2
BRDA:143,9,1,4
BRDA:148,10,0,4
BRDA:148,10,1,3
BRDA:149,11,0,6
BRDA:149,11,1,1
BRDA:150,12,0,6
BRDA:150,12,1,1
BRDA:151,13,0,6
BRDA:151,13,1,1
BRDA:152,14,0,6
BRDA:152,14,1,0
BRDA:153,15,0,6
BRDA:153,15,1,0
BRDA:169,16,0,2
BRDA:169,16,1,2
BRF:34
BRH:31
end_of_record
TN:
SF:src\lib\audit-retention.ts
FN:45,getRetentionStats
FN:91,purgeExpiredLogs
FN:120,(anonymous_2)
FN:157,purgeAllExpiredLogs
FNF:4
FNH:4
FNDA:3,getRetentionStats
FNDA:8,purgeExpiredLogs
FNDA:5,(anonymous_2)
FNDA:2,purgeAllExpiredLogs
DA:17,1
DA:46,3
DA:51,3
DA:52,3
DA:53,3
DA:54,3
DA:56,3
DA:68,3
DA:95,8
DA:100,7
DA:101,8
DA:102,8
DA:103,8
DA:105,8
DA:109,8
DA:110,10
DA:117,10
DA:119,3
DA:120,5
DA:123,3
DA:125,3
DA:132,7
DA:133,7
DA:139,7
DA:144,7
DA:158,2
DA:162,2
DA:164,2
DA:165,4
DA:166,4
DA:167,3
DA:168,1
DA:171,1
DA:178,2
LF:34
LH:34
BRDA:51,0,0,3
BRDA:51,0,1,1
BRDA:74,1,0,3
BRDA:74,1,1,2
BRDA:93,2,0,8
BRDA:100,3,0,7
BRDA:100,3,1,0
BRDA:117,4,0,7
BRDA:117,4,1,3
BRDA:149,5,0,7
BRDA:149,5,1,2
BRDA:167,6,0,1
BRDA:167,6,1,2
BRF:13
BRH:12
end_of_record
TN:
SF:src\lib\audit.ts
FN:46,computeEntryHash
FN:92,createAuditLog
FN:119,(anonymous_2)
FN:135,writeAuditEntry
FN:192,verifyAuditChain
FNF:5
FNH:5
FNDA:16,computeEntryHash
FNDA:23,createAuditLog
FNDA:9,(anonymous_2)
FNDA:12,writeAuditEntry
FNDA:6,verifyAuditChain
DA:60,16
DA:73,16
DA:96,23
DA:98,23
DA:100,23
DA:115,23
DA:116,3
DA:118,15
DA:120,9
DA:127,14
DA:149,12
DA:155,9
DA:156,12
DA:158,12
DA:160,12
DA:196,6
DA:197,6
DA:201,6
DA:202,1
DA:206,5
DA:207,5
DA:208,5
DA:210,5
DA:211,7
DA:218,7
DA:220,5
DA:221,10
DA:224,10
DA:225,1
DA:226,1
DA:227,1
DA:231,9
DA:232,1
DA:242,8
DA:243,1
DA:253,7
DA:268,10
DA:269,1
DA:278,6
DA:279,6
DA:282,2
DA:285,2
DA:287,0
DA:288,0
LF:44
LH:42
BRDA:63,0,0,16
BRDA:63,0,1,14
BRDA:98,1,0,15
BRDA:98,1,1,8
BRDA:98,2,0,23
BRDA:98,2,1,16
BRDA:104,3,0,23
BRDA:104,3,1,0
BRDA:104,3,2,0
BRDA:105,4,0,23
BRDA:105,4,1,0
BRDA:105,4,2,0
BRDA:107,5,0,7
BRDA:107,5,1,16
BRDA:108,6,0,9
BRDA:108,6,1,10
BRDA:115,7,0,3
BRDA:115,7,1,15
BRDA:155,8,0,9
BRDA:155,8,1,8
BRDA:156,9,0,12
BRDA:156,9,1,8
BRDA:163,10,0,12
BRDA:163,10,1,8
BRDA:164,11,0,12
BRDA:164,11,1,8
BRDA:194,12,0,6
BRDA:201,13,0,1
BRDA:201,13,1,5
BRDA:215,14,0,2
BRDA:215,14,1,5
BRDA:218,15,0,2
BRDA:218,15,1,5
BRDA:224,16,0,1
BRDA:224,16,1,9
BRDA:224,17,0,10
BRDA:224,17,1,9
BRDA:225,18,0,1
BRDA:225,18,1,1
BRDA:226,19,0,1
BRDA:226,19,1,1
BRDA:231,20,0,1
BRDA:231,20,1,8
BRDA:242,21,0,1
BRDA:242,21,1,7
BRDA:256,22,0,7
BRDA:256,22,1,0
BRDA:264,23,0,10
BRDA:264,23,1,0
BRDA:268,24,0,1
BRDA:268,24,1,9
BRDA:292,25,0,0
BRDA:292,25,1,0
BRF:53
BRH:45
end_of_record
TN:
SF:src\lib\csv.ts
FN:12,sanitizeCsvCell
FN:35,formatCentsForCsv
FNF:2
FNH:2
FNDA:6556,sanitizeCsvCell
FNDA:274,formatCentsForCsv
DA:13,6556
DA:15,1250
DA:20,6556
DA:21,5
DA:25,1245
DA:26,0
DA:29,1245
DA:36,274
LF:8
LH:7
BRDA:13,0,0,5306
BRDA:13,0,1,1250
BRDA:13,1,0,6556
BRDA:13,1,1,6552
BRDA:15,2,0,4
BRDA:15,2,1,1246
BRDA:20,3,0,5
BRDA:20,3,1,6551
BRDA:25,4,0,0
BRDA:25,4,1,1245
BRF:10
BRH:9
end_of_record
TN:
SF:src\lib\email.ts
FN:40,getResendClient
FN:59,sendEmail
FN:87,(anonymous_2)
FNF:3
FNH:0
FNDA:0,getResendClient
FNDA:0,sendEmail
FNDA:0,(anonymous_2)
DA:38,5
DA:41,0
DA:43,0
DA:44,0
DA:46,0
DA:47,0
DA:50,5
DA:63,0
DA:65,0
DA:66,0
DA:70,0
DA:76,0
DA:79,0
DA:80,0
DA:81,0
DA:87,0
DA:93,0
DA:94,0
DA:95,0
DA:100,0
DA:101,0
DA:104,0
DA:109,0
DA:114,0
DA:115,0
DA:120,0
DA:124,0
LF:27
LH:2
BRDA:41,0,0,0
BRDA:41,0,1,0
BRDA:44,1,0,0
BRDA:44,1,1,0
BRDA:65,2,0,0
BRDA:65,2,1,0
BRDA:82,3,0,0
BRDA:82,3,1,0
BRDA:83,4,0,0
BRDA:83,4,1,0
BRDA:93,5,0,0
BRDA:93,5,1,0
BRDA:100,6,0,0
BRDA:100,6,1,0
BRDA:114,7,0,0
BRDA:114,7,1,0
BRDA:120,8,0,0
BRDA:120,8,1,0
BRF:18
BRH:0
end_of_record
TN:
SF:src\lib\env.ts
FN:65,validateEnv
FN:74,(anonymous_1)
FN:75,(anonymous_2)
FN:79,(anonymous_3)
FN:135,(anonymous_4)
FNF:5
FNH:1
FNDA:20,validateEnv
FNDA:0,(anonymous_1)
FNDA:0,(anonymous_2)
FNDA:0,(anonymous_3)
FNDA:0,(anonymous_4)
DA:9,20
DA:66,20
DA:68,20
DA:69,0
DA:70,0
DA:73,0
DA:74,0
DA:75,0
DA:77,0
DA:78,0
DA:79,0
DA:80,0
DA:82,0
DA:85,0
DA:88,20
DA:104,20
DA:107,20
DA:108,0
DA:111,0
DA:112,0
DA:114,0
DA:115,0
DA:119,0
DA:120,0
DA:124,0
DA:125,0
DA:129,0
DA:130,0
DA:133,0
DA:134,0
DA:135,0
DA:140,20
DA:141,0
LF:33
LH:7
BRDA:68,0,0,0
BRDA:68,0,1,20
BRDA:77,1,0,0
BRDA:77,1,1,0
BRDA:107,2,0,0
BRDA:107,2,1,20
BRDA:111,3,0,0
BRDA:111,3,1,0
BRDA:114,4,0,0
BRDA:114,4,1,0
BRDA:119,5,0,0
BRDA:119,5,1,0
BRDA:119,6,0,0
BRDA:119,6,1,0
BRDA:124,7,0,0
BRDA:124,7,1,0
BRDA:124,8,0,0
BRDA:124,8,1,0
BRDA:129,9,0,0
BRDA:129,9,1,0
BRDA:129,10,0,0
BRDA:129,10,1,0
BRDA:129,10,2,0
BRDA:129,10,3,0
BRDA:129,10,4,0
BRDA:133,11,0,0
BRDA:133,11,1,0
BRDA:140,12,0,0
BRDA:140,12,1,20
BRF:29
BRH:3
end_of_record
TN:
SF:src\lib\file-scanner.ts
FN:77,validateMagicBytes
FN:83,(anonymous_1)
FN:84,(anonymous_2)
FN:93,scanContentPatterns
FN:122,scanWithClamAV
FN:130,(anonymous_5)
FN:137,(anonymous_6)
FN:158,(anonymous_7)
FN:162,(anonymous_8)
FN:172,(anonymous_9)
FN:178,(anonymous_10)
FN:211,scanFile
FNF:12
FNH:6
FNDA:18,validateMagicBytes
FNDA:10,(anonymous_1)
FNDA:38,(anonymous_2)
FNDA:18,scanContentPatterns
FNDA:18,scanWithClamAV
FNDA:0,(anonymous_5)
FNDA:0,(anonymous_6)
FNDA:0,(anonymous_7)
FNDA:0,(anonymous_8)
FNDA:0,(anonymous_9)
FNDA:0,(anonymous_10)
FNDA:18,scanFile
DA:16,1
DA:28,1
DA:78,18
DA:79,18
DA:80,8
DA:83,10
DA:84,38
DA:94,18
DA:95,18
DA:97,18
DA:101,17
DA:105,18
DA:106,86
DA:107,7
DA:111,17
DA:123,18
DA:124,18
DA:126,18
DA:127,18
DA:130,0
DA:131,0
DA:132,0
DA:135,0
DA:137,0
DA:140,0
DA:143,0
DA:144,0
DA:145,0
DA:146,0
DA:147,0
DA:148,0
DA:149,0
DA:153,0
DA:154,0
DA:155,0
DA:158,0
DA:159,0
DA:162,0
DA:164,0
DA:165,0
DA:166,0
DA:167,0
DA:169,0
DA:172,0
DA:173,0
DA:174,0
DA:175,0
DA:178,0
DA:179,0
DA:180,0
DA:181,0
DA:184,0
DA:212,18
DA:213,18
DA:216,18
DA:217,18
DA:218,2
DA:222,18
DA:223,18
DA:226,18
DA:227,18
DA:229,18
DA:231,18
DA:232,8
DA:238,18
LF:65
LH:32
BRDA:79,0,0,8
BRDA:79,0,1,10
BRDA:79,1,0,18
BRDA:79,1,1,18
BRDA:97,2,0,1
BRDA:97,2,1,17
BRDA:101,3,0,8
BRDA:101,3,1,9
BRDA:106,4,0,7
BRDA:106,4,1,79
BRDA:124,5,0,18
BRDA:124,5,1,18
BRDA:126,6,0,18
BRDA:126,6,1,0
BRDA:165,7,0,0
BRDA:165,7,1,0
BRDA:167,8,0,0
BRDA:167,8,1,0
BRDA:217,9,0,2
BRDA:217,9,1,16
BRDA:231,10,0,8
BRDA:231,10,1,10
BRF:22
BRH:17
end_of_record
TN:
SF:src\lib\logger.ts
FNF:0
FNH:0
DA:8,17
LF:1
LH:1
BRF:0
BRH:0
end_of_record
TN:
SF:src\lib\tenant-scoped-query.ts
FN:11,tenantScopedQuery
FNF:1
FNH:1
FNDA:5,tenantScopedQuery
DA:15,5
DA:16,1
DA:19,4
DA:23,4
DA:25,4
DA:29,5
DA:30,1
DA:36,3
LF:8
LH:8
BRDA:15,0,0,1
BRDA:15,0,1,4
BRDA:25,1,0,4
BRDA:25,1,1,2
BRDA:25,1,2,1
BRDA:29,2,0,1
BRDA:29,2,1,4
BRF:7
BRH:7
end_of_record
TN:
SF:src\lib\upload-quota.ts
FN:37,checkUploadQuota
FN:91,getMaxFileSize
FNF:2
FNH:2
FNDA:22,checkUploadQuota
FNDA:11,getMaxFileSize
DA:15,2
DA:38,22
DA:40,22
DA:45,7
DA:46,1
DA:53,6
DA:56,6
DA:57,6
DA:59,6
DA:66,6
DA:67,2
DA:74,4
DA:79,15
DA:81,15
DA:92,11
DA:93,11
DA:98,4
DA:100,7
LF:18
LH:18
BRDA:45,0,0,1
BRDA:45,0,1,6
BRDA:66,1,0,2
BRDA:66,1,1,4
BRDA:98,2,0,4
BRDA:98,2,1,1
BRF:6
BRH:6
end_of_record
TN:
SF:src\lib\data\jurisdictions\ca.json
FNF:0
FNH:0
LF:0
LH:0
BRF:0
BRH:0
end_of_record
TN:
SF:src\lib\data\jurisdictions\in.json
FNF:0
FNH:0
LF:0
LH:0
BRF:0
BRH:0
end_of_record
TN:
SF:src\lib\data\jurisdictions\index.ts
FN:16,getJurisdictionConfig
FN:25,getSupportedJurisdictions
FNF:2
FNH:1
FNDA:15,getJurisdictionConfig
FNDA:0,getSupportedJurisdictions
DA:6,1
DA:19,15
DA:26,0
LF:3
LH:2
BRDA:19,0,0,15
BRDA:19,0,1,2
BRF:2
BRH:2
end_of_record
TN:
SF:src\lib\data\jurisdictions\us.json
FNF:0
FNH:0
LF:0
LH:0
BRF:0
BRH:0
end_of_record
TN:
SF:src\lib\validators\tax-id.ts
FN:16,validateTaxId
FN:50,(anonymous_1)
FN:63,formatTaxId
FNF:3
FNH:3
FNDA:17,validateTaxId
FNDA:8,(anonymous_1)
FNDA:7,formatTaxId
DA:20,17
DA:22,17
DA:23,2
DA:26,15
DA:29,15
DA:30,2
DA:34,13
DA:35,16
DA:37,16
DA:38,16
DA:40,16
DA:41,7
DA:49,6
DA:50,8
DA:53,6
DA:68,7
DA:71,3
DA:72,3
DA:74,0
DA:78,1
DA:82,3
DA:85,0
LF:22
LH:20
BRDA:22,0,0,2
BRDA:22,0,1,15
BRDA:29,1,0,2
BRDA:29,1,1,13
BRDA:40,2,0,7
BRDA:40,2,1,9
BRDA:40,3,0,16
BRDA:40,3,1,10
BRDA:40,3,2,10
BRDA:68,4,0,3
BRDA:68,4,1,1
BRDA:68,4,2,3
BRDA:68,4,3,0
BRDA:71,5,0,3
BRDA:71,5,1,0
BRDA:71,6,0,3
BRDA:71,6,1,3
BRF:17
BRH:15
end_of_record
TN:
SF:src\middleware\auth.ts
FN:9,authMiddleware
FN:40,(anonymous_1)
FN:41,(anonymous_2)
FN:71,optionalAuthMiddleware
FN:90,(anonymous_4)
FN:91,(anonymous_5)
FNF:6
FNH:5
FNDA:10,authMiddleware
FNDA:8,(anonymous_1)
FNDA:7,(anonymous_2)
FNDA:6,optionalAuthMiddleware
FNDA:4,(anonymous_4)
FNDA:0,(anonymous_5)
DA:13,10
DA:16,10
DA:17,1
DA:24,9
DA:25,1
DA:31,8
DA:33,8
DA:36,8
DA:41,8
DA:45,5
DA:46,2
DA:53,3
DA:55,3
DA:57,3
DA:59,3
DA:75,6
DA:77,6
DA:79,2
DA:82,4
DA:84,4
DA:86,4
DA:91,4
DA:95,2
DA:96,2
DA:97,2
DA:101,2
LF:26
LH:26
BRDA:16,0,0,1
BRDA:16,0,1,9
BRDA:24,1,0,1
BRDA:24,1,1,8
BRDA:45,2,0,2
BRDA:45,2,1,3
BRDA:45,3,0,5
BRDA:45,3,1,4
BRDA:77,4,0,2
BRDA:77,4,1,4
BRDA:77,5,0,6
BRDA:77,5,1,5
BRDA:95,6,0,2
BRDA:95,6,1,0
BRF:14
BRH:13
end_of_record
TN:
SF:src\middleware\errorHandler.ts
FN:8,errorHandler
FN:28,(anonymous_1)
FNF:2
FNH:2
FNDA:10,errorHandler
FNDA:1,(anonymous_1)
DA:14,10
DA:23,10
DA:24,3
DA:28,1
DA:37,7
DA:38,3
DA:45,4
LF:7
LH:7
BRDA:23,0,0,3
BRDA:23,0,1,7
BRDA:27,1,0,3
BRDA:27,1,1,1
BRDA:37,2,0,3
BRDA:37,2,1,4
BRDA:37,3,0,7
BRDA:37,3,1,3
BRDA:39,4,0,3
BRDA:39,4,1,1
BRDA:47,5,0,1
BRDA:47,5,1,3
BRF:12
BRH:12
end_of_record
TN:
SF:src\middleware\rate-limit.ts
FN:75,rateLimitMiddleware
FN:85,(anonymous_1)
FN:94,(anonymous_2)
FN:133,strictRateLimitConfig
FN:153,burstRateLimitConfig
FN:174,noRateLimitConfig
FN:195,statsRateLimitConfig
FN:215,aiRateLimitConfig
FN:235,aiChatRateLimitConfig
FNF:9
FNH:9
FNDA:5,rateLimitMiddleware
FNDA:2,(anonymous_1)
FNDA:1,(anonymous_2)
FNDA:1,strictRateLimitConfig
FNDA:1,burstRateLimitConfig
FNDA:1,noRateLimitConfig
FNDA:93,statsRateLimitConfig
FNDA:2,aiRateLimitConfig
FNDA:1,aiChatRateLimitConfig
DA:15,4
DA:24,4
DA:33,4
DA:43,4
DA:53,4
DA:62,4
DA:78,5
DA:86,2
DA:87,1
DA:90,1
DA:95,1
DA:134,1
DA:154,1
DA:175,1
DA:196,93
DA:216,2
DA:236,1
LF:17
LH:17
BRDA:86,0,0,1
BRDA:86,0,1,1
BRDA:86,1,0,2
BRDA:86,1,1,1
BRF:4
BRH:4
end_of_record
TN:
SF:src\middleware\rbac.ts
FN:15,withRolePermission
FN:16,(anonymous_1)
FN:65,requirePermission
FN:74,(anonymous_3)
FN:89,requireRole
FNF:5
FNH:5
FNDA:48,withRolePermission
FNDA:15,(anonymous_1)
FNDA:5,requirePermission
FNDA:9,(anonymous_3)
FNDA:2,requireRole
DA:16,48
DA:17,15
DA:18,1
DA:24,14
DA:25,5
DA:35,5
DA:41,9
DA:53,2
DA:70,5
DA:71,5
DA:74,9
DA:77,5
DA:78,3
DA:81,2
DA:90,2
LF:15
LH:15
BRDA:17,0,0,1
BRDA:17,0,1,14
BRDA:24,1,0,5
BRDA:24,1,1,9
BRDA:77,2,0,3
BRDA:77,2,1,2
BRF:6
BRH:6
end_of_record
TN:
SF:src\middleware\sanitize.ts
FN:21,sanitizeString
FN:42,stripHtml
FN:56,sanitizeForLike
FN:76,sanitizeObject
FN:83,(anonymous_4)
FN:112,sanitizeEmail
FN:135,sanitizeUrl
FN:159,truncate
FN:176,removeControlChars
FN:191,normalizeWhitespace
FNF:10
FNH:10
FNDA:12,sanitizeString
FNDA:5,stripHtml
FNDA:5,sanitizeForLike
FNDA:8,sanitizeObject
FNDA:3,(anonymous_4)
FNDA:5,sanitizeEmail
FNDA:7,sanitizeUrl
FNDA:4,truncate
FNDA:5,removeControlChars
FNDA:5,normalizeWhitespace
DA:22,12
DA:43,5
DA:57,5
DA:77,8
DA:79,8
DA:80,9
DA:81,3
DA:82,6
DA:83,2
DA:84,3
DA:85,2
DA:87,1
DA:88,1
DA:90,0
DA:92,4
DA:93,1
DA:95,3
DA:99,8
DA:113,5
DA:116,5
DA:117,5
DA:118,3
DA:121,2
DA:136,7
DA:137,7
DA:140,7
DA:141,3
DA:144,3
DA:146,1
DA:160,4
DA:161,2
DA:163,2
DA:178,5
DA:192,5
LF:34
LH:33
BRDA:80,0,0,3
BRDA:80,0,1,6
BRDA:82,1,0,2
BRDA:82,1,1,4
BRDA:84,2,0,2
BRDA:84,2,1,1
BRDA:87,3,0,1
BRDA:87,3,1,0
BRDA:87,4,0,1
BRDA:87,4,1,1
BRDA:92,5,0,1
BRDA:92,5,1,3
BRDA:92,6,0,4
BRDA:92,6,1,2
BRDA:117,7,0,3
BRDA:117,7,1,2
BRDA:140,8,0,3
BRDA:140,8,1,4
BRDA:160,9,0,2
BRDA:160,9,1,2
BRF:20
BRH:19
end_of_record
TN:
SF:src\middleware\security-headers.ts
FN:14,securityHeaders
FN:17,(anonymous_1)
FN:62,strictSecurityHeaders
FN:82,getHSTSHeader
FNF:4
FNH:4
FNDA:7,securityHeaders
FNDA:7,(anonymous_1)
FNDA:3,strictSecurityHeaders
FNDA:4,getHSTSHeader
DA:15,7
DA:19,7
DA:22,7
DA:25,7
DA:28,7
DA:31,7
DA:38,7
DA:39,6
DA:67,3
DA:68,3
DA:69,3
DA:72,3
DA:75,3
DA:84,4
LF:14
LH:14
BRDA:38,0,0,6
BRDA:38,0,1,1
BRF:2
BRH:2
end_of_record
TN:
SF:src\middleware\tenant.ts
FN:16,tenantMiddleware
FN:75,requireTenantId
FNF:2
FNH:2
FNDA:12,tenantMiddleware
FNDA:3,requireTenantId
DA:21,12
DA:22,1
DA:28,11
DA:32,11
DA:47,9
DA:48,1
DA:55,8
DA:56,8
DA:58,8
DA:63,2
DA:64,2
DA:76,3
DA:77,2
DA:81,2
DA:83,1
LF:15
LH:15
BRDA:21,0,0,1
BRDA:21,0,1,11
BRDA:47,1,0,1
BRDA:47,1,1,8
BRDA:76,2,0,2
BRDA:76,2,1,1
BRF:6
BRH:6
end_of_record
TN:
SF:src\middleware\validation.ts
FN:8,validateBody
FN:9,(anonymous_1)
FN:18,(anonymous_2)
FN:33,validateQuery
FN:34,(anonymous_4)
FN:42,(anonymous_5)
FN:57,validateParams
FN:58,(anonymous_7)
FN:66,(anonymous_8)
FN:81,validateResponse
FNF:10
FNH:10
FNDA:5,validateBody
FNDA:5,(anonymous_1)
FNDA:4,(anonymous_2)
FNDA:2,validateQuery
FNDA:2,(anonymous_4)
FNDA:1,(anonymous_5)
FNDA:2,validateParams
FNDA:2,(anonymous_7)
FNDA:1,(anonymous_8)
FNDA:2,validateResponse
DA:9,5
DA:10,5
DA:12,5
DA:14,3
DA:15,2
DA:18,4
DA:25,1
DA:34,2
DA:35,2
DA:36,2
DA:38,1
DA:39,1
DA:42,1
DA:49,0
DA:58,2
DA:59,2
DA:60,2
DA:62,1
DA:63,1
DA:66,1
DA:73,0
DA:82,2
LF:22
LH:20
BRDA:14,0,0,2
BRDA:14,0,1,1
BRDA:38,1,0,1
BRDA:38,1,1,0
BRDA:62,2,0,1
BRDA:62,2,1,0
BRF:6
BRH:4
end_of_record
TN:
SF:src\middleware\withPermission.ts
FN:26,withPermission
FN:47,withRole
FN:70,combineHandlers
FNF:3
FNH:3
FNDA:2,withPermission
FNDA:10,withRole
FNDA:3,combineHandlers
DA:31,2
DA:50,10
DA:73,3
DA:83,2
DA:88,2
DA:93,2
DA:98,2
LF:7
LH:7
BRF:0
BRH:0
end_of_record
